1571035920485	geckodriver	INFO	Listening on 127.0.0.1:50773
1571035923613	mozprofile::profile	INFO	Using profile path C:\Users\80649~1.LAP\AppData\Local\Temp\rust_mozprofile.TrF34s6rJ9aV
1571035923643	geckodriver::marionette	INFO	Starting browser C:\Program Files\Mozilla Firefox\firefox.exe with args []
1571035923693	geckodriver::marionette	INFO	Connecting to Marionette on localhost:50786
[GFX1]: Potential driver version mismatch ignored due to missing DLLs 0.0.0.0 and 0.0.0.0
1571035924440	Marionette	INFO	Listening on port 50786
[GFX1]: Potential driver version mismatch ignored due to missing DLLs 0.0.0.0 and 0.0.0.0
JavaScript error: https://ss1.bdstatic.com/5eN1bjq8AAUYm2zgoY3K/r/www/cache/static/protocol/https/plugins/every_cookie_4644b13.js, line 4: ReferenceError: c is not defined
[Child 2256] WARNING: pipe error: 109: file c:/builds/moz2_slave/m-rel-w64-00000000000000000000/build/src/ipc/chromium/src/chrome/common/ipc_channel_win.cc, line 346
[Child 2256] WAR1571036093124	geckodriver	INFO	Listening on 127.0.0.1:51056
1571036096254	mozprofile::profile	INFO	Using profile path C:\Users\80649~1.LAP\AppData\Local\Temp\rust_mozprofile.Eccuuh7fEOhY
1571036096280	geckodriver::marionette	INFO	Starting browser C:\Program Files\Mozilla Firefox\firefox.exe with args []
1571036096334	geckodriver::marionette	INFO	Connecting to Marionette on localhost:51064
[GFX1]: Potential driver version mismatch ignored due to missing DLLs 0.0.0.0 and 0.0.0.0
1571036097053	Marionette	INFO	Listening on port 51064
[GFX1]: Potential driver version mismatch ignored due to missing DLLs 0.0.0.0 and 0.0.0.0
[Child 12340] WARNING: pipe error: 109: file c:/builds/moz2_slave/m-rel-w64-00000000000000000000/build/src/ipc/chromium/src/chrome/common/ipc_channel_win.cc, line 346
[Child 12340] WA1571036200601	geckodriver::marionette	ERROR	Failed to kill browser process
ozprofile::profile	INFO	Using profile path C:\Users\80649~1.LAP\AppData\Local\Temp\rust_mozprofile.B1AUzjK2LolG
1571036137881	geckodriver::marionette	INFO	Starting browser C:\Program Files\Mozilla Firefox\firefox.exe with args []
1571036137935	geckodriver::marionette	INFO	Connecting to Marionette on localhost:51172
[GFX1]: Potential driver version mismatch ignored due to missing DLLs 0.0.0.0 and 0.0.0.0
1571036138644	Marionette	INFO	Listening on port 51172
[GFX1]: Potential driver version mismatch ignored due to missing DLLs 0.0.0.0 and 0.0.0.0
[Child 10072] WARNING: pipe error: 109: file c:/builds/moz2_slave/m-rel-w64-00000000000000000000/build/src/ipc/chromium/src/chrome/common/ipc_channel_win.cc, line 346
[Child 100721571036242892	geckodriver::marionette	ERROR	Failed to kill browser process
1571036536523	geckodriver	INFO	Listening on 127.0.0.1:51405
1571036539614	mozprofile::profile	INFO	Using profile path C:\Users\80649~1.LAP\AppData\Local\Temp\rust_mozprofile.NZ9TDUPlqGxu
1571036539649	geckodriver::marionette	INFO	Starting browser C:\Program Files\Mozilla Firefox\firefox.exe with args []
1571036539704	geckodriver::marionette	INFO	Connecting to Marionette on localhost:51416
[GFX1]: Potential driver version mismatch ignored due to missing DLLs 0.0.0.0 and 0.0.0.0
1571036540389	Marionette	INFO	Listening on port 51416
[GFX1]: Potential driver version mismatch ignored due to missing DLLs 0.0.0.0 and 0.0.0.0
[Child 13096] WARNING: pipe error: 109: file c:/builds/moz2_slave/m-rel-w64-00000000000000000000/build/src/ipc/chromium/src/chrome/common/ipc_channel_win.cc, line 346
[Child 13096] WARN1571036744572	geckodriver	INFO	Listening on 127.0.0.1:51529
1571036747701	mozprofile::profile	INFO	Using profile path C:\Users\80649~1.LAP\AppData\Local\Temp\rust_mozprofile.ehNbqQYesJVA
1571036747728	geckodriver::marionette	INFO	Starting browser C:\Program Files\Mozilla Firefox\firefox.exe with args []
1571036747782	geckodriver::marionette	INFO	Connecting to Marionette on localhost:51537
[GFX1]: Potential driver version mismatch ignored due to missing DLLs 0.0.0.0 and 0.0.0.0
1571036748478	Marionette	INFO	Listening on port 51537
[GFX1]: Potential driver version mismatch ignored due to missing DLLs 0.0.0.0 and 0.0.0.0
JavaScript error: chrome://marionette/content/listener.js, line 870: TypeError: can't access dead object
1571040934448	mozrunner::runner	INFO	Running command: "C:\\Program Files\\Mozilla Firefox\\firefox.exe" "-marionette" "-foreground" "-no-remote" "-profile" "C:\\Users\\80649~1.LAP\\AppData\\Local\\Temp\\rust_mozprofile38hVDN"
1571040934954	addons.webextension.screenshots@mozilla.org	WARN	Loading extension 'screenshots@mozilla.org': Reading manifest: Invalid extension permission: mozillaAddons
1571040934954	addons.webextension.screenshots@mozilla.org	WARN	Loading extension 'screenshots@mozilla.org': Reading manifest: Invalid extension permission: telemetry
1571040934954	addons.webextension.screenshots@mozilla.org	WARN	Loading extension 'screenshots@mozilla.org': Reading manifest: Invalid extension permission: resource://pdf.js/
1571040934954	addons.webextension.screenshots@mozilla.org	WARN	Loading extension 'screenshots@mozilla.org': Reading manifest: Invalid extension permission: about:reader*
JavaScript error: resource://gre/modules/XULStore.jsm, line 66: Error: Can't find profile directory.
1571040937027	Marionette	INFO	Listening on port 50959
1571040937182	Marionette	WARN	TLS certificate errors will be ignored for this session
[Child 4988, Chrome_ChildThread] WARNING: pipe error: 109: file [zC:h/task_157064008i3ld 3544, Chrome_Chi/build/src/ipc/chromium/src/chrome/common/ipc_ldThread] WARNING: pipe error: 109: file z:/task_1570640083/build/src/ipc/chromium/src/chrome/common/ipc_channel_win.cc, line 341
c[Chhannel_win.cc, line 341
[Child 4988[Parent 3124, Gecko_IOThread] WARNING: pipe error: 109: file z:/task_1570640083/build/src/ipc/chromium/src/chrome/common/ipc_channel_win.cc, line 341
[Child 5772, Chrome_ChildThread] WARNING: pipe error: 109: file z:/task_1570640083/build/src/ipc/chromium/src/chrome/common/ipc_channel_win.cc, line 341
[Child 1571040960507	Marionette	INFO	Stopped listening on port 50959

###!!! [Child][RunMessage] Error: Channel closing: too late to send/recv, messages will be lost

[GPU 1832, Ch
###!!! [Child][MessageChannel::SendAndWait] Error: Channel error: cannot send/recv

1571040976385	mozrunner::runner	INFO	Running command: "C:\\Program Files\\Mozilla Firefox\\firefox.exe" "-marionette" "-foreground" "-no-remote" "-profile" "C:\\Users\\80649~1.LAP\\AppData\\Local\\Temp\\rust_mozprofiled74mRS"
1571040976843	addons.webextension.screenshots@mozilla.org	WARN	Loading extension 'screenshots@mozilla.org': Reading manifest: Invalid extension permission: mozillaAddons
1571040976843	addons.webextension.screenshots@mozilla.org	WARN	Loading extension 'screenshots@mozilla.org': Reading manifest: Invalid extension permission: telemetry
1571040976843	addons.webextension.screenshots@mozilla.org	WARN	Loading extension 'screenshots@mozilla.org': Reading manifest: Invalid extension permission: resource://pdf.js/
1571040976843	addons.webextension.screenshots@mozilla.org	WARN	Loading extension 'screenshots@mozilla.org': Reading manifest: Invalid extension permission: about:reader*
JavaScript error: resource://gre/modules/XULStore.jsm, line 66: Error: Can't find profile directory.
1571040978638	Marionette	INFO	Listening on port 51058
1571040978652	Marionette	WARN	TLS certificate errors will be ignored for this session
[Parent 5740, Gecko_IOThread] WARNING: pipe error: 109: file z:/task_1570640083/build/src/ipc/chromium/src/chrome/common/ipc_channel_win.cc, line 341
[Child 2012, Chrome_ChildThread] WARNING: pipe error: 109: file z:/task_1570640083/build/src/ipc/chromium/src/chrome/common/ipc_channel_win.cc, line 341
[Child 201571040984128	Marionette	INFO	Stopped listening on port 51058
[GPU 974
###!!! [Child][MessageChannel::SendAndWait] Error: Channel error: cannot send/recv

1571040999778	mozrunner::runner	INFO	Running command: "C:\\Program Files\\Mozilla Firefox\\firefox.exe" "-marionette" "-foreground" "-no-remote" "-profile" "C:\\Users\\80649~1.LAP\\AppData\\Local\\Temp\\rust_mozprofileSu91Cu"
1571041000219	addons.webextension.screenshots@mozilla.org	WARN	Loading extension 'screenshots@mozilla.org': Reading manifest: Invalid extension permission: mozillaAddons
1571041000219	addons.webextension.screenshots@mozilla.org	WARN	Loading extension 'screenshots@mozilla.org': Reading manifest: Invalid extension permission: telemetry
1571041000219	addons.webextension.screenshots@mozilla.org	WARN	Loading extension 'screenshots@mozilla.org': Reading manifest: Invalid extension permission: resource://pdf.js/
1571041000219	addons.webextension.screenshots@mozilla.org	WARN	Loading extension 'screenshots@mozilla.org': Reading manifest: Invalid extension permission: about:reader*
JavaScript error: resource://gre/modules/XULStore.jsm, line 66: Error: Can't find profile directory.
1571041001803	Marionette	INFO	Listening on port 51109
1571041001931	Marionette	WARN	TLS certificate errors will be ignored for this session
[Parent 9580, Gecko_IOThread] WARNING: pipe error: 109: file z:/task_1570640083/build/src/ipc/chromium/src/chrome/common/ipc_channel_win.cc, line 341
[Child 10756, Chrome_ChildThread] WARNING:[ Child 1708, Chrome_ChildThread] WARNING: pipe error: 109: file z:/taspki_pe err1570640083/build/src/ipc/cohrromium/src/chrome/common/ipc_channel_win.cc, line 341
: 109: file z:/task_1570640083/build/src/ipc/chromium/src/chrome/common/ipc_channel_win.cc, line 341
[Child[Parent 9580, Gecko_IOThread] WARNING: pipe error: 109: file z:/task_1570640083/build/src/ipc/chromium/src/chrome/common/ipc_channel_win.cc, line 341
[Child 3496, Chrome_ChildThread] WARNING: pipe error: 109: file z:/task_1570640083/build/src/ipc/chromium/src/chrome/common/ipc_channel_win.cc, line 341
[Child 1571041028492	Marionette	INFO	Stopped listening on port 51109
[GPU 11588
###!!! [Child][RunMessage] Error: Channel closing: too late to send/recv, messages will be lost


###!!! [Child][MessageChannel::SendAndWait] Error: Channel error: cannot send/recv

1571042084050	mozrunner::runner	INFO	Running command: "C:\\Program Files\\Mozilla Firefox\\firefox.exe" "-marionette" "-foreground" "-no-remote" "-profile" "C:\\Users\\80649~1.LAP\\AppData\\Local\\Temp\\rust_mozprofilerJKMNN"
1571042084484	addons.webextension.screenshots@mozilla.org	WARN	Loading extension 'screenshots@mozilla.org': Reading manifest: Invalid extension permission: mozillaAddons
1571042084484	addons.webextension.screenshots@mozilla.org	WARN	Loading extension 'screenshots@mozilla.org': Reading manifest: Invalid extension permission: telemetry
1571042084484	addons.webextension.screenshots@mozilla.org	WARN	Loading extension 'screenshots@mozilla.org': Reading manifest: Invalid extension permission: resource://pdf.js/
1571042084484	addons.webextension.screenshots@mozilla.org	WARN	Loading extension 'screenshots@mozilla.org': Reading manifest: Invalid extension permission: about:reader*
JavaScript error: resource://gre/modules/XULStore.jsm, line 66: Error: Can't find profile directory.
1571042086083	Marionette	INFO	Listening on port 49956
1571042086220	Marionette	WARN	TLS certificate errors will be ignored for this session
1571042088452	Marionette	WARN	TimedPromise timed out after 500 ms: stacktrace:
bail@chrome://marionette/content/sync.js:237:64
1571042091656	Marionette	INFO	Stopped listening on port 49956
JavaScript error: resource://gre/modules/UrlClassifierListManager.jsm, line 680: TypeError: this.tablesData[table] is undefined
[Parent 9704, Gecko_IOThread] WARNING: pipe error: 109: file z:/task_1570640083/build/src/ipc/chromium/src/chrome/common/ipc_channel_win.cc, line 341
[Parent 9704, Gecko_IOThread] WARNING: pipe error: 109: file z:/task_1570640083/build/src/ipc/chromium/src/chrome/common/ipc_channel_win.cc, line 341
[Child 6408, Chrome_ChildThread] WARNING: pipe error: 109: file z:/task_1570640083/build/src/ipc/chromium/src/chrome/common/ipc_channel_win.cc, line 341
[Child 6408, C[Parent 9704, Gecko_IOThread] WARNING: pipe error: 109: file z:/task_1570640083/build/src/ipc/chromium/src/chrome/common/ipc_channel_win.cc, line 341
[Child 10388, Chrome_ChildThread] WARNING: pipe error: 109: file z:/task_1570640083/build/src/ipc/chromium/src/chrome/common/ipc_channel_win.cc, line 341
[Child 103
###!!! [Child][RunMessage] Error: Channel closing: too late to send/recv, messages will be lost

[
###!!! [Child][MessageChannel::SendAndWait] Error: Channel error: cannot send/recv

1571042242975	mozrunner::runner	INFO	Running command: "C:\\Program Files\\Mozilla Firefox\\firefox.exe" "-marionette" "-foreground" "-no-remote" "-profile" "C:\\Users\\80649~1.LAP\\AppData\\Local\\Temp\\rust_mozprofileibwiWL"
1571042243440	addons.webextension.screenshots@mozilla.org	WARN	Loading extension 'screenshots@mozilla.org': Reading manifest: Invalid extension permission: mozillaAddons
1571042243441	addons.webextension.screenshots@mozilla.org	WARN	Loading extension 'screenshots@mozilla.org': Reading manifest: Invalid extension permission: telemetry
1571042243441	addons.webextension.screenshots@mozilla.org	WARN	Loading extension 'screenshots@mozilla.org': Reading manifest: Invalid extension permission: resource://pdf.js/
1571042243441	addons.webextension.screenshots@mozilla.org	WARN	Loading extension 'screenshots@mozilla.org': Reading manifest: Invalid extension permission: about:reader*
JavaScript error: resource://gre/modules/XULStore.jsm, line 66: Error: Can't find profile directory.
1571042245272	Marionette	INFO	Listening on port 50239
1571042245714	Marionette	WARN	TLS certificate errors will be ignored for this session
1571042251672	Marionette	INFO	Stopped listening on port 50239
[Child 1076, Chrome_ChildThread] WARNING: pipe error: 109: file z:/task_1570640083/build/src/ipc/chromium/src/chrome/common/ipc_channel_win.cc, line 341
[Child 1[Child 1356, Chrome_ChildThread] WARNING: pipe error: 109: file z:/task_1570640083/build/src/ipc/chromium/src/chrome/common/ipc_channel_win.cc, line 341
[Child 1[Parent 10784, Gecko_IOThread] WARNING: pipe error: 109: file z:/task_1570640083/build/src/ipc/chromium/src/chrome/common/ipc_channel_win.cc, line 341
[Child 9484, Chrome_ChildThread] WARNING: pipe error: 109: file z:/task_1570640083/build/src/ipc/chromium/src/chrome/common/ipc_channel_win.cc, line 341
[Child 9484, Chrome[GPU 3444,
###!!! [Child][RunMessage] Error: Channel closing: too late to send/recv, messages will be lost


###!!! [Child][MessageChannel::SendAndWait] Error: Channel error: cannot send/recv

1571042272707	mozrunner::runner	INFO	Running command: "C:\\Program Files\\Mozilla Firefox\\firefox.exe" "-marionette" "-foreground" "-no-remote" "-profile" "C:\\Users\\80649~1.LAP\\AppData\\Local\\Temp\\rust_mozprofileYjK8UY"
1571042273165	addons.webextension.screenshots@mozilla.org	WARN	Loading extension 'screenshots@mozilla.org': Reading manifest: Invalid extension permission: mozillaAddons
1571042273165	addons.webextension.screenshots@mozilla.org	WARN	Loading extension 'screenshots@mozilla.org': Reading manifest: Invalid extension permission: telemetry
1571042273165	addons.webextension.screenshots@mozilla.org	WARN	Loading extension 'screenshots@mozilla.org': Reading manifest: Invalid extension permission: resource://pdf.js/
1571042273165	addons.webextension.screenshots@mozilla.org	WARN	Loading extension 'screenshots@mozilla.org': Reading manifest: Invalid extension permission: about:reader*
JavaScript error: resource://gre/modules/XULStore.jsm, line 66: Error: Can't find profile directory.
1571042275049	Marionette	INFO	Listening on port 50342
1571042275488	Marionette	WARN	TLS certificate errors will be ignored for this session
1571042280594	Marionette	INFO	Stopped listening on port 50342
[Child 3612, Chrome_ChildThread] WARNING: pipe error: 109: file z:/task_1570640083/build/src/ipc/chromium/src/chrome/common/ipc_channel_win.cc, line 341
[Child 3612[Parent 4472, Gecko_IOThread] WARNING: pipe error: 109: file z:/task_1570640083/build/src/ipc/chromium/src/chrome/common/ipc_channel_win.cc, line 341
[Child 9808, Chrome_ChildThread] WARNING: pipe error: 109: file z:/task_1570640083/build/src/ipc/chromium/src/chrome/common/ipc_channel_win.cc, line 341
[Child [GPU 1624, C