2019-11-11 15:30:03,616 - basepage - INFO - 桔梗软件站自动化测试开始
2019-11-11 15:30:03,618 - basepage - INFO - 隐性等待10秒
2019-11-11 15:30:04,451 - basepage - INFO - 跳转至http://soft.jiegeng.com/
2019-11-11 15:30:05,567 - basepage - INFO - 窗口已经最大化
2019-11-11 15:30:07,247 - basepage - INFO - 软件下载中心、最安全的软件资源下载点击成功
2019-11-11 15:30:09,380 - basepage - INFO - 加速器搜索成功
2019-11-11 15:30:12,017 - basepage - INFO - 搜索_加速器_软件下载中心点击成功
2019-11-11 15:30:14,177 - basepage - INFO - Click back on current page.
2019-11-11 15:30:14,380 - basepage - INFO - 软件下载中心、最安全的软件资源下载点击成功
2019-11-11 15:30:16,652 - basepage - INFO - 【视频软件】排行榜_【视频软件】哪个好_软件下载中心点击成功
2019-11-11 15:30:18,849 - basepage - INFO - 【视频软件】排行榜_【视频软件】哪个好_软件下载中心点击成功
2019-11-11 15:30:21,075 - basepage - INFO - 【音乐软件】排行榜_【音乐软件】哪个好_软件下载中心点击成功
2019-11-11 15:30:23,482 - basepage - INFO - 【系统工具】排行榜_【系统工具】哪个好_软件下载中心点击成功
2019-11-11 15:30:25,688 - basepage - INFO - 【下载工具】排行榜_【下载工具】哪个好_软件下载中心点击成功
2019-11-11 15:30:28,752 - basepage - INFO - 【办公软件】排行榜_【办公软件】哪个好_软件下载中心点击成功
2019-11-11 15:30:31,120 - basepage - INFO - 【手机数码】排行榜_【手机数码】哪个好_软件下载中心点击成功
2019-11-11 15:30:33,364 - basepage - INFO - 【输入法】排行榜_【输入法】哪个好_软件下载中心点击成功
2019-11-11 15:30:35,547 - basepage - INFO - 【图形图像】排行榜_【图形图像】哪个好_软件下载中心点击成功
2019-11-11 15:30:37,974 - basepage - INFO - 【股票网银】排行榜_【股票网银】哪个好_软件下载中心点击成功
2019-11-11 15:30:40,178 - basepage - INFO - 【阅读翻译】排行榜_【阅读翻译】哪个好_软件下载中心点击成功
2019-11-11 15:30:42,636 - basepage - INFO - 【网络应用】排行榜_【网络应用】哪个好_软件下载中心点击成功
2019-11-11 15:30:44,886 - basepage - INFO - 【主题壁纸】排行榜_【主题壁纸】哪个好_软件下载中心点击成功
2019-11-11 15:30:47,085 - basepage - INFO - 【教育学习】排行榜_【教育学习】哪个好_软件下载中心点击成功
2019-11-11 15:30:49,297 - basepage - INFO - 【压缩刻录】排行榜_【压缩刻录】哪个好_软件下载中心点击成功
2019-11-11 15:30:51,616 - basepage - INFO - 【编程开发】排行榜_【编程开发】哪个好_软件下载中心点击成功
2019-11-11 15:30:53,833 - basepage - INFO - 【行业软件】排行榜_【行业软件】哪个好_软件下载中心点击成功
2019-11-11 15:30:56,152 - basepage - INFO - 【其他软件】排行榜_【其他软件】哪个好_软件下载中心点击成功
2019-11-11 15:30:58,492 - basepage - INFO - 【游戏娱乐】排行榜_【游戏娱乐】哪个好_软件下载中心点击成功
2019-11-11 15:31:00,834 - basepage - INFO - 【浏览器】排行榜_【浏览器】哪个好_软件下载中心点击成功
2019-11-11 15:31:03,120 - basepage - INFO - 【聊天工具】排行榜_【聊天工具】哪个好_软件下载中心点击成功
2019-11-11 15:31:05,320 - basepage - INFO - 【保驾护航】排行榜_【保驾护航】哪个好_软件下载中心点击成功
2019-11-11 15:31:08,073 - basepage - INFO - 软件下载中心、最安全的软件资源下载点击成功
2019-11-11 15:31:11,159 - basepage - INFO - 完美世界免费下载_完美世界免费版_完美世界-桔梗下载站打开成功
2019-11-11 15:31:12,142 - basepage - INFO - 稿定设计电脑版免费下载_稿定设计电脑版免费版_稿定设计电脑版-桔梗下载站点击成功
2019-11-11 15:31:12,524 - basepage - INFO - 软件下载中心、最安全的软件资源下载点击成功
2019-11-11 15:31:12,951 - basepage - INFO - Click back on current page.
2019-11-11 15:31:13,012 - basepage - INFO - 腾讯视频搜索成功
2019-11-11 15:31:13,106 - basepage - INFO - 稿定设计电脑版免费下载_稿定设计电脑版免费版_稿定设计电脑版-桔梗下载站点击成功
2019-11-11 15:31:34,344 - basepage - INFO - 稿定设计电脑版免费下载_稿定设计电脑版免费版_稿定设计电脑版-桔梗下载站点击成功
2019-11-11 15:31:34,807 - basepage - INFO - 稿定设计电脑版免费下载_稿定设计电脑版免费版_稿定设计电脑版-桔梗下载站点击成功
2019-11-11 15:31:35,923 - basepage - INFO - 稿定设计电脑版免费下载_稿定设计电脑版免费版_稿定设计电脑版-桔梗下载站点击成功
2019-11-11 15:31:37,045 - basepage - INFO - 稿定设计电脑版免费下载_稿定设计电脑版免费版_稿定设计电脑版-桔梗下载站点击成功
2019-11-11 15:31:38,113 - basepage - INFO - 稿定设计电脑版免费下载_稿定设计电脑版免费版_稿定设计电脑版-桔梗下载站点击成功
2019-11-11 15:31:39,195 - basepage - INFO - 稿定设计电脑版免费下载_稿定设计电脑版免费版_稿定设计电脑版-桔梗下载站点击成功
2019-11-11 15:31:40,267 - basepage - INFO - 稿定设计电脑版免费下载_稿定设计电脑版免费版_稿定设计电脑版-桔梗下载站点击成功
2019-11-11 15:31:41,341 - basepage - INFO - 稿定设计电脑版免费下载_稿定设计电脑版免费版_稿定设计电脑版-桔梗下载站点击成功
2019-11-11 15:31:42,481 - basepage - INFO - 稿定设计电脑版免费下载_稿定设计电脑版免费版_稿定设计电脑版-桔梗下载站点击成功
2019-11-11 15:31:43,546 - basepage - INFO - 稿定设计电脑版免费下载_稿定设计电脑版免费版_稿定设计电脑版-桔梗下载站点击成功
2019-11-11 15:31:48,976 - basepage - INFO - 稿定设计电脑版免费下载_稿定设计电脑版免费版_稿定设计电脑版-桔梗下载站点击成功
2019-11-11 15:31:50,064 - basepage - INFO - 稿定设计电脑版免费下载_稿定设计电脑版免费版_稿定设计电脑版-桔梗下载站点击成功
2019-11-11 15:31:51,193 - basepage - INFO - 稿定设计电脑版免费下载_稿定设计电脑版免费版_稿定设计电脑版-桔梗下载站点击成功
2019-11-11 15:31:52,270 - basepage - INFO - 稿定设计电脑版免费下载_稿定设计电脑版免费版_稿定设计电脑版-桔梗下载站点击成功
2019-11-11 15:31:53,344 - basepage - INFO - 稿定设计电脑版免费下载_稿定设计电脑版免费版_稿定设计电脑版-桔梗下载站点击成功
2019-11-11 15:31:54,438 - basepage - INFO - 稿定设计电脑版免费下载_稿定设计电脑版免费版_稿定设计电脑版-桔梗下载站点击成功
2019-11-11 15:31:55,524 - basepage - INFO - 稿定设计电脑版免费下载_稿定设计电脑版免费版_稿定设计电脑版-桔梗下载站点击成功
2019-11-11 15:31:56,604 - basepage - INFO - 稿定设计电脑版免费下载_稿定设计电脑版免费版_稿定设计电脑版-桔梗下载站点击成功
2019-11-11 15:31:57,638 - basepage - INFO - 稿定设计电脑版免费下载_稿定设计电脑版免费版_稿定设计电脑版-桔梗下载站点击成功
2019-11-11 15:31:58,721 - basepage - INFO - 稿定设计电脑版免费下载_稿定设计电脑版免费版_稿定设计电脑版-桔梗下载站点击成功
2019-11-11 15:31:59,801 - basepage - INFO - 稿定设计电脑版免费下载_稿定设计电脑版免费版_稿定设计电脑版-桔梗下载站点击成功
2019-11-11 15:32:00,911 - basepage - INFO - 稿定设计电脑版免费下载_稿定设计电脑版免费版_稿定设计电脑版-桔梗下载站点击成功
2019-11-11 15:32:02,006 - basepage - INFO - 稿定设计电脑版免费下载_稿定设计电脑版免费版_稿定设计电脑版-桔梗下载站点击成功
2019-11-11 15:32:03,143 - basepage - INFO - 稿定设计电脑版免费下载_稿定设计电脑版免费版_稿定设计电脑版-桔梗下载站点击成功
2019-11-11 15:32:04,224 - basepage - INFO - 稿定设计电脑版免费下载_稿定设计电脑版免费版_稿定设计电脑版-桔梗下载站点击成功
2019-11-11 15:32:05,311 - basepage - INFO - 稿定设计电脑版免费下载_稿定设计电脑版免费版_稿定设计电脑版-桔梗下载站点击成功
2019-11-11 15:32:06,391 - basepage - INFO - 稿定设计电脑版免费下载_稿定设计电脑版免费版_稿定设计电脑版-桔梗下载站点击成功
2019-11-11 15:32:07,477 - basepage - INFO - 稿定设计电脑版免费下载_稿定设计电脑版免费版_稿定设计电脑版-桔梗下载站点击成功
2019-11-11 15:32:08,558 - basepage - INFO - 稿定设计电脑版免费下载_稿定设计电脑版免费版_稿定设计电脑版-桔梗下载站点击成功
2019-11-11 15:32:09,663 - basepage - INFO - 稿定设计电脑版免费下载_稿定设计电脑版免费版_稿定设计电脑版-桔梗下载站点击成功
2019-11-11 15:32:10,750 - basepage - INFO - 稿定设计电脑版免费下载_稿定设计电脑版免费版_稿定设计电脑版-桔梗下载站点击成功
2019-11-11 15:32:11,828 - basepage - INFO - 稿定设计电脑版免费下载_稿定设计电脑版免费版_稿定设计电脑版-桔梗下载站点击成功
2019-11-11 15:32:12,933 - basepage - INFO - 稿定设计电脑版免费下载_稿定设计电脑版免费版_稿定设计电脑版-桔梗下载站点击成功
2019-11-11 15:32:14,043 - basepage - INFO - 稿定设计电脑版免费下载_稿定设计电脑版免费版_稿定设计电脑版-桔梗下载站点击成功
2019-11-11 15:32:15,165 - basepage - INFO - 稿定设计电脑版免费下载_稿定设计电脑版免费版_稿定设计电脑版-桔梗下载站点击成功
2019-11-11 15:32:16,212 - basepage - INFO - 稿定设计电脑版免费下载_稿定设计电脑版免费版_稿定设计电脑版-桔梗下载站点击成功
2019-11-11 15:32:16,297 - basepage - INFO - 稿定设计电脑版免费下载_稿定设计电脑版免费版_稿定设计电脑版-桔梗下载站点击成功
2019-11-11 15:32:16,484 - basepage - INFO - 稿定设计电脑版免费下载_稿定设计电脑版免费版_稿定设计电脑版-桔梗下载站点击成功
2019-11-11 15:32:16,670 - basepage - INFO - 稿定设计电脑版免费下载_稿定设计电脑版免费版_稿定设计电脑版-桔梗下载站点击成功
2019-11-11 15:32:16,996 - basepage - INFO - 稿定设计电脑版免费下载_稿定设计电脑版免费版_稿定设计电脑版-桔梗下载站点击成功
2019-11-11 15:32:17,152 - basepage - INFO - 酷我音乐点击成功
2019-11-11 15:32:17,814 - basepage - INFO - 稿定设计电脑版免费下载_稿定设计电脑版免费版_稿定设计电脑版-桔梗下载站点击成功
2019-11-11 15:32:19,826 - basepage - INFO - 好图看看点击成功
2019-11-11 15:32:20,204 - basepage - INFO - 稿定设计电脑版免费下载_稿定设计电脑版免费版_稿定设计电脑版-桔梗下载站点击成功
2019-11-11 15:32:22,220 - basepage - INFO - 迅雷点击成功
2019-11-11 15:32:22,460 - basepage - INFO - 稿定设计电脑版免费下载_稿定设计电脑版免费版_稿定设计电脑版-桔梗下载站点击成功
2019-11-11 15:32:24,475 - basepage - INFO - 风行影音点击成功
2019-11-11 15:32:25,030 - basepage - INFO - 稿定设计电脑版免费下载_稿定设计电脑版免费版_稿定设计电脑版-桔梗下载站点击成功
2019-11-11 15:32:27,045 - basepage - INFO - 虎牙直播点击成功
2019-11-11 15:32:27,304 - basepage - INFO - 稿定设计电脑版免费下载_稿定设计电脑版免费版_稿定设计电脑版-桔梗下载站点击成功
2019-11-11 15:32:29,317 - basepage - INFO - 传奇霸业点击成功
2019-11-11 15:32:29,843 - basepage - INFO - 稿定设计电脑版免费下载_稿定设计电脑版免费版_稿定设计电脑版-桔梗下载站点击成功
2019-11-11 15:32:31,866 - basepage - INFO - 软件介绍
人气软件
下载地址点击成功
2019-11-11 15:32:32,131 - basepage - INFO - 稿定设计电脑版免费下载_稿定设计电脑版免费版_稿定设计电脑版-桔梗下载站点击成功
2019-11-11 15:32:34,131 - 桔梗软件站详情页 - INFO - id="mtab"点击成功
2019-11-11 15:32:34,154 - basepage - INFO - 稿定设计电脑版点击成功
2019-11-11 15:32:34,385 - basepage - INFO - 稿定设计电脑版免费下载_稿定设计电脑版免费版_稿定设计电脑版-桔梗下载站点击成功
2019-11-11 15:32:36,396 - basepage - INFO - 代练通点击成功
2019-11-11 15:32:36,664 - basepage - INFO - 稿定设计电脑版免费下载_稿定设计电脑版免费版_稿定设计电脑版-桔梗下载站点击成功
2019-11-11 15:32:38,680 - basepage - INFO - 益盟操盘手点击成功
2019-11-11 15:32:38,926 - basepage - INFO - 稿定设计电脑版免费下载_稿定设计电脑版免费版_稿定设计电脑版-桔梗下载站点击成功
2019-11-11 15:32:40,944 - basepage - INFO - DTS音效大师点击成功
2019-11-11 15:32:41,215 - basepage - INFO - 稿定设计电脑版免费下载_稿定设计电脑版免费版_稿定设计电脑版-桔梗下载站点击成功
2019-11-11 15:32:43,230 - basepage - INFO - 芒果TV点击成功
2019-11-11 15:32:43,553 - basepage - INFO - 稿定设计电脑版免费下载_稿定设计电脑版免费版_稿定设计电脑版-桔梗下载站点击成功
2019-11-11 15:32:45,567 - basepage - INFO - 钉钉点击成功
2019-11-11 15:32:45,820 - basepage - INFO - 稿定设计电脑版免费下载_稿定设计电脑版免费版_稿定设计电脑版-桔梗下载站点击成功
2019-11-11 15:32:47,835 - basepage - INFO - 艺赛旗RPA点击成功
2019-11-11 15:32:48,075 - basepage - INFO - 稿定设计电脑版免费下载_稿定设计电脑版免费版_稿定设计电脑版-桔梗下载站点击成功
2019-11-11 15:32:50,076 - 桔梗软件站详情页 - INFO - id="jrgx"点击成功
2019-11-11 15:32:50,102 - basepage - INFO - 电信高速下载点击成功
2019-11-11 15:32:50,369 - basepage - INFO - 稿定设计电脑版免费下载_稿定设计电脑版免费版_稿定设计电脑版-桔梗下载站点击成功
2019-11-11 15:32:52,380 - basepage - INFO - 联通高速下载点击成功
2019-11-11 15:32:52,628 - basepage - INFO - 稿定设计电脑版免费下载_稿定设计电脑版免费版_稿定设计电脑版-桔梗下载站点击成功
2019-11-11 15:32:54,643 - basepage - INFO - 移动高速下载点击成功
2019-11-11 15:32:54,877 - basepage - INFO - 稿定设计电脑版免费下载_稿定设计电脑版免费版_稿定设计电脑版-桔梗下载站点击成功
2019-11-11 15:32:56,878 - 桔梗软件站详情页 - INFO - id="download"点击成功
2019-11-11 15:32:56,908 - basepage - INFO - 乐播投屏点击成功
2019-11-11 15:32:57,202 - basepage - INFO - 稿定设计电脑版免费下载_稿定设计电脑版免费版_稿定设计电脑版-桔梗下载站点击成功
2019-11-11 15:32:59,215 - basepage - INFO - 代练通点击成功
2019-11-11 15:32:59,462 - basepage - INFO - 稿定设计电脑版免费下载_稿定设计电脑版免费版_稿定设计电脑版-桔梗下载站点击成功
2019-11-11 15:33:01,474 - basepage - INFO - 租号玩点击成功
2019-11-11 15:33:01,737 - basepage - INFO - 稿定设计电脑版免费下载_稿定设计电脑版免费版_稿定设计电脑版-桔梗下载站点击成功
2019-11-11 15:33:03,752 - basepage - INFO - 闪电侠鼠标连点器点击成功
2019-11-11 15:33:04,003 - basepage - INFO - 稿定设计电脑版免费下载_稿定设计电脑版免费版_稿定设计电脑版-桔梗下载站点击成功
2019-11-11 15:33:06,017 - basepage - INFO - 网易MUMU点击成功
2019-11-11 15:33:06,598 - basepage - INFO - 稿定设计电脑版免费下载_稿定设计电脑版免费版_稿定设计电脑版-桔梗下载站点击成功
2019-11-11 15:33:08,610 - basepage - INFO - 保卫萝卜3（电脑版）点击成功
2019-11-11 15:33:08,860 - basepage - INFO - 稿定设计电脑版免费下载_稿定设计电脑版免费版_稿定设计电脑版-桔梗下载站点击成功
2019-11-11 15:33:10,876 - basepage - INFO - 影音先锋点击成功
2019-11-11 15:33:11,138 - basepage - INFO - 稿定设计电脑版免费下载_稿定设计电脑版免费版_稿定设计电脑版-桔梗下载站点击成功
2019-11-11 15:33:13,153 - basepage - INFO - 看图纸 DwgSee Plus点击成功
2019-11-11 15:33:13,409 - basepage - INFO - 稿定设计电脑版免费下载_稿定设计电脑版免费版_稿定设计电脑版-桔梗下载站点击成功
2019-11-11 15:33:15,423 - basepage - INFO - 金山词霸点击成功
2019-11-11 15:33:15,652 - basepage - INFO - 稿定设计电脑版免费下载_稿定设计电脑版免费版_稿定设计电脑版-桔梗下载站点击成功
2019-11-11 15:33:17,668 - basepage - INFO - 优酷客户端点击成功
2019-11-11 15:33:17,915 - basepage - INFO - 稿定设计电脑版免费下载_稿定设计电脑版免费版_稿定设计电脑版-桔梗下载站点击成功
2019-11-11 15:33:19,916 - 桔梗软件站详情页 - INFO - id="xgd"点击成功
2019-11-11 15:33:19,939 - basepage - INFO - 稿定设计电脑版点击成功
2019-11-11 15:33:20,186 - basepage - INFO - 稿定设计电脑版免费下载_稿定设计电脑版免费版_稿定设计电脑版-桔梗下载站点击成功
2019-11-11 15:33:22,201 - basepage - INFO - 代练通点击成功
2019-11-11 15:33:22,456 - basepage - INFO - 稿定设计电脑版免费下载_稿定设计电脑版免费版_稿定设计电脑版-桔梗下载站点击成功
2019-11-11 15:33:24,468 - basepage - INFO - 益盟操盘手点击成功
2019-11-11 15:33:24,702 - basepage - INFO - 稿定设计电脑版免费下载_稿定设计电脑版免费版_稿定设计电脑版-桔梗下载站点击成功
2019-11-11 15:33:26,720 - basepage - INFO - DTS音效大师点击成功
2019-11-11 15:33:27,004 - basepage - INFO - 稿定设计电脑版免费下载_稿定设计电脑版免费版_稿定设计电脑版-桔梗下载站点击成功
2019-11-11 15:33:29,022 - basepage - INFO - 芒果TV点击成功
2019-11-11 15:33:29,289 - basepage - INFO - 稿定设计电脑版免费下载_稿定设计电脑版免费版_稿定设计电脑版-桔梗下载站点击成功
2019-11-11 15:33:31,301 - basepage - INFO - 钉钉点击成功
2019-11-11 15:33:31,546 - basepage - INFO - 稿定设计电脑版免费下载_稿定设计电脑版免费版_稿定设计电脑版-桔梗下载站点击成功
2019-11-11 15:33:33,561 - basepage - INFO - 艺赛旗RPA点击成功
2019-11-11 15:33:33,797 - basepage - INFO - 稿定设计电脑版免费下载_稿定设计电脑版免费版_稿定设计电脑版-桔梗下载站点击成功
2019-11-11 15:33:35,811 - basepage - INFO - 希沃白板点击成功
2019-11-11 15:33:36,057 - basepage - INFO - 稿定设计电脑版免费下载_稿定设计电脑版免费版_稿定设计电脑版-桔梗下载站点击成功
2019-11-11 15:33:38,071 - basepage - INFO - 艾奇KTV电子相册点击成功
2019-11-11 15:33:38,308 - basepage - INFO - 稿定设计电脑版免费下载_稿定设计电脑版免费版_稿定设计电脑版-桔梗下载站点击成功
2019-11-11 15:33:40,322 - basepage - INFO - WPS Office点击成功
2019-11-11 15:33:40,577 - basepage - INFO - 稿定设计电脑版免费下载_稿定设计电脑版免费版_稿定设计电脑版-桔梗下载站点击成功
2019-11-11 15:33:42,590 - basepage - INFO - QQ浏览器点击成功
2019-11-11 15:33:42,830 - basepage - INFO - 稿定设计电脑版免费下载_稿定设计电脑版免费版_稿定设计电脑版-桔梗下载站点击成功
2019-11-11 15:33:44,844 - basepage - INFO - QQ游戏大厅点击成功
2019-11-11 15:33:45,101 - basepage - INFO - 稿定设计电脑版免费下载_稿定设计电脑版免费版_稿定设计电脑版-桔梗下载站点击成功
2019-11-11 15:33:47,118 - basepage - INFO - 酷家乐3D室内装修设计软件点击成功
2019-11-11 15:33:47,362 - basepage - INFO - 稿定设计电脑版免费下载_稿定设计电脑版免费版_稿定设计电脑版-桔梗下载站点击成功
2019-11-11 15:33:49,378 - basepage - INFO - 迅雷9正式版点击成功
2019-11-11 15:33:49,639 - basepage - INFO - 稿定设计电脑版免费下载_稿定设计电脑版免费版_稿定设计电脑版-桔梗下载站点击成功
2019-11-11 15:33:51,654 - basepage - INFO - QQ音乐点击成功
2019-11-11 15:33:51,904 - basepage - INFO - 稿定设计电脑版免费下载_稿定设计电脑版免费版_稿定设计电脑版-桔梗下载站点击成功
2019-11-11 15:33:53,919 - basepage - INFO - 隐身侠点击成功
2019-11-11 15:33:54,170 - basepage - INFO - 稿定设计电脑版免费下载_稿定设计电脑版免费版_稿定设计电脑版-桔梗下载站点击成功
2019-11-11 15:33:56,186 - basepage - INFO - Desktopcal桌面日历点击成功
2019-11-11 15:33:56,420 - basepage - INFO - 稿定设计电脑版免费下载_稿定设计电脑版免费版_稿定设计电脑版-桔梗下载站点击成功
2019-11-11 15:33:58,433 - basepage - INFO - steam游戏助手点击成功
2019-11-11 15:33:58,690 - basepage - INFO - 稿定设计电脑版免费下载_稿定设计电脑版免费版_稿定设计电脑版-桔梗下载站点击成功
2019-11-11 15:34:00,704 - basepage - INFO - 简单课堂3.41.10.1902点击成功
2019-11-11 15:34:00,976 - basepage - INFO - 稿定设计电脑版免费下载_稿定设计电脑版免费版_稿定设计电脑版-桔梗下载站点击成功
2019-11-11 15:34:02,992 - basepage - INFO - 友益文书点击成功
2019-11-11 15:34:03,266 - basepage - INFO - 稿定设计电脑版免费下载_稿定设计电脑版免费版_稿定设计电脑版-桔梗下载站点击成功
2019-11-11 15:34:05,268 - 桔梗软件站详情页 - INFO - id="reci"点击成功
2019-11-11 15:34:05,292 - basepage - INFO - 稿定设计电脑版点击成功
2019-11-11 15:34:05,550 - basepage - INFO - 稿定设计电脑版免费下载_稿定设计电脑版免费版_稿定设计电脑版-桔梗下载站点击成功
2019-11-11 15:34:07,560 - basepage - INFO - 代练通点击成功
2019-11-11 15:34:07,811 - basepage - INFO - 稿定设计电脑版免费下载_稿定设计电脑版免费版_稿定设计电脑版-桔梗下载站点击成功
2019-11-11 15:34:09,822 - basepage - INFO - 益盟操盘手点击成功
2019-11-11 15:34:10,070 - basepage - INFO - 稿定设计电脑版免费下载_稿定设计电脑版免费版_稿定设计电脑版-桔梗下载站点击成功
2019-11-11 15:34:12,085 - basepage - INFO - DTS音效大师点击成功
2019-11-11 15:34:12,344 - basepage - INFO - 稿定设计电脑版免费下载_稿定设计电脑版免费版_稿定设计电脑版-桔梗下载站点击成功
2019-11-11 15:34:14,355 - basepage - INFO - 芒果TV点击成功
2019-11-11 15:34:14,617 - basepage - INFO - 稿定设计电脑版免费下载_稿定设计电脑版免费版_稿定设计电脑版-桔梗下载站点击成功
2019-11-11 15:34:16,632 - basepage - INFO - 钉钉点击成功
2019-11-11 15:34:16,881 - basepage - INFO - 稿定设计电脑版免费下载_稿定设计电脑版免费版_稿定设计电脑版-桔梗下载站点击成功
2019-11-11 15:34:18,898 - basepage - INFO - 艺赛旗RPA点击成功
2019-11-11 15:34:19,159 - basepage - INFO - 稿定设计电脑版免费下载_稿定设计电脑版免费版_稿定设计电脑版-桔梗下载站点击成功
2019-11-11 15:34:21,173 - basepage - INFO - 希沃白板点击成功
2019-11-11 15:34:21,432 - basepage - INFO - 稿定设计电脑版免费下载_稿定设计电脑版免费版_稿定设计电脑版-桔梗下载站点击成功
2019-11-11 15:34:23,445 - basepage - INFO - 艾奇KTV电子相册点击成功
2019-11-11 15:34:23,717 - basepage - INFO - 稿定设计电脑版免费下载_稿定设计电脑版免费版_稿定设计电脑版-桔梗下载站点击成功
2019-11-11 15:34:25,730 - basepage - INFO - WPS Office点击成功
2019-11-11 15:34:25,997 - basepage - INFO - 稿定设计电脑版免费下载_稿定设计电脑版免费版_稿定设计电脑版-桔梗下载站点击成功
2019-11-11 15:34:27,998 - 桔梗软件站详情页 - INFO - id="recomc"点击成功
2019-11-11 15:34:28,312 - basepage - INFO - 桔梗软件站自动化测试结束
2019-11-11 15:34:28,312 - basepage - INFO - 当前浏览器版本:75.0.3770.142
