2019-11-11 15:25:38,180 - basepage - INFO - 桔梗软件站自动化测试开始
2019-11-11 15:25:38,181 - basepage - INFO - 隐性等待10秒
2019-11-11 15:25:39,010 - basepage - INFO - 跳转至http://soft.jiegeng.com/
2019-11-11 15:25:40,139 - basepage - INFO - 窗口已经最大化
2019-11-11 15:25:42,596 - basepage - INFO - 稿定设计电脑版免费下载_稿定设计电脑版免费版_稿定设计电脑版-桔梗下载站点击成功
2019-11-11 15:25:43,006 - basepage - INFO - 软件下载中心、最安全的软件资源下载点击成功
2019-11-11 15:25:45,138 - basepage - INFO - Click back on current page.
2019-11-11 15:25:45,229 - basepage - INFO - 腾讯视频搜索成功
2019-11-11 15:25:45,306 - basepage - INFO - 稿定设计电脑版免费下载_稿定设计电脑版免费版_稿定设计电脑版-桔梗下载站点击成功
2019-11-11 15:26:06,537 - basepage - INFO - 稿定设计电脑版免费下载_稿定设计电脑版免费版_稿定设计电脑版-桔梗下载站点击成功
2019-11-11 15:26:06,927 - basepage - INFO - 稿定设计电脑版免费下载_稿定设计电脑版免费版_稿定设计电脑版-桔梗下载站点击成功
2019-11-11 15:26:08,012 - basepage - INFO - 稿定设计电脑版免费下载_稿定设计电脑版免费版_稿定设计电脑版-桔梗下载站点击成功
2019-11-11 15:26:09,106 - basepage - INFO - 稿定设计电脑版免费下载_稿定设计电脑版免费版_稿定设计电脑版-桔梗下载站点击成功
2019-11-11 15:26:10,180 - basepage - INFO - 稿定设计电脑版免费下载_稿定设计电脑版免费版_稿定设计电脑版-桔梗下载站点击成功
2019-11-11 15:26:11,283 - basepage - INFO - 稿定设计电脑版免费下载_稿定设计电脑版免费版_稿定设计电脑版-桔梗下载站点击成功
2019-11-11 15:26:12,355 - basepage - INFO - 稿定设计电脑版免费下载_稿定设计电脑版免费版_稿定设计电脑版-桔梗下载站点击成功
2019-11-11 15:26:13,435 - basepage - INFO - 稿定设计电脑版免费下载_稿定设计电脑版免费版_稿定设计电脑版-桔梗下载站点击成功
2019-11-11 15:26:14,510 - basepage - INFO - 稿定设计电脑版免费下载_稿定设计电脑版免费版_稿定设计电脑版-桔梗下载站点击成功
2019-11-11 15:26:15,555 - basepage - INFO - 稿定设计电脑版免费下载_稿定设计电脑版免费版_稿定设计电脑版-桔梗下载站点击成功
2019-11-11 15:26:16,630 - basepage - INFO - 稿定设计电脑版免费下载_稿定设计电脑版免费版_稿定设计电脑版-桔梗下载站点击成功
2019-11-11 15:26:17,710 - basepage - INFO - 稿定设计电脑版免费下载_稿定设计电脑版免费版_稿定设计电脑版-桔梗下载站点击成功
2019-11-11 15:26:18,789 - basepage - INFO - 稿定设计电脑版免费下载_稿定设计电脑版免费版_稿定设计电脑版-桔梗下载站点击成功
2019-11-11 15:26:19,862 - basepage - INFO - 稿定设计电脑版免费下载_稿定设计电脑版免费版_稿定设计电脑版-桔梗下载站点击成功
2019-11-11 15:26:20,950 - basepage - INFO - 稿定设计电脑版免费下载_稿定设计电脑版免费版_稿定设计电脑版-桔梗下载站点击成功
2019-11-11 15:26:22,032 - basepage - INFO - 稿定设计电脑版免费下载_稿定设计电脑版免费版_稿定设计电脑版-桔梗下载站点击成功
2019-11-11 15:26:23,111 - basepage - INFO - 稿定设计电脑版免费下载_稿定设计电脑版免费版_稿定设计电脑版-桔梗下载站点击成功
2019-11-11 15:26:24,179 - basepage - INFO - 稿定设计电脑版免费下载_稿定设计电脑版免费版_稿定设计电脑版-桔梗下载站点击成功
2019-11-11 15:26:25,230 - basepage - INFO - 稿定设计电脑版免费下载_稿定设计电脑版免费版_稿定设计电脑版-桔梗下载站点击成功
2019-11-11 15:26:26,308 - basepage - INFO - 稿定设计电脑版免费下载_稿定设计电脑版免费版_稿定设计电脑版-桔梗下载站点击成功
2019-11-11 15:26:27,382 - basepage - INFO - 稿定设计电脑版免费下载_稿定设计电脑版免费版_稿定设计电脑版-桔梗下载站点击成功
2019-11-11 15:26:28,456 - basepage - INFO - 稿定设计电脑版免费下载_稿定设计电脑版免费版_稿定设计电脑版-桔梗下载站点击成功
2019-11-11 15:26:29,534 - basepage - INFO - 稿定设计电脑版免费下载_稿定设计电脑版免费版_稿定设计电脑版-桔梗下载站点击成功
2019-11-11 15:26:30,611 - basepage - INFO - 稿定设计电脑版免费下载_稿定设计电脑版免费版_稿定设计电脑版-桔梗下载站点击成功
2019-11-11 15:26:31,743 - basepage - INFO - 稿定设计电脑版免费下载_稿定设计电脑版免费版_稿定设计电脑版-桔梗下载站点击成功
2019-11-11 15:26:32,831 - basepage - INFO - 稿定设计电脑版免费下载_稿定设计电脑版免费版_稿定设计电脑版-桔梗下载站点击成功
