2019-11-11 15:13:51,715 - basepage - INFO - 桔梗软件站自动化测试开始
2019-11-11 15:13:51,715 - basepage - INFO - 隐性等待10秒
2019-11-11 15:13:52,406 - basepage - INFO - 跳转至http://soft.jiegeng.com/
2019-11-11 15:13:53,542 - basepage - INFO - 窗口已经最大化
2019-11-11 15:13:55,492 - basepage - INFO - 软件下载中心、最安全的软件资源下载点击成功
2019-11-11 15:13:57,631 - basepage - INFO - 加速器搜索成功
2019-11-11 15:14:00,197 - basepage - INFO - 搜索_加速器_软件下载中心点击成功
2019-11-11 15:14:02,385 - basepage - INFO - Click back on current page.
2019-11-11 15:14:02,586 - basepage - INFO - 软件下载中心、最安全的软件资源下载点击成功
2019-11-11 15:14:04,850 - basepage - INFO - 【视频软件】排行榜_【视频软件】哪个好_软件下载中心点击成功
2019-11-11 15:14:07,074 - basepage - INFO - 【视频软件】排行榜_【视频软件】哪个好_软件下载中心点击成功
2019-11-11 15:14:09,450 - basepage - INFO - 【音乐软件】排行榜_【音乐软件】哪个好_软件下载中心点击成功
2019-11-11 15:14:11,670 - basepage - INFO - 【系统工具】排行榜_【系统工具】哪个好_软件下载中心点击成功
2019-11-11 15:14:13,944 - basepage - INFO - 【下载工具】排行榜_【下载工具】哪个好_软件下载中心点击成功
2019-11-11 15:14:16,156 - basepage - INFO - 【办公软件】排行榜_【办公软件】哪个好_软件下载中心点击成功
2019-11-11 15:14:18,566 - basepage - INFO - 【手机数码】排行榜_【手机数码】哪个好_软件下载中心点击成功
2019-11-11 15:14:21,021 - basepage - INFO - 【输入法】排行榜_【输入法】哪个好_软件下载中心点击成功
2019-11-11 15:14:23,338 - basepage - INFO - 【图形图像】排行榜_【图形图像】哪个好_软件下载中心点击成功
2019-11-11 15:14:25,619 - basepage - INFO - 【股票网银】排行榜_【股票网银】哪个好_软件下载中心点击成功
2019-11-11 15:14:28,882 - basepage - INFO - 【阅读翻译】排行榜_【阅读翻译】哪个好_软件下载中心点击成功
2019-11-11 15:14:31,188 - basepage - INFO - 【网络应用】排行榜_【网络应用】哪个好_软件下载中心点击成功
2019-11-11 15:14:33,442 - basepage - INFO - 【主题壁纸】排行榜_【主题壁纸】哪个好_软件下载中心点击成功
2019-11-11 15:14:35,671 - basepage - INFO - 【教育学习】排行榜_【教育学习】哪个好_软件下载中心点击成功
2019-11-11 15:14:37,942 - basepage - INFO - 【压缩刻录】排行榜_【压缩刻录】哪个好_软件下载中心点击成功
2019-11-11 15:14:40,230 - basepage - INFO - 【编程开发】排行榜_【编程开发】哪个好_软件下载中心点击成功
2019-11-11 15:14:42,546 - basepage - INFO - 【行业软件】排行榜_【行业软件】哪个好_软件下载中心点击成功
2019-11-11 15:14:44,857 - basepage - INFO - 【其他软件】排行榜_【其他软件】哪个好_软件下载中心点击成功
2019-11-11 15:14:47,114 - basepage - INFO - 【游戏娱乐】排行榜_【游戏娱乐】哪个好_软件下载中心点击成功
2019-11-11 15:14:49,394 - basepage - INFO - 【浏览器】排行榜_【浏览器】哪个好_软件下载中心点击成功
2019-11-11 15:14:51,681 - basepage - INFO - 【聊天工具】排行榜_【聊天工具】哪个好_软件下载中心点击成功
2019-11-11 15:14:53,895 - basepage - INFO - 【保驾护航】排行榜_【保驾护航】哪个好_软件下载中心点击成功
2019-11-11 15:14:56,115 - basepage - INFO - 软件下载中心、最安全的软件资源下载点击成功
2019-11-11 15:14:59,194 - basepage - INFO - 完美世界免费下载_完美世界免费版_完美世界-桔梗下载站打开成功
2019-11-11 15:14:59,850 - basepage - INFO - 稿定设计电脑版免费下载_稿定设计电脑版免费版_稿定设计电脑版-桔梗下载站点击成功
