2019-11-11 15:12:07,779 - basepage - INFO - 桔梗软件站自动化测试开始
2019-11-11 15:12:07,779 - basepage - INFO - 隐性等待10秒
2019-11-11 15:12:08,459 - basepage - INFO - 跳转至http://soft.jiegeng.com/
2019-11-11 15:12:09,592 - basepage - INFO - 窗口已经最大化
2019-11-11 15:12:11,156 - basepage - INFO - 软件下载中心、最安全的软件资源下载点击成功
2019-11-11 15:12:14,511 - basepage - INFO - 软件下载中心、最安全的软件资源下载点击成功
2019-11-11 15:12:14,917 - basepage - INFO - Click back on current page.
2019-11-11 15:12:15,008 - basepage - INFO - 腾讯视频搜索成功
2019-11-11 15:12:15,076 - basepage - INFO - 完美世界免费下载_完美世界免费版_完美世界-桔梗下载站点击成功
2019-11-11 15:12:36,252 - basepage - INFO - 完美世界免费下载_完美世界免费版_完美世界-桔梗下载站点击成功
2019-11-11 15:12:36,913 - basepage - INFO - 完美世界免费下载_完美世界免费版_完美世界-桔梗下载站点击成功
2019-11-11 15:12:38,066 - basepage - INFO - 完美世界免费下载_完美世界免费版_完美世界-桔梗下载站点击成功
2019-11-11 15:12:39,183 - basepage - INFO - 完美世界免费下载_完美世界免费版_完美世界-桔梗下载站点击成功
2019-11-11 15:12:40,252 - basepage - INFO - 完美世界免费下载_完美世界免费版_完美世界-桔梗下载站点击成功
2019-11-11 15:12:41,348 - basepage - INFO - 完美世界免费下载_完美世界免费版_完美世界-桔梗下载站点击成功
2019-11-11 15:12:42,419 - basepage - INFO - 完美世界免费下载_完美世界免费版_完美世界-桔梗下载站点击成功
2019-11-11 15:12:43,491 - basepage - INFO - 完美世界免费下载_完美世界免费版_完美世界-桔梗下载站点击成功
2019-11-11 15:12:44,565 - basepage - INFO - 完美世界免费下载_完美世界免费版_完美世界-桔梗下载站点击成功
2019-11-11 15:12:45,611 - basepage - INFO - 完美世界免费下载_完美世界免费版_完美世界-桔梗下载站点击成功
2019-11-11 15:12:46,693 - basepage - INFO - 完美世界免费下载_完美世界免费版_完美世界-桔梗下载站点击成功
2019-11-11 15:12:47,799 - basepage - INFO - 完美世界免费下载_完美世界免费版_完美世界-桔梗下载站点击成功
2019-11-11 15:12:48,881 - basepage - INFO - 完美世界免费下载_完美世界免费版_完美世界-桔梗下载站点击成功
2019-11-11 15:12:49,951 - basepage - INFO - 完美世界免费下载_完美世界免费版_完美世界-桔梗下载站点击成功
2019-11-11 15:12:51,059 - basepage - INFO - 完美世界免费下载_完美世界免费版_完美世界-桔梗下载站点击成功
2019-11-11 15:12:52,152 - basepage - INFO - 完美世界免费下载_完美世界免费版_完美世界-桔梗下载站点击成功
