2019-11-11 15:27:01,359 - basepage - INFO - 桔梗软件站自动化测试开始
2019-11-11 15:27:01,359 - basepage - INFO - 隐性等待10秒
2019-11-11 15:27:02,711 - basepage - INFO - 跳转至http://soft.jiegeng.com/
2019-11-11 15:27:03,833 - basepage - INFO - 窗口已经最大化
2019-11-11 15:27:05,747 - basepage - INFO - 软件下载中心、最安全的软件资源下载点击成功
2019-11-11 15:27:07,881 - basepage - INFO - 加速器搜索成功
2019-11-11 15:27:10,383 - basepage - INFO - 搜索_加速器_软件下载中心点击成功
2019-11-11 15:27:12,563 - basepage - INFO - Click back on current page.
2019-11-11 15:27:12,713 - basepage - INFO - 软件下载中心、最安全的软件资源下载点击成功
2019-11-11 15:27:15,274 - basepage - INFO - 【视频软件】排行榜_【视频软件】哪个好_软件下载中心点击成功
2019-11-11 15:27:17,455 - basepage - INFO - 【视频软件】排行榜_【视频软件】哪个好_软件下载中心点击成功
2019-11-11 15:27:19,653 - basepage - INFO - 【音乐软件】排行榜_【音乐软件】哪个好_软件下载中心点击成功
2019-11-11 15:27:21,925 - basepage - INFO - 【系统工具】排行榜_【系统工具】哪个好_软件下载中心点击成功
2019-11-11 15:27:24,140 - basepage - INFO - 【下载工具】排行榜_【下载工具】哪个好_软件下载中心点击成功
2019-11-11 15:27:26,412 - basepage - INFO - 【办公软件】排行榜_【办公软件】哪个好_软件下载中心点击成功
2019-11-11 15:27:28,639 - basepage - INFO - 【手机数码】排行榜_【手机数码】哪个好_软件下载中心点击成功
2019-11-11 15:27:30,853 - basepage - INFO - 【输入法】排行榜_【输入法】哪个好_软件下载中心点击成功
2019-11-11 15:27:33,037 - basepage - INFO - 【图形图像】排行榜_【图形图像】哪个好_软件下载中心点击成功
2019-11-11 15:27:35,257 - basepage - INFO - 【股票网银】排行榜_【股票网银】哪个好_软件下载中心点击成功
2019-11-11 15:27:37,451 - basepage - INFO - 【阅读翻译】排行榜_【阅读翻译】哪个好_软件下载中心点击成功
2019-11-11 15:27:39,649 - basepage - INFO - 【网络应用】排行榜_【网络应用】哪个好_软件下载中心点击成功
2019-11-11 15:27:41,994 - basepage - INFO - 【主题壁纸】排行榜_【主题壁纸】哪个好_软件下载中心点击成功
2019-11-11 15:27:44,192 - basepage - INFO - 【教育学习】排行榜_【教育学习】哪个好_软件下载中心点击成功
2019-11-11 15:27:46,413 - basepage - INFO - 【压缩刻录】排行榜_【压缩刻录】哪个好_软件下载中心点击成功
2019-11-11 15:27:48,682 - basepage - INFO - 【编程开发】排行榜_【编程开发】哪个好_软件下载中心点击成功
2019-11-11 15:27:50,894 - basepage - INFO - 【行业软件】排行榜_【行业软件】哪个好_软件下载中心点击成功
2019-11-11 15:27:53,142 - basepage - INFO - 【其他软件】排行榜_【其他软件】哪个好_软件下载中心点击成功
2019-11-11 15:27:55,424 - basepage - INFO - 【游戏娱乐】排行榜_【游戏娱乐】哪个好_软件下载中心点击成功
2019-11-11 15:27:57,660 - basepage - INFO - 【浏览器】排行榜_【浏览器】哪个好_软件下载中心点击成功
2019-11-11 15:28:00,190 - basepage - INFO - 【聊天工具】排行榜_【聊天工具】哪个好_软件下载中心点击成功
2019-11-11 15:28:02,484 - basepage - INFO - 【保驾护航】排行榜_【保驾护航】哪个好_软件下载中心点击成功
2019-11-11 15:28:04,688 - basepage - INFO - 软件下载中心、最安全的软件资源下载点击成功
2019-11-11 15:28:07,781 - basepage - INFO - 完美世界免费下载_完美世界免费版_完美世界-桔梗下载站打开成功
2019-11-11 15:28:08,385 - basepage - INFO - 稿定设计电脑版免费下载_稿定设计电脑版免费版_稿定设计电脑版-桔梗下载站点击成功
2019-11-11 15:28:08,686 - basepage - INFO - 软件下载中心、最安全的软件资源下载点击成功
2019-11-11 15:28:09,164 - basepage - INFO - Click back on current page.
2019-11-11 15:28:09,222 - basepage - INFO - 腾讯视频搜索成功
2019-11-11 15:28:09,307 - basepage - INFO - 稿定设计电脑版免费下载_稿定设计电脑版免费版_稿定设计电脑版-桔梗下载站点击成功
2019-11-11 15:28:30,533 - basepage - INFO - 稿定设计电脑版免费下载_稿定设计电脑版免费版_稿定设计电脑版-桔梗下载站点击成功
2019-11-11 15:28:30,859 - basepage - INFO - 稿定设计电脑版免费下载_稿定设计电脑版免费版_稿定设计电脑版-桔梗下载站点击成功
2019-11-11 15:28:31,943 - basepage - INFO - 稿定设计电脑版免费下载_稿定设计电脑版免费版_稿定设计电脑版-桔梗下载站点击成功
2019-11-11 15:28:33,028 - basepage - INFO - 稿定设计电脑版免费下载_稿定设计电脑版免费版_稿定设计电脑版-桔梗下载站点击成功
2019-11-11 15:28:34,097 - basepage - INFO - 稿定设计电脑版免费下载_稿定设计电脑版免费版_稿定设计电脑版-桔梗下载站点击成功
2019-11-11 15:28:35,203 - basepage - INFO - 稿定设计电脑版免费下载_稿定设计电脑版免费版_稿定设计电脑版-桔梗下载站点击成功
2019-11-11 15:28:36,272 - basepage - INFO - 稿定设计电脑版免费下载_稿定设计电脑版免费版_稿定设计电脑版-桔梗下载站点击成功
2019-11-11 15:28:37,341 - basepage - INFO - 稿定设计电脑版免费下载_稿定设计电脑版免费版_稿定设计电脑版-桔梗下载站点击成功
2019-11-11 15:28:38,413 - basepage - INFO - 稿定设计电脑版免费下载_稿定设计电脑版免费版_稿定设计电脑版-桔梗下载站点击成功
2019-11-11 15:28:39,461 - basepage - INFO - 稿定设计电脑版免费下载_稿定设计电脑版免费版_稿定设计电脑版-桔梗下载站点击成功
2019-11-11 15:28:40,542 - basepage - INFO - 稿定设计电脑版免费下载_稿定设计电脑版免费版_稿定设计电脑版-桔梗下载站点击成功
2019-11-11 15:28:41,617 - basepage - INFO - 稿定设计电脑版免费下载_稿定设计电脑版免费版_稿定设计电脑版-桔梗下载站点击成功
2019-11-11 15:28:42,687 - basepage - INFO - 稿定设计电脑版免费下载_稿定设计电脑版免费版_稿定设计电脑版-桔梗下载站点击成功
2019-11-11 15:28:43,769 - basepage - INFO - 稿定设计电脑版免费下载_稿定设计电脑版免费版_稿定设计电脑版-桔梗下载站点击成功
