2019-11-11 15:21:07,781 - basepage - INFO - 桔梗软件站自动化测试开始
2019-11-11 15:21:07,781 - basepage - INFO - 隐性等待10秒
2019-11-11 15:21:33,268 - basepage - INFO - 桔梗软件站自动化测试开始
2019-11-11 15:21:33,268 - basepage - INFO - 隐性等待10秒
2019-11-11 15:21:34,162 - basepage - INFO - 跳转至http://soft.jiegeng.com/
2019-11-11 15:21:35,292 - basepage - INFO - 窗口已经最大化
2019-11-11 15:21:37,015 - basepage - INFO - 软件下载中心、最安全的软件资源下载点击成功
2019-11-11 15:21:39,156 - basepage - INFO - 加速器搜索成功
2019-11-11 15:21:41,767 - basepage - INFO - 搜索_加速器_软件下载中心点击成功
2019-11-11 15:21:43,957 - basepage - INFO - Click back on current page.
2019-11-11 15:21:44,142 - basepage - INFO - 软件下载中心、最安全的软件资源下载点击成功
2019-11-11 15:21:46,469 - basepage - INFO - 【视频软件】排行榜_【视频软件】哪个好_软件下载中心点击成功
2019-11-11 15:21:48,657 - basepage - INFO - 【视频软件】排行榜_【视频软件】哪个好_软件下载中心点击成功
2019-11-11 15:21:50,893 - basepage - INFO - 【音乐软件】排行榜_【音乐软件】哪个好_软件下载中心点击成功
2019-11-11 15:21:53,215 - basepage - INFO - 【系统工具】排行榜_【系统工具】哪个好_软件下载中心点击成功
2019-11-11 15:21:55,498 - basepage - INFO - 【下载工具】排行榜_【下载工具】哪个好_软件下载中心点击成功
2019-11-11 15:21:57,743 - basepage - INFO - 【办公软件】排行榜_【办公软件】哪个好_软件下载中心点击成功
2019-11-11 15:21:59,963 - basepage - INFO - 【手机数码】排行榜_【手机数码】哪个好_软件下载中心点击成功
2019-11-11 15:22:02,291 - basepage - INFO - 【输入法】排行榜_【输入法】哪个好_软件下载中心点击成功
2019-11-11 15:22:04,551 - basepage - INFO - 【图形图像】排行榜_【图形图像】哪个好_软件下载中心点击成功
2019-11-11 15:22:06,798 - basepage - INFO - 【股票网银】排行榜_【股票网银】哪个好_软件下载中心点击成功
2019-11-11 15:22:09,013 - basepage - INFO - 【阅读翻译】排行榜_【阅读翻译】哪个好_软件下载中心点击成功
2019-11-11 15:22:11,244 - basepage - INFO - 【网络应用】排行榜_【网络应用】哪个好_软件下载中心点击成功
2019-11-11 15:22:13,459 - basepage - INFO - 【主题壁纸】排行榜_【主题壁纸】哪个好_软件下载中心点击成功
2019-11-11 15:22:15,673 - basepage - INFO - 【教育学习】排行榜_【教育学习】哪个好_软件下载中心点击成功
2019-11-11 15:22:17,897 - basepage - INFO - 【压缩刻录】排行榜_【压缩刻录】哪个好_软件下载中心点击成功
2019-11-11 15:22:20,189 - basepage - INFO - 【编程开发】排行榜_【编程开发】哪个好_软件下载中心点击成功
2019-11-11 15:22:22,450 - basepage - INFO - 【行业软件】排行榜_【行业软件】哪个好_软件下载中心点击成功
2019-11-11 15:22:24,634 - basepage - INFO - 【其他软件】排行榜_【其他软件】哪个好_软件下载中心点击成功
2019-11-11 15:22:26,925 - basepage - INFO - 【游戏娱乐】排行榜_【游戏娱乐】哪个好_软件下载中心点击成功
2019-11-11 15:22:29,168 - basepage - INFO - 【浏览器】排行榜_【浏览器】哪个好_软件下载中心点击成功
2019-11-11 15:22:31,418 - basepage - INFO - 【聊天工具】排行榜_【聊天工具】哪个好_软件下载中心点击成功
2019-11-11 15:22:33,614 - basepage - INFO - 【保驾护航】排行榜_【保驾护航】哪个好_软件下载中心点击成功
2019-11-11 15:22:35,860 - basepage - INFO - 软件下载中心、最安全的软件资源下载点击成功
2019-11-11 15:22:38,935 - basepage - INFO - 完美世界免费下载_完美世界免费版_完美世界-桔梗下载站打开成功
2019-11-11 15:22:39,636 - basepage - INFO - 稿定设计电脑版免费下载_稿定设计电脑版免费版_稿定设计电脑版-桔梗下载站点击成功
