2019-10-17 13:13:19,628 - basepage - INFO - 营销6#模板自动化测试开始
2019-10-17 13:13:19,630 - basepage - INFO - 隐性等待10秒
2019-10-17 13:13:20,700 - basepage - INFO - 跳转至http://www.daque.cn/soft/655.html?tab=1745611
2019-10-17 13:13:21,821 - basepage - INFO - 窗口已经最大化
2019-10-17 13:13:25,266 - basepage - INFO - 快吧游戏
绿色软件免费下载点击成功
2019-10-17 13:13:25,624 - basepage - INFO - 点击成功
2019-10-17 13:13:26,699 - basepage - INFO - 下载点击成功
2019-10-17 13:13:27,786 - basepage - INFO - 点击成功
2019-10-17 13:13:28,868 - basepage - INFO - 下载点击成功
2019-10-17 13:13:29,945 - basepage - INFO - 点击成功
2019-10-17 13:13:31,024 - basepage - INFO - 下载点击成功
2019-10-17 13:13:32,102 - basepage - INFO - 点击成功
2019-10-17 13:13:33,189 - basepage - INFO - 下载点击成功
2019-10-17 13:13:34,242 - basepage - INFO - 点击成功
2019-10-17 13:13:35,322 - basepage - INFO - 点击成功
2019-10-17 13:13:36,404 - basepage - INFO - 下载点击成功
2019-10-17 13:13:37,484 - basepage - INFO - 点击成功
2019-10-17 13:13:38,560 - basepage - INFO - 下载点击成功
2019-10-17 13:13:39,639 - basepage - INFO - 点击成功
2019-10-17 13:13:40,719 - basepage - INFO - 下载点击成功
2019-10-17 13:13:41,797 - basepage - INFO - 点击成功
2019-10-17 13:13:42,876 - basepage - INFO - 下载点击成功
2019-10-17 13:13:43,930 - basepage - INFO - 点击成功
2019-10-17 13:13:45,009 - basepage - INFO - 点击成功
2019-10-17 13:13:46,091 - basepage - INFO - 下载点击成功
2019-10-17 13:13:47,180 - basepage - INFO - 点击成功
2019-10-17 13:13:48,259 - basepage - INFO - 下载点击成功
2019-10-17 13:13:49,337 - basepage - INFO - 点击成功
2019-10-17 13:13:50,418 - basepage - INFO - 下载点击成功
2019-10-17 13:13:51,498 - basepage - INFO - 点击成功
2019-10-17 13:13:52,578 - basepage - INFO - 下载点击成功
2019-10-17 13:13:53,660 - basepage - INFO - 点击成功
2019-10-17 13:13:54,757 - basepage - INFO - 下载点击成功
2019-10-17 13:13:55,835 - basepage - INFO - 点击成功
2019-10-17 13:13:56,914 - basepage - INFO - 下载点击成功
2019-10-17 13:13:57,996 - basepage - INFO - 点击成功
2019-10-17 13:13:59,074 - basepage - INFO - 下载点击成功
2019-10-17 13:14:00,149 - basepage - INFO - 点击成功
2019-10-17 13:14:01,235 - basepage - INFO - 下载点击成功
2019-10-17 13:14:02,289 - basepage - INFO - 点击成功
2019-10-17 13:14:02,364 - basepage - INFO - 绿色软件免费下载点击成功
2019-10-17 13:14:02,498 - basepage - INFO - 点击成功
2019-10-17 13:14:02,620 - basepage - INFO - 快吧游戏点击成功
2019-10-17 13:14:02,912 - basepage - INFO - 点击成功
2019-10-17 13:14:03,052 - basepage - INFO - 点击成功
2019-10-17 13:14:03,237 - basepage - INFO - 点击成功
2019-10-17 13:14:03,415 - basepage - INFO - 软件大小：256.91M点击成功
2019-10-17 13:14:03,833 - basepage - INFO - 点击成功
2019-10-17 13:14:03,969 - basepage - INFO - 软件授权：免费软件点击成功
2019-10-17 13:14:04,167 - basepage - INFO - 点击成功
2019-10-17 13:14:04,304 - basepage - INFO - 支持系统：xp/win7/win8/win10点击成功
2019-10-17 13:14:04,581 - basepage - INFO - 点击成功
2019-10-17 13:14:04,733 - basepage - INFO - 软件版本：官方最新版点击成功
2019-10-17 13:14:05,345 - basepage - INFO - 点击成功
2019-10-17 13:14:05,470 - basepage - INFO - 系统位数：32/64位点击成功
2019-10-17 13:14:05,838 - basepage - INFO - 点击成功
2019-10-17 13:14:06,004 - basepage - INFO - 点击成功
2019-10-17 13:14:06,167 - basepage - INFO - 点击成功
2019-10-17 13:14:06,341 - basepage - INFO - 快吧游戏是一款简单易用的游戏管理软件，提供了数千款热门的单机游戏，点击即可玩，为用户省去了找游戏、下载、安装的步骤。软件特点：1 游戏管理：管理用户电脑中的所有单机、网络游戏，为用户提供一个安全方便的游戏桌面。2 游戏安全：所有推荐的游戏都经由七款权威杀毒软件和360安全卫士检测，轻松规避网络病毒风险，安全放心有保障。3 一键安装： 只需轻松一点，实现游戏的下载、安装、运行，减少用户麻烦，节省玩家时间。4 游戏资讯：最全的游戏介绍，最新的游戏攻略，最丰富的游戏图片，方便用户掌控每款游戏。点击成功
2019-10-17 13:14:06,603 - basepage - INFO - 点击成功
2019-10-17 13:14:06,749 - basepage - INFO - 点击成功
2019-10-17 13:14:07,054 - basepage - INFO - 点击成功
2019-10-17 13:14:07,180 - basepage - INFO - 点击成功
2019-10-17 13:14:07,497 - basepage - INFO - 点击成功
2019-10-17 13:14:09,497 - basepage - INFO - 营销5#模板自动化测试结束
2019-10-17 13:14:09,497 - basepage - INFO - 当前浏览器版本:75.0.3770.142
