2019-10-17 13:11:59,078 - basepage - INFO - 营销6#模板自动化测试开始
2019-10-17 13:11:59,078 - basepage - INFO - 隐性等待10秒
2019-10-17 13:11:59,823 - basepage - INFO - 跳转至http://www.daque.cn/soft/655.html?tab=1745611
2019-10-17 13:12:00,952 - basepage - INFO - 窗口已经最大化
2019-10-17 13:12:04,400 - basepage - INFO - 快吧游戏
绿色软件免费下载点击成功
2019-10-17 13:12:04,775 - basepage - INFO - 点击成功
2019-10-17 13:12:05,863 - basepage - INFO - 下载点击成功
2019-10-17 13:12:06,987 - basepage - INFO - 点击成功
2019-10-17 13:12:08,075 - basepage - INFO - 下载点击成功
2019-10-17 13:12:09,165 - basepage - INFO - 点击成功
2019-10-17 13:12:10,240 - basepage - INFO - 下载点击成功
2019-10-17 13:12:11,333 - basepage - INFO - 点击成功
2019-10-17 13:12:12,415 - basepage - INFO - 下载点击成功
2019-10-17 13:12:13,478 - basepage - INFO - 点击成功
2019-10-17 13:12:14,560 - basepage - INFO - 点击成功
2019-10-17 13:12:15,637 - basepage - INFO - 下载点击成功
2019-10-17 13:12:16,720 - basepage - INFO - 点击成功
2019-10-17 13:12:17,795 - basepage - INFO - 下载点击成功
2019-10-17 13:12:18,876 - basepage - INFO - 点击成功
2019-10-17 13:12:19,955 - basepage - INFO - 下载点击成功
2019-10-17 13:12:21,039 - basepage - INFO - 点击成功
2019-10-17 13:12:22,120 - basepage - INFO - 下载点击成功
2019-10-17 13:12:23,172 - basepage - INFO - 点击成功
2019-10-17 13:12:24,255 - basepage - INFO - 点击成功
2019-10-17 13:12:25,337 - basepage - INFO - 下载点击成功
2019-10-17 13:12:26,418 - basepage - INFO - 点击成功
2019-10-17 13:12:27,501 - basepage - INFO - 下载点击成功
2019-10-17 13:12:28,581 - basepage - INFO - 点击成功
2019-10-17 13:12:29,658 - basepage - INFO - 下载点击成功
2019-10-17 13:12:30,735 - basepage - INFO - 点击成功
2019-10-17 13:12:31,817 - basepage - INFO - 下载点击成功
2019-10-17 13:12:32,910 - basepage - INFO - 点击成功
2019-10-17 13:12:33,992 - basepage - INFO - 下载点击成功
2019-10-17 13:12:35,067 - basepage - INFO - 点击成功
2019-10-17 13:12:36,151 - basepage - INFO - 下载点击成功
2019-10-17 13:12:37,226 - basepage - INFO - 点击成功
2019-10-17 13:12:38,308 - basepage - INFO - 下载点击成功
2019-10-17 13:12:39,386 - basepage - INFO - 点击成功
2019-10-17 13:12:40,469 - basepage - INFO - 下载点击成功
2019-10-17 13:12:41,522 - basepage - INFO - 点击成功
2019-10-17 13:12:41,598 - basepage - INFO - 绿色软件免费下载点击成功
2019-10-17 13:12:41,740 - basepage - INFO - 点击成功
2019-10-17 13:12:41,870 - basepage - INFO - 快吧游戏点击成功
2019-10-17 13:12:42,222 - basepage - INFO - 点击成功
2019-10-17 13:12:42,371 - basepage - INFO - 点击成功
2019-10-17 13:12:42,574 - basepage - INFO - 点击成功
2019-10-17 13:12:42,783 - basepage - INFO - 软件大小：256.91M点击成功
2019-10-17 13:12:43,419 - basepage - INFO - 点击成功
2019-10-17 13:12:43,537 - basepage - INFO - 软件授权：免费软件点击成功
2019-10-17 13:12:43,851 - basepage - INFO - 点击成功
2019-10-17 13:12:43,990 - basepage - INFO - 支持系统：xp/win7/win8/win10点击成功
2019-10-17 13:12:44,269 - basepage - INFO - 点击成功
2019-10-17 13:12:44,407 - basepage - INFO - 软件版本：官方最新版点击成功
2019-10-17 13:12:44,673 - basepage - INFO - 点击成功
2019-10-17 13:12:44,817 - basepage - INFO - 系统位数：32/64位点击成功
2019-10-17 13:12:45,068 - basepage - INFO - 点击成功
2019-10-17 13:12:45,219 - basepage - INFO - 点击成功
2019-10-17 13:12:45,406 - basepage - INFO - 点击成功
2019-10-17 13:12:45,574 - basepage - INFO - 快吧游戏是一款简单易用的游戏管理软件，提供了数千款热门的单机游戏，点击即可玩，为用户省去了找游戏、下载、安装的步骤。软件特点：1 游戏管理：管理用户电脑中的所有单机、网络游戏，为用户提供一个安全方便的游戏桌面。2 游戏安全：所有推荐的游戏都经由七款权威杀毒软件和360安全卫士检测，轻松规避网络病毒风险，安全放心有保障。3 一键安装： 只需轻松一点，实现游戏的下载、安装、运行，减少用户麻烦，节省玩家时间。4 游戏资讯：最全的游戏介绍，最新的游戏攻略，最丰富的游戏图片，方便用户掌控每款游戏。点击成功
2019-10-17 13:12:45,805 - basepage - INFO - 点击成功
2019-10-17 13:12:45,937 - basepage - INFO - 点击成功
2019-10-17 13:12:46,171 - basepage - INFO - 点击成功
2019-10-17 13:12:46,280 - basepage - INFO - 点击成功
2019-10-17 13:12:46,505 - basepage - INFO - 点击成功
2019-10-17 13:12:48,506 - basepage - INFO - 营销5#模板自动化测试结束
2019-10-17 13:12:48,506 - basepage - INFO - 当前浏览器版本:75.0.3770.142
