2019-10-23 13:15:50,086 - basepage - INFO - 营销6#模板自动化测试开始
2019-10-23 13:15:50,088 - basepage - INFO - 隐性等待10秒
2019-10-23 13:15:51,165 - basepage - INFO - 跳转至http://www.daque.cn/soft/655.html?tab=1745611
2019-10-23 13:15:52,282 - basepage - INFO - 窗口已经最大化
2019-10-23 13:15:55,768 - basepage - INFO - 点击成功
2019-10-23 13:15:56,302 - basepage - INFO - 点击成功
2019-10-23 13:15:57,394 - basepage - INFO - 下载点击成功
2019-10-23 13:15:58,469 - basepage - INFO - 点击成功
2019-10-23 13:15:59,549 - basepage - INFO - 下载点击成功
2019-10-23 13:16:00,637 - basepage - INFO - 点击成功
2019-10-23 13:16:01,720 - basepage - INFO - 下载点击成功
2019-10-23 13:16:02,805 - basepage - INFO - 点击成功
2019-10-23 13:16:03,887 - basepage - INFO - 下载点击成功
2019-10-23 13:16:04,943 - basepage - INFO - 点击成功
2019-10-23 13:16:06,023 - basepage - INFO - 点击成功
2019-10-23 13:16:07,109 - basepage - INFO - 下载点击成功
2019-10-23 13:16:08,189 - basepage - INFO - 点击成功
2019-10-23 13:16:09,272 - basepage - INFO - 下载点击成功
2019-10-23 13:16:10,353 - basepage - INFO - 点击成功
2019-10-23 13:16:11,430 - basepage - INFO - 下载点击成功
2019-10-23 13:16:12,509 - basepage - INFO - 点击成功
2019-10-23 13:16:13,594 - basepage - INFO - 下载点击成功
2019-10-23 13:16:14,650 - basepage - INFO - 点击成功
2019-10-23 13:16:15,735 - basepage - INFO - 点击成功
2019-10-23 13:16:16,851 - basepage - INFO - 下载点击成功
2019-10-23 13:16:17,935 - basepage - INFO - 点击成功
2019-10-23 13:16:19,020 - basepage - INFO - 下载点击成功
2019-10-23 13:16:20,100 - basepage - INFO - 点击成功
2019-10-23 13:16:21,187 - basepage - INFO - 下载点击成功
2019-10-23 13:16:22,270 - basepage - INFO - 点击成功
2019-10-23 13:16:23,354 - basepage - INFO - 下载点击成功
2019-10-23 13:16:24,435 - basepage - INFO - 点击成功
2019-10-23 13:16:25,514 - basepage - INFO - 下载点击成功
2019-10-23 13:16:26,597 - basepage - INFO - 点击成功
2019-10-23 13:16:27,680 - basepage - INFO - 下载点击成功
2019-10-23 13:16:28,764 - basepage - INFO - 点击成功
2019-10-23 13:16:29,844 - basepage - INFO - 下载点击成功
2019-10-23 13:16:30,924 - basepage - INFO - 点击成功
2019-10-23 13:16:32,008 - basepage - INFO - 下载点击成功
2019-10-23 13:16:33,079 - basepage - INFO - 点击成功
2019-10-23 13:16:33,183 - basepage - INFO - 快吧游戏点击成功
2019-10-23 13:16:33,376 - basepage - INFO - 点击成功
2019-10-23 13:16:33,497 - basepage - INFO - 快意游戏 简单生活
让快乐应接不暇点击成功
2019-10-23 13:16:33,809 - basepage - INFO - 点击成功
2019-10-23 13:16:33,931 - basepage - INFO - 点击成功
2019-10-23 13:16:34,130 - basepage - INFO - 点击成功
2019-10-23 13:16:34,274 - basepage - INFO - 快吧游戏一键下载点击成功
2019-10-23 13:16:34,767 - basepage - INFO - 点击成功
2019-10-23 13:16:34,878 - basepage - INFO - 快吧游戏
快意游戏 简单生活
让快乐应接不暇
快吧游戏一键下载点击成功
2019-10-23 13:16:35,064 - basepage - INFO - 点击成功
2019-10-23 13:16:35,207 - basepage - INFO - 点击成功
2019-10-23 13:16:35,478 - basepage - INFO - 点击成功
2019-10-23 13:16:35,619 - basepage - INFO - 下载点击成功
2019-10-23 13:16:35,864 - basepage - INFO - 点击成功
2019-10-23 13:16:36,025 - basepage - INFO - 点击成功
2019-10-23 13:16:36,362 - basepage - INFO - 点击成功
2019-10-23 13:16:36,511 - basepage - INFO - 下载点击成功
2019-10-23 13:16:36,709 - basepage - INFO - 点击成功
2019-10-23 13:16:36,834 - basepage - INFO - 点击成功
2019-10-23 13:16:37,100 - basepage - INFO - 点击成功
2019-10-23 13:16:37,237 - basepage - INFO - 下载点击成功
2019-10-23 13:16:37,413 - basepage - INFO - 点击成功
2019-10-23 13:16:37,551 - basepage - INFO - 点击成功
2019-10-23 13:16:37,835 - basepage - INFO - 点击成功
2019-10-23 13:16:37,975 - basepage - INFO - 下载点击成功
2019-10-23 13:16:38,415 - basepage - INFO - 点击成功
2019-10-23 13:16:38,535 - basepage - INFO - 点击成功
2019-10-23 13:16:38,746 - basepage - INFO - 点击成功
2019-10-23 13:16:38,876 - basepage - INFO - 下载点击成功
2019-10-23 13:16:39,138 - basepage - INFO - 点击成功
2019-10-23 13:16:39,267 - basepage - INFO - 点击成功
2019-10-23 13:16:39,498 - basepage - INFO - 点击成功
2019-10-23 13:16:39,604 - basepage - INFO - 下载点击成功
2019-10-23 13:16:39,795 - basepage - INFO - 点击成功
2019-10-23 13:16:39,937 - basepage - INFO - 点击成功
2019-10-23 13:16:40,151 - basepage - INFO - 点击成功
2019-10-23 13:16:40,294 - basepage - INFO - 下载点击成功
2019-10-23 13:16:40,649 - basepage - INFO - 点击成功
2019-10-23 13:16:40,776 - basepage - INFO - 点击成功
2019-10-23 13:16:41,005 - basepage - INFO - 点击成功
2019-10-23 13:16:41,139 - basepage - INFO - 下载点击成功
2019-10-23 13:16:41,320 - basepage - INFO - 点击成功
2019-10-23 13:16:41,452 - basepage - INFO - 极速下载，酣畅淋漓
快吧游戏均采用迅雷核心P2P技术，闪电般的下载速度，再也不用苦苦等待点击成功
2019-10-23 13:16:41,651 - basepage - INFO - 点击成功
2019-10-23 13:16:41,797 - basepage - INFO - 点击成功
2019-10-23 13:16:42,145 - basepage - INFO - 点击成功
2019-10-23 13:16:42,285 - basepage - INFO - 点击成功
2019-10-23 13:16:42,486 - basepage - INFO - 点击成功
2019-10-23 13:16:42,656 - basepage - INFO - 海量游戏，一触即发点击成功
2019-10-23 13:16:42,886 - basepage - INFO - 点击成功
2019-10-23 13:16:43,020 - basepage - INFO - 点击成功
2019-10-23 13:16:43,212 - basepage - INFO - 点击成功
2019-10-23 13:16:43,336 - basepage - INFO - 快吧游戏点击成功
2019-10-23 13:16:43,613 - basepage - INFO - 点击成功
2019-10-23 13:16:43,753 - basepage - INFO - 快意游戏 简单生活
让快乐应接不暇点击成功
2019-10-23 13:16:44,086 - basepage - INFO - 点击成功
2019-10-23 13:16:44,216 - basepage - INFO - 点击成功
2019-10-23 13:16:44,417 - basepage - INFO - 点击成功
2019-10-23 13:16:44,555 - basepage - INFO - 快吧游戏一键下载点击成功
2019-10-23 13:16:44,949 - basepage - INFO - 点击成功
2019-10-23 13:16:46,949 - basepage - INFO - 营销6#模板自动化测试结束
2019-10-23 13:16:46,949 - basepage - INFO - 当前浏览器版本:75.0.3770.142
