2019-10-23 20:31:41,681 - basepage - INFO - 营销5#模板自动化测试开始
2019-10-23 20:31:43,598 - basepage - INFO - 隐性等待10秒
2019-10-23 20:31:45,224 - basepage - INFO - 跳转至http://www.daque.cn/soft/34106.html?tab=1657806
2019-10-23 20:31:46,342 - basepage - INFO - 窗口已经最大化
2019-10-23 20:31:49,909 - basepage - INFO - 点击成功
2019-10-23 20:31:50,350 - basepage - INFO - 点击成功
2019-10-23 20:31:51,457 - basepage - INFO - 下载点击成功
2019-10-23 20:31:52,540 - basepage - INFO - 点击成功
2019-10-23 20:31:53,625 - basepage - INFO - 下载点击成功
2019-10-23 20:31:54,733 - basepage - INFO - 点击成功
2019-10-23 20:31:55,844 - basepage - INFO - 下载点击成功
2019-10-23 20:31:56,935 - basepage - INFO - 点击成功
2019-10-23 20:31:58,020 - basepage - INFO - 下载点击成功
2019-10-23 20:31:59,076 - basepage - INFO - 点击成功
2019-10-23 20:32:00,163 - basepage - INFO - 点击成功
2019-10-23 20:32:01,257 - basepage - INFO - 下载点击成功
2019-10-23 20:32:02,349 - basepage - INFO - 点击成功
2019-10-23 20:32:03,451 - basepage - INFO - 下载点击成功
2019-10-23 20:32:04,556 - basepage - INFO - 点击成功
2019-10-23 20:32:05,655 - basepage - INFO - 下载点击成功
2019-10-23 20:32:06,781 - basepage - INFO - 点击成功
2019-10-23 20:32:07,888 - basepage - INFO - 下载点击成功
2019-10-23 20:32:08,934 - basepage - INFO - 点击成功
2019-10-23 20:32:10,034 - basepage - INFO - 点击成功
2019-10-23 20:32:11,132 - basepage - INFO - 下载点击成功
2019-10-23 20:32:12,237 - basepage - INFO - 点击成功
2019-10-23 20:32:13,331 - basepage - INFO - 下载点击成功
2019-10-23 20:32:14,424 - basepage - INFO - 点击成功
2019-10-23 20:32:15,529 - basepage - INFO - 下载点击成功
2019-10-23 20:32:16,608 - basepage - INFO - 点击成功
2019-10-23 20:32:17,698 - basepage - INFO - 下载点击成功
2019-10-23 20:32:18,801 - basepage - INFO - 点击成功
2019-10-23 20:32:22,195 - basepage - INFO - 下载点击成功
2019-10-23 20:32:23,440 - basepage - INFO - 点击成功
2019-10-23 20:32:25,219 - basepage - INFO - 下载点击成功
2019-10-23 20:32:26,333 - basepage - INFO - 点击成功
2019-10-23 20:32:27,439 - basepage - INFO - 下载点击成功
2019-10-23 20:32:28,541 - basepage - INFO - 点击成功
2019-10-23 20:32:29,637 - basepage - INFO - 下载点击成功
2019-10-23 20:32:30,697 - basepage - INFO - 点击成功
2019-10-23 20:32:31,789 - basepage - INFO - 逗游游戏盒点击成功
2019-10-23 20:32:32,167 - basepage - INFO - 点击成功
2019-10-23 20:32:33,255 - basepage - INFO - 逗游游戏盒点击成功
2019-10-23 20:32:33,489 - basepage - INFO - 点击成功
2019-10-23 20:32:34,603 - basepage - INFO - 逗游游戏盒2018-10-11点击成功
2019-10-23 20:32:39,665 - basepage - INFO - 点击成功
2019-10-23 20:32:41,019 - basepage - INFO - 逗游游戏盒20192019-05-28点击成功
2019-10-23 20:32:43,653 - basepage - INFO - 点击成功
