2019-10-10 15:16:03,171 - basepage - INFO - 营销5#模板自动化测试开始
2019-10-10 15:16:03,172 - basepage - INFO - 隐性等待10秒
2019-10-10 15:16:04,313 - basepage - INFO - 跳转至http://www.daque.cn/soft/3947.html?tab=1746666
2019-10-10 15:16:05,437 - basepage - INFO - 窗口已经最大化
2019-10-10 15:16:08,881 - basepage - INFO - 点击成功
2019-10-10 15:16:09,187 - basepage - INFO - 点击成功
2019-10-10 15:16:09,481 - basepage - INFO - 下载点击成功
2019-10-10 15:16:10,167 - basepage - INFO - 点击成功
2019-10-10 15:16:10,438 - basepage - INFO - 下载点击成功
2019-10-10 15:16:10,809 - basepage - INFO - 点击成功
2019-10-10 15:16:11,146 - basepage - INFO - 下载点击成功
2019-10-10 15:16:11,554 - basepage - INFO - 点击成功
2019-10-10 15:16:11,871 - basepage - INFO - 下载点击成功
2019-10-10 15:16:12,138 - basepage - INFO - 点击成功
2019-10-10 15:16:12,351 - basepage - INFO - 点击成功
2019-10-10 15:16:12,663 - basepage - INFO - 下载点击成功
2019-10-10 15:16:12,981 - basepage - INFO - 点击成功
2019-10-10 15:16:13,348 - basepage - INFO - 下载点击成功
2019-10-10 15:16:14,331 - basepage - INFO - 点击成功
2019-10-10 15:16:14,725 - basepage - INFO - 下载点击成功
2019-10-10 15:16:15,118 - basepage - INFO - 点击成功
2019-10-10 15:16:15,443 - basepage - INFO - 下载点击成功
2019-10-10 15:16:15,764 - basepage - INFO - 点击成功
2019-10-10 15:16:15,948 - basepage - INFO - 点击成功
2019-10-10 15:16:16,232 - basepage - INFO - 下载点击成功
2019-10-10 15:16:16,543 - basepage - INFO - 点击成功
2019-10-10 15:16:16,895 - basepage - INFO - 下载点击成功
2019-10-10 15:16:17,497 - basepage - INFO - 点击成功
2019-10-10 15:16:17,723 - basepage - INFO - 下载点击成功
2019-10-10 15:16:17,968 - basepage - INFO - 点击成功
2019-10-10 15:16:18,467 - basepage - INFO - 下载点击成功
2019-10-10 15:16:18,886 - basepage - INFO - 点击成功
2019-10-10 15:16:19,160 - basepage - INFO - 下载点击成功
2019-10-10 15:16:19,894 - basepage - INFO - 点击成功
2019-10-10 15:16:20,145 - basepage - INFO - 下载点击成功
2019-10-10 15:16:20,564 - basepage - INFO - 点击成功
2019-10-10 15:16:21,082 - basepage - INFO - 下载点击成功
2019-10-10 15:16:21,560 - basepage - INFO - 点击成功
2019-10-10 15:16:21,955 - basepage - INFO - 下载点击成功
2019-10-10 15:16:22,184 - basepage - INFO - 点击成功
2019-10-10 15:16:24,185 - basepage - INFO - 营销5#模板自动化测试结束
2019-10-10 15:16:24,185 - basepage - INFO - 当前浏览器版本:75.0.3770.142
