2019-10-24 11:06:39,143 - basepage - INFO - 营销5#模板自动化测试开始
2019-10-24 11:06:41,681 - basepage - INFO - 隐性等待10秒
2019-10-24 11:06:42,520 - basepage - INFO - 跳转至http://www.daque.cn/soft/34106.html?tab=1657806
2019-10-24 11:06:43,643 - basepage - INFO - 窗口已经最大化
2019-10-24 11:06:45,663 - basepage - INFO - 点击成功
2019-10-24 11:06:46,144 - basepage - INFO - 点击成功
2019-10-24 11:06:47,239 - basepage - INFO - 下载点击成功
2019-10-24 11:06:48,343 - basepage - INFO - 点击成功
2019-10-24 11:06:49,426 - basepage - INFO - 下载点击成功
2019-10-24 11:06:50,543 - basepage - INFO - 点击成功
2019-10-24 11:06:51,707 - basepage - INFO - 下载点击成功
2019-10-24 11:06:52,793 - basepage - INFO - 点击成功
2019-10-24 11:06:53,898 - basepage - INFO - 下载点击成功
2019-10-24 11:06:54,959 - basepage - INFO - 点击成功
2019-10-24 11:06:56,043 - basepage - INFO - 点击成功
2019-10-24 11:07:00,247 - basepage - INFO - 下载点击成功
2019-10-24 11:07:01,394 - basepage - INFO - 点击成功
2019-10-24 11:07:02,996 - basepage - INFO - 下载点击成功
2019-10-24 11:07:04,098 - basepage - INFO - 点击成功
2019-10-24 11:07:05,179 - basepage - INFO - 下载点击成功
2019-10-24 11:07:06,268 - basepage - INFO - 点击成功
2019-10-24 11:07:07,372 - basepage - INFO - 下载点击成功
2019-10-24 11:07:08,455 - basepage - INFO - 点击成功
2019-10-24 11:07:09,544 - basepage - INFO - 点击成功
2019-10-24 11:07:10,622 - basepage - INFO - 下载点击成功
