2019-10-23 20:33:39,422 - basepage - INFO - 营销5#模板自动化测试开始
2019-10-23 20:33:41,343 - basepage - INFO - 隐性等待10秒
2019-10-23 20:33:42,388 - basepage - INFO - 跳转至http://www.daque.cn/soft/34106.html?tab=1657806
2019-10-23 20:33:43,521 - basepage - INFO - 窗口已经最大化
2019-10-23 20:33:47,003 - basepage - INFO - 点击成功
2019-10-23 20:33:47,837 - basepage - INFO - 点击成功
2019-10-23 20:33:50,051 - basepage - INFO - 下载点击成功
2019-10-23 20:33:51,350 - basepage - INFO - 点击成功
2019-10-23 20:33:53,248 - basepage - INFO - 下载点击成功
2019-10-23 20:33:54,349 - basepage - INFO - 点击成功
2019-10-23 20:33:55,601 - basepage - INFO - 下载点击成功
2019-10-23 20:33:56,982 - basepage - INFO - 点击成功
2019-10-23 20:33:58,243 - basepage - INFO - 下载点击成功
2019-10-23 20:33:59,310 - basepage - INFO - 点击成功
2019-10-23 20:34:00,401 - basepage - INFO - 点击成功
2019-10-23 20:34:01,543 - basepage - INFO - 下载点击成功
2019-10-23 20:34:03,065 - basepage - INFO - 点击成功
2019-10-23 20:34:04,175 - basepage - INFO - 下载点击成功
2019-10-23 20:34:10,163 - basepage - INFO - 点击成功
2019-10-23 20:34:11,285 - basepage - INFO - 下载点击成功
2019-10-23 20:34:12,378 - basepage - INFO - 点击成功
2019-10-23 20:34:13,496 - basepage - INFO - 下载点击成功
2019-10-23 20:34:14,577 - basepage - INFO - 点击成功
2019-10-23 20:34:15,670 - basepage - INFO - 点击成功
2019-10-23 20:34:16,778 - basepage - INFO - 下载点击成功
2019-10-23 20:34:17,878 - basepage - INFO - 点击成功
2019-10-23 20:34:18,976 - basepage - INFO - 下载点击成功
2019-10-23 20:34:20,075 - basepage - INFO - 点击成功
2019-10-23 20:34:26,019 - basepage - INFO - 下载点击成功
2019-10-23 20:34:27,151 - basepage - INFO - 点击成功
2019-10-23 20:34:28,595 - basepage - INFO - 下载点击成功
2019-10-23 20:34:29,703 - basepage - INFO - 点击成功
2019-10-23 20:34:31,973 - basepage - INFO - 下载点击成功
2019-10-23 20:34:33,299 - basepage - INFO - 点击成功
2019-10-23 20:34:34,915 - basepage - INFO - 下载点击成功
2019-10-23 20:34:36,072 - basepage - INFO - 点击成功
2019-10-23 20:34:37,169 - basepage - INFO - 下载点击成功
2019-10-23 20:34:38,266 - basepage - INFO - 点击成功
2019-10-23 20:34:39,642 - basepage - INFO - 下载点击成功
2019-10-23 20:34:40,713 - basepage - INFO - 点击成功
2019-10-23 20:34:41,811 - basepage - INFO - 逗游游戏盒点击成功
2019-10-23 20:34:42,340 - basepage - INFO - 点击成功
2019-10-23 20:34:43,439 - basepage - INFO - 逗游游戏盒点击成功
2019-10-23 20:34:44,238 - basepage - INFO - 点击成功
2019-10-23 20:34:45,323 - basepage - INFO - 逗游游戏盒2018-10-11点击成功
2019-10-23 20:34:45,852 - basepage - INFO - 点击成功
2019-10-23 20:34:46,945 - basepage - INFO - 逗游游戏盒20192019-05-28点击成功
2019-10-23 20:34:47,860 - basepage - INFO - 点击成功
