2019-10-14 20:09:53,897 - 系统 - INFO - 桌面已有iDownload文件夹
2019-10-14 20:09:53,973 - 系统 - INFO - 删除非空iDownload成功
2019-10-14 20:09:53,974 - 系统 - INFO - 创建iDownload成功
2019-10-14 20:09:58,225 - basepage - INFO - 桔梗软件站自动化测试开始
2019-10-14 20:09:58,230 - basepage - INFO - 隐性等待10秒
2019-10-14 20:10:00,557 - basepage - INFO - 跳转至http://soft.jiegeng.com/
2019-10-14 20:10:00,814 - basepage - INFO - 窗口已经最大化
2019-10-14 20:10:13,523 - basepage - INFO - 益盟操盘手免费下载_益盟操盘手免费版_益盟操盘手-桔梗下载站点击成功
2019-10-14 20:10:14,165 - basepage - INFO - 软件下载中心、最安全的软件资源下载点击成功
2019-10-14 20:10:26,255 - basepage - INFO - Click back on current page.
2019-10-14 20:10:26,274 - basepage - INFO - 腾讯视频搜索成功
2019-10-14 20:10:26,989 - basepage - INFO - 益盟操盘手免费下载_益盟操盘手免费版_益盟操盘手-桔梗下载站点击成功
2019-10-14 20:10:27,551 - basepage - INFO - 软件下载中心、最安全的软件资源下载打开成功
2019-10-14 20:10:28,093 - basepage - INFO - 打开成功
2019-10-14 20:10:28,632 - basepage - INFO - 打开成功
2019-10-14 20:10:29,192 - basepage - INFO - 【游戏娱乐】排行榜_【游戏娱乐】哪个好_软件下载中心打开成功
2019-10-14 20:10:29,754 - basepage - INFO - 打开成功
2019-10-14 20:10:30,293 - basepage - INFO - 打开成功
2019-10-14 20:10:30,854 - basepage - INFO - 【系统工具】排行榜_【系统工具】哪个好_软件下载中心打开成功
2019-10-14 20:10:31,423 - basepage - INFO - 【股票网银】排行榜_【股票网银】哪个好_软件下载中心打开成功
2019-10-14 20:10:32,015 - basepage - INFO - 【网络应用】排行榜_【网络应用】哪个好_软件下载中心打开成功
2019-10-14 20:10:32,864 - basepage - INFO - 打开成功
2019-10-14 20:10:33,670 - basepage - INFO - 打开成功
2019-10-14 20:10:34,490 - basepage - INFO - 【图形图像】排行榜_【图形图像】哪个好_软件下载中心打开成功
2019-10-14 20:10:35,320 - basepage - INFO - 【阅读翻译】排行榜_【阅读翻译】哪个好_软件下载中心打开成功
2019-10-14 20:10:36,142 - basepage - INFO - 【主题壁纸】排行榜_【主题壁纸】哪个好_软件下载中心打开成功
2019-10-14 20:10:36,990 - basepage - INFO - 【压缩刻录】排行榜_【压缩刻录】哪个好_软件下载中心打开成功
2019-10-14 20:10:37,814 - basepage - INFO - 【编程开发】排行榜_【编程开发】哪个好_软件下载中心打开成功
2019-10-14 20:10:38,619 - basepage - INFO - 【行业软件】排行榜_【行业软件】哪个好_软件下载中心打开成功
2019-10-14 20:10:39,433 - basepage - INFO - 【其他软件】排行榜_【其他软件】哪个好_软件下载中心打开成功
2019-10-14 20:10:40,243 - basepage - INFO - 【浏览器】排行榜_【浏览器】哪个好_软件下载中心打开成功
2019-10-14 20:10:41,051 - basepage - INFO - 打开成功
2019-10-14 20:10:41,858 - basepage - INFO - 【保驾护航】排行榜_【保驾护航】哪个好_软件下载中心打开成功
2019-10-14 20:10:42,599 - basepage - INFO - 益盟操盘手免费下载_益盟操盘手免费版_益盟操盘手-桔梗下载站点击成功
2019-10-14 20:10:43,309 - basepage - INFO - 益盟操盘手免费下载_益盟操盘手免费版_益盟操盘手-桔梗下载站点击成功
2019-10-14 20:10:44,024 - basepage - INFO - 益盟操盘手免费下载_益盟操盘手免费版_益盟操盘手-桔梗下载站点击成功
2019-10-14 20:10:44,040 - basepage - INFO - 酷我音乐点击成功
2019-10-14 20:10:46,752 - basepage - INFO - 好图看看点击成功
2019-10-14 20:10:49,470 - basepage - INFO - 迅雷点击成功
2019-10-14 20:10:52,185 - basepage - INFO - 风行影音点击成功
2019-10-14 20:10:54,899 - basepage - INFO - 虎牙直播点击成功
2019-10-14 20:10:57,615 - basepage - INFO - 传奇霸业点击成功
2019-10-14 20:11:00,335 - basepage - INFO - 软件介绍
人气软件
下载地址点击成功
2019-10-14 20:11:03,045 - 桔梗软件站详情页 - INFO - id="mtab"点击成功
2019-10-14 20:11:03,055 - basepage - INFO - 益盟操盘手点击成功
2019-10-14 20:11:05,770 - basepage - INFO - DTS音效大师点击成功
2019-10-14 20:11:08,485 - basepage - INFO - 钉钉点击成功
2019-10-14 20:11:11,210 - basepage - INFO - 艺赛旗RPA点击成功
2019-10-14 20:11:13,927 - basepage - INFO - 希沃白板点击成功
2019-10-14 20:11:16,641 - basepage - INFO - 艾奇KTV电子相册点击成功
2019-10-14 20:11:19,356 - basepage - INFO - WPS Office点击成功
2019-10-14 20:11:22,065 - 桔梗软件站详情页 - INFO - id="jrgx"点击成功
2019-10-14 20:11:22,075 - basepage - INFO - 电信高速下载点击成功
2019-10-14 20:11:24,799 - basepage - INFO - 联通高速下载点击成功
2019-10-14 20:11:27,514 - basepage - INFO - 移动高速下载点击成功
2019-10-14 20:11:30,303 - 桔梗软件站详情页 - INFO - id="download"点击成功
2019-10-14 20:11:30,321 - basepage - INFO - 乐播投屏点击成功
2019-10-14 20:11:33,040 - basepage - INFO - 租号玩点击成功
2019-10-14 20:11:35,753 - basepage - INFO - 闪电侠鼠标连点器点击成功
2019-10-14 20:11:38,471 - basepage - INFO - 网易MUMU点击成功
2019-10-14 20:11:41,244 - basepage - INFO - 保卫萝卜3（电脑版）点击成功
2019-10-14 20:11:43,980 - basepage - INFO - 影音先锋点击成功
2019-10-14 20:11:46,695 - basepage - INFO - 看图纸 DwgSee Plus点击成功
2019-10-14 20:11:49,410 - basepage - INFO - 金山词霸点击成功
2019-10-14 20:11:52,126 - basepage - INFO - 优酷客户端点击成功
2019-10-14 20:11:54,914 - basepage - INFO - Firefox Portable 火狐便携版点击成功
2019-10-14 20:11:57,693 - 桔梗软件站详情页 - INFO - id="xgd"点击成功
2019-10-14 20:11:57,717 - basepage - INFO - 益盟操盘手点击成功
2019-10-14 20:12:00,433 - basepage - INFO - DTS音效大师点击成功
2019-10-14 20:12:03,147 - basepage - INFO - 钉钉点击成功
2019-10-14 20:12:05,863 - basepage - INFO - 艺赛旗RPA点击成功
2019-10-14 20:12:08,577 - basepage - INFO - 希沃白板点击成功
2019-10-14 20:12:11,289 - basepage - INFO - 艾奇KTV电子相册点击成功
2019-10-14 20:12:14,006 - basepage - INFO - WPS Office点击成功
2019-10-14 20:12:16,723 - basepage - INFO - 酷家乐3D室内装修设计软件点击成功
2019-10-14 20:12:19,439 - basepage - INFO - 迅雷9正式版点击成功
2019-10-14 20:12:22,156 - basepage - INFO - QQ音乐点击成功
2019-10-14 20:12:24,870 - basepage - INFO - 隐身侠点击成功
2019-10-14 20:12:27,587 - basepage - INFO - Desktopcal桌面日历点击成功
2019-10-14 20:12:30,300 - basepage - INFO - steam游戏助手点击成功
2019-10-14 20:12:33,014 - basepage - INFO - 简单课堂3.41.10.1902点击成功
2019-10-14 20:12:35,729 - basepage - INFO - 友益文书点击成功
2019-10-14 20:12:38,445 - basepage - INFO - 浩辰CAD看图王点击成功
2019-10-14 20:12:41,162 - basepage - INFO - 线刷宝点击成功
2019-10-14 20:12:43,877 - basepage - INFO - 酷我音乐高音质版点击成功
2019-10-14 20:12:46,597 - basepage - INFO - 荒野行动点击成功
2019-10-14 20:12:49,309 - basepage - INFO - 极点五笔点击成功
2019-10-14 20:12:52,025 - 桔梗软件站详情页 - INFO - id="reci"点击成功
2019-10-14 20:12:52,037 - basepage - INFO - 益盟操盘手点击成功
2019-10-14 20:12:54,752 - basepage - INFO - DTS音效大师点击成功
