2019-10-14 16:19:35,543 - basepage - INFO - 桔梗软件站自动化测试开始
2019-10-14 16:19:35,552 - basepage - INFO - 隐性等待10秒
2019-10-14 16:19:36,957 - basepage - INFO - 跳转至http://soft.jiegeng.com/
2019-10-14 16:19:37,229 - basepage - INFO - 窗口已经最大化
2019-10-14 16:19:39,459 - basepage - INFO - 益盟操盘手免费下载_益盟操盘手免费版_益盟操盘手-桔梗下载站点击成功
2019-10-14 16:19:40,021 - basepage - INFO - 软件下载中心、最安全的软件资源下载点击成功
2019-10-14 16:19:40,586 - basepage - INFO - Click back on current page.
2019-10-14 16:19:40,659 - basepage - INFO - 腾讯视频搜索成功
2019-10-14 16:19:41,053 - basepage - INFO - 益盟操盘手免费下载_益盟操盘手免费版_益盟操盘手-桔梗下载站点击成功
2019-10-14 16:19:41,590 - basepage - INFO - 软件下载中心、最安全的软件资源下载打开成功
2019-10-14 16:19:41,942 - basepage - INFO - 【视频软件】排行榜_【视频软件】哪个好_软件下载中心打开成功
2019-10-14 16:19:42,323 - basepage - INFO - 【音乐软件】排行榜_【音乐软件】哪个好_软件下载中心打开成功
2019-10-14 16:19:42,688 - basepage - INFO - 【游戏娱乐】排行榜_【游戏娱乐】哪个好_软件下载中心打开成功
2019-10-14 16:19:43,094 - basepage - INFO - 【办公软件】排行榜_【办公软件】哪个好_软件下载中心打开成功
2019-10-14 16:19:43,474 - basepage - INFO - 【手机数码】排行榜_【手机数码】哪个好_软件下载中心打开成功
2019-10-14 16:19:43,835 - basepage - INFO - 【系统工具】排行榜_【系统工具】哪个好_软件下载中心打开成功
2019-10-14 16:19:43,941 - basepage - INFO - 打开成功
2019-10-14 16:19:44,156 - basepage - INFO - 打开成功
2019-10-14 16:19:45,190 - basepage - INFO - 【下载工具】排行榜_【下载工具】哪个好_软件下载中心打开成功
2019-10-14 16:19:45,728 - basepage - INFO - 【输入法】排行榜_【输入法】哪个好_软件下载中心打开成功
2019-10-14 16:19:46,279 - basepage - INFO - 【图形图像】排行榜_【图形图像】哪个好_软件下载中心打开成功
2019-10-14 16:19:46,877 - basepage - INFO - 【阅读翻译】排行榜_【阅读翻译】哪个好_软件下载中心打开成功
2019-10-14 16:19:46,978 - basepage - INFO - 打开成功
2019-10-14 16:19:47,932 - basepage - INFO - 【压缩刻录】排行榜_【压缩刻录】哪个好_软件下载中心打开成功
2019-10-14 16:19:48,491 - basepage - INFO - 【编程开发】排行榜_【编程开发】哪个好_软件下载中心打开成功
2019-10-14 16:19:49,061 - basepage - INFO - 【行业软件】排行榜_【行业软件】哪个好_软件下载中心打开成功
2019-10-14 16:19:49,581 - basepage - INFO - 【其他软件】排行榜_【其他软件】哪个好_软件下载中心打开成功
2019-10-14 16:19:49,669 - basepage - INFO - 打开成功
2019-10-14 16:19:50,649 - basepage - INFO - 【聊天工具】排行榜_【聊天工具】哪个好_软件下载中心打开成功
2019-10-14 16:19:51,172 - basepage - INFO - 益盟操盘手免费下载_益盟操盘手免费版_益盟操盘手-桔梗下载站点击成功
2019-10-14 16:19:51,639 - basepage - INFO - 益盟操盘手免费下载_益盟操盘手免费版_益盟操盘手-桔梗下载站点击成功
2019-10-14 16:19:52,043 - basepage - INFO - 益盟操盘手免费下载_益盟操盘手免费版_益盟操盘手-桔梗下载站点击成功
2019-10-14 16:19:52,065 - basepage - INFO - 酷我音乐点击成功
2019-10-14 16:19:54,487 - basepage - INFO - 好图看看点击成功
2019-10-14 16:19:56,875 - basepage - INFO - 迅雷点击成功
2019-10-14 16:19:59,205 - basepage - INFO - 风行影音点击成功
2019-10-14 16:20:01,536 - basepage - INFO - 虎牙直播点击成功
2019-10-14 16:20:04,249 - basepage - INFO - 传奇霸业点击成功
2019-10-14 16:20:06,997 - basepage - INFO - 软件介绍
人气软件
下载地址点击成功
2019-10-14 16:20:09,727 - 桔梗软件站详情页 - INFO - id="mtab"点击成功
2019-10-14 16:20:09,738 - basepage - INFO - 益盟操盘手点击成功
2019-10-14 16:20:12,495 - basepage - INFO - DTS音效大师点击成功
2019-10-14 16:20:15,226 - basepage - INFO - 钉钉点击成功
2019-10-14 16:20:17,960 - basepage - INFO - 艺赛旗RPA点击成功
2019-10-14 16:20:20,750 - basepage - INFO - 希沃白板点击成功
2019-10-14 16:20:23,483 - basepage - INFO - 艾奇KTV电子相册点击成功
