2019-10-14 19:44:11,967 - basepage - INFO - 桔梗软件站自动化测试开始
2019-10-14 19:44:11,979 - basepage - INFO - 隐性等待10秒
2019-10-14 19:44:14,101 - basepage - INFO - 跳转至http://soft.jiegeng.com/
2019-10-14 19:44:14,357 - basepage - INFO - 窗口已经最大化
2019-10-14 19:44:16,334 - basepage - INFO - 软件下载中心、最安全的软件资源下载点击成功
2019-10-14 19:44:18,624 - basepage - INFO - 加速器搜索成功
2019-10-14 19:44:21,233 - basepage - INFO - 搜索_加速器_软件下载中心点击成功
2019-10-14 19:44:23,637 - basepage - INFO - Click back on current page.
2019-10-14 19:44:23,959 - basepage - INFO - 软件下载中心、最安全的软件资源下载点击成功
2019-10-14 19:44:26,257 - basepage - INFO - 【视频软件】排行榜_【视频软件】哪个好_软件下载中心点击成功
2019-10-14 19:44:28,535 - basepage - INFO - 【视频软件】排行榜_【视频软件】哪个好_软件下载中心点击成功
2019-10-14 19:44:31,736 - basepage - INFO - 【音乐软件】排行榜_【音乐软件】哪个好_软件下载中心点击成功
2019-10-14 19:44:34,108 - basepage - INFO - 【系统工具】排行榜_【系统工具】哪个好_软件下载中心点击成功
2019-10-14 19:44:36,557 - basepage - INFO - 【下载工具】排行榜_【下载工具】哪个好_软件下载中心点击成功
2019-10-14 19:44:38,977 - basepage - INFO - 【办公软件】排行榜_【办公软件】哪个好_软件下载中心点击成功
2019-10-14 19:44:41,337 - basepage - INFO - 【手机数码】排行榜_【手机数码】哪个好_软件下载中心点击成功
2019-10-14 19:44:43,674 - basepage - INFO - 【输入法】排行榜_【输入法】哪个好_软件下载中心点击成功
2019-10-14 19:44:46,482 - basepage - INFO - 【图形图像】排行榜_【图形图像】哪个好_软件下载中心点击成功
2019-10-14 19:44:48,779 - basepage - INFO - 【股票网银】排行榜_【股票网银】哪个好_软件下载中心点击成功
2019-10-14 19:44:51,108 - basepage - INFO - 【阅读翻译】排行榜_【阅读翻译】哪个好_软件下载中心点击成功
2019-10-14 19:44:53,544 - basepage - INFO - 【网络应用】排行榜_【网络应用】哪个好_软件下载中心点击成功
2019-10-14 19:44:56,110 - basepage - INFO - 【主题壁纸】排行榜_【主题壁纸】哪个好_软件下载中心点击成功
2019-10-14 19:44:58,669 - basepage - INFO - 【教育学习】排行榜_【教育学习】哪个好_软件下载中心点击成功
2019-10-14 19:45:01,155 - basepage - INFO - 【压缩刻录】排行榜_【压缩刻录】哪个好_软件下载中心点击成功
2019-10-14 19:45:03,865 - basepage - INFO - 【编程开发】排行榜_【编程开发】哪个好_软件下载中心点击成功
2019-10-14 19:45:06,211 - basepage - INFO - 【行业软件】排行榜_【行业软件】哪个好_软件下载中心点击成功
2019-10-14 19:45:08,583 - basepage - INFO - 【其他软件】排行榜_【其他软件】哪个好_软件下载中心点击成功
2019-10-14 19:45:11,058 - basepage - INFO - 【游戏娱乐】排行榜_【游戏娱乐】哪个好_软件下载中心点击成功
2019-10-14 19:45:13,341 - basepage - INFO - 【浏览器】排行榜_【浏览器】哪个好_软件下载中心点击成功
2019-10-14 19:45:16,076 - basepage - INFO - 【聊天工具】排行榜_【聊天工具】哪个好_软件下载中心点击成功
2019-10-14 19:45:18,418 - basepage - INFO - 【保驾护航】排行榜_【保驾护航】哪个好_软件下载中心点击成功
2019-10-14 19:45:20,862 - basepage - INFO - 软件下载中心、最安全的软件资源下载点击成功
2019-10-14 19:45:25,060 - basepage - INFO - 益盟操盘手免费下载_益盟操盘手免费版_益盟操盘手-桔梗下载站点击成功
2019-10-14 19:45:25,427 - basepage - INFO - 软件下载中心、最安全的软件资源下载点击成功
2019-10-14 19:45:25,944 - basepage - INFO - Click back on current page.
2019-10-14 19:45:25,958 - basepage - INFO - 腾讯视频搜索成功
2019-10-14 19:45:26,344 - basepage - INFO - 益盟操盘手免费下载_益盟操盘手免费版_益盟操盘手-桔梗下载站点击成功
2019-10-14 19:45:26,861 - basepage - INFO - 搜索_腾讯视频_软件下载中心打开成功
2019-10-14 19:45:27,151 - basepage - INFO - 软件下载中心、最安全的软件资源下载打开成功
2019-10-14 19:45:27,547 - basepage - INFO - 【视频软件】排行榜_【视频软件】哪个好_软件下载中心打开成功
2019-10-14 19:45:27,651 - basepage - INFO - 【音乐软件】排行榜_【音乐软件】哪个好_软件下载中心打开成功
2019-10-14 19:45:27,897 - basepage - INFO - 打开成功
2019-10-14 19:45:28,312 - basepage - INFO - 打开成功
2019-10-14 19:45:28,600 - basepage - INFO - 【手机数码】排行榜_【手机数码】哪个好_软件下载中心打开成功
2019-10-14 19:45:28,893 - basepage - INFO - 【系统工具】排行榜_【系统工具】哪个好_软件下载中心打开成功
2019-10-14 19:45:28,977 - basepage - INFO - 打开成功
2019-10-14 19:45:29,795 - basepage - INFO - 【网络应用】排行榜_【网络应用】哪个好_软件下载中心打开成功
2019-10-14 19:45:30,447 - basepage - INFO - 【下载工具】排行榜_【下载工具】哪个好_软件下载中心打开成功
2019-10-14 19:45:30,986 - basepage - INFO - 【输入法】排行榜_【输入法】哪个好_软件下载中心打开成功
2019-10-14 19:45:31,540 - basepage - INFO - 【图形图像】排行榜_【图形图像】哪个好_软件下载中心打开成功
2019-10-14 19:45:32,286 - basepage - INFO - 【阅读翻译】排行榜_【阅读翻译】哪个好_软件下载中心打开成功
2019-10-14 19:45:32,921 - basepage - INFO - 【主题壁纸】排行榜_【主题壁纸】哪个好_软件下载中心打开成功
2019-10-14 19:45:33,089 - basepage - INFO - 【压缩刻录】排行榜_【压缩刻录】哪个好_软件下载中心打开成功
2019-10-14 19:45:34,234 - basepage - INFO - 【编程开发】排行榜_【编程开发】哪个好_软件下载中心打开成功
