2019-10-14 16:40:33,510 - basepage - INFO - 桔梗软件站自动化测试开始
2019-10-14 16:40:33,516 - basepage - INFO - 隐性等待10秒
2019-10-14 16:40:35,509 - basepage - INFO - 跳转至http://soft.jiegeng.com/
2019-10-14 16:40:35,768 - basepage - INFO - 窗口已经最大化
2019-10-14 16:40:38,278 - basepage - INFO - 益盟操盘手免费下载_益盟操盘手免费版_益盟操盘手-桔梗下载站点击成功
2019-10-14 16:40:38,746 - basepage - INFO - 软件下载中心、最安全的软件资源下载点击成功
2019-10-14 16:40:39,534 - basepage - INFO - Click back on current page.
2019-10-14 16:40:39,562 - basepage - INFO - 腾讯视频搜索成功
2019-10-14 16:40:39,940 - basepage - INFO - 益盟操盘手免费下载_益盟操盘手免费版_益盟操盘手-桔梗下载站点击成功
2019-10-14 16:40:40,648 - basepage - INFO - 软件下载中心、最安全的软件资源下载打开成功
2019-10-14 16:40:41,023 - basepage - INFO - 【视频软件】排行榜_【视频软件】哪个好_软件下载中心打开成功
2019-10-14 16:40:41,397 - basepage - INFO - 【音乐软件】排行榜_【音乐软件】哪个好_软件下载中心打开成功
2019-10-14 16:40:41,719 - basepage - INFO - 【游戏娱乐】排行榜_【游戏娱乐】哪个好_软件下载中心打开成功
2019-10-14 16:40:42,003 - basepage - INFO - 打开成功
2019-10-14 16:40:42,270 - basepage - INFO - 打开成功
2019-10-14 16:40:42,535 - basepage - INFO - 打开成功
2019-10-14 16:40:42,626 - basepage - INFO - 打开成功
2019-10-14 16:40:42,885 - basepage - INFO - 打开成功
2019-10-14 16:40:43,869 - basepage - INFO - 【下载工具】排行榜_【下载工具】哪个好_软件下载中心打开成功
2019-10-14 16:40:44,369 - basepage - INFO - 打开成功
2019-10-14 16:40:45,030 - basepage - INFO - 【图形图像】排行榜_【图形图像】哪个好_软件下载中心打开成功
2019-10-14 16:40:45,584 - basepage - INFO - 【阅读翻译】排行榜_【阅读翻译】哪个好_软件下载中心打开成功
2019-10-14 16:40:46,103 - basepage - INFO - 【主题壁纸】排行榜_【主题壁纸】哪个好_软件下载中心打开成功
2019-10-14 16:40:46,617 - basepage - INFO - 打开成功
2019-10-14 16:40:47,217 - basepage - INFO - 【编程开发】排行榜_【编程开发】哪个好_软件下载中心打开成功
2019-10-14 16:40:47,804 - basepage - INFO - 【行业软件】排行榜_【行业软件】哪个好_软件下载中心打开成功
2019-10-14 16:40:47,871 - basepage - INFO - 打开成功
2019-10-14 16:40:48,339 - basepage - INFO - 打开成功
2019-10-14 16:40:49,291 - basepage - INFO - 【聊天工具】排行榜_【聊天工具】哪个好_软件下载中心打开成功
2019-10-14 16:40:49,781 - basepage - INFO - 益盟操盘手免费下载_益盟操盘手免费版_益盟操盘手-桔梗下载站点击成功
2019-10-14 16:40:50,166 - basepage - INFO - 益盟操盘手免费下载_益盟操盘手免费版_益盟操盘手-桔梗下载站点击成功
2019-10-14 16:40:50,558 - basepage - INFO - 益盟操盘手免费下载_益盟操盘手免费版_益盟操盘手-桔梗下载站点击成功
2019-10-14 16:40:50,580 - basepage - INFO - 酷我音乐点击成功
2019-10-14 16:40:52,925 - basepage - INFO - 好图看看点击成功
2019-10-14 16:40:55,248 - basepage - INFO - 迅雷点击成功
2019-10-14 16:40:57,591 - basepage - INFO - 风行影音点击成功
2019-10-14 16:40:59,945 - basepage - INFO - 虎牙直播点击成功
2019-10-14 16:41:02,299 - basepage - INFO - 传奇霸业点击成功
2019-10-14 16:41:04,657 - basepage - INFO - 软件介绍
人气软件
下载地址点击成功
2019-10-14 16:41:06,984 - 桔梗软件站详情页 - INFO - id="mtab"点击成功
2019-10-14 16:41:06,987 - basepage - INFO - 益盟操盘手点击成功
2019-10-14 16:41:09,330 - basepage - INFO - DTS音效大师点击成功
2019-10-14 16:41:11,653 - basepage - INFO - 钉钉点击成功
2019-10-14 16:41:13,989 - basepage - INFO - 艺赛旗RPA点击成功
2019-10-14 16:41:16,325 - basepage - INFO - 希沃白板点击成功
2019-10-14 16:41:18,659 - basepage - INFO - 艾奇KTV电子相册点击成功
2019-10-14 16:41:20,996 - basepage - INFO - WPS Office点击成功
2019-10-14 16:41:23,336 - 桔梗软件站详情页 - INFO - id="jrgx"点击成功
2019-10-14 16:41:23,346 - basepage - INFO - 电信高速下载点击成功
2019-10-14 16:41:25,669 - basepage - INFO - 联通高速下载点击成功
2019-10-14 16:41:28,005 - basepage - INFO - 移动高速下载点击成功
2019-10-14 16:41:30,336 - 桔梗软件站详情页 - INFO - id="download"点击成功
2019-10-14 16:41:30,346 - basepage - INFO - 乐播投屏点击成功
2019-10-14 16:41:32,680 - basepage - INFO - 租号玩点击成功
2019-10-14 16:41:35,016 - basepage - INFO - 闪电侠鼠标连点器点击成功
2019-10-14 16:41:37,352 - basepage - INFO - 网易MUMU点击成功
2019-10-14 16:41:39,679 - basepage - INFO - 保卫萝卜3（电脑版）点击成功
2019-10-14 16:41:42,012 - basepage - INFO - 影音先锋点击成功
2019-10-14 16:41:44,348 - basepage - INFO - 看图纸 DwgSee Plus点击成功
2019-10-14 16:41:46,692 - basepage - INFO - 金山词霸点击成功
2019-10-14 16:41:49,010 - basepage - INFO - 优酷客户端点击成功
2019-10-14 16:41:51,362 - basepage - INFO - Firefox Portable 火狐便携版点击成功
2019-10-14 16:41:53,692 - 桔梗软件站详情页 - INFO - id="xgd"点击成功
2019-10-14 16:41:53,702 - basepage - INFO - 益盟操盘手点击成功
2019-10-14 16:41:56,047 - basepage - INFO - DTS音效大师点击成功
2019-10-14 16:41:58,377 - basepage - INFO - 钉钉点击成功
2019-10-14 16:42:00,721 - basepage - INFO - 艺赛旗RPA点击成功
2019-10-14 16:42:03,048 - basepage - INFO - 希沃白板点击成功
2019-10-14 16:42:05,382 - basepage - INFO - 艾奇KTV电子相册点击成功
2019-10-14 16:42:07,717 - basepage - INFO - WPS Office点击成功
2019-10-14 16:42:10,052 - basepage - INFO - 酷家乐3D室内装修设计软件点击成功
2019-10-14 16:42:12,380 - basepage - INFO - 迅雷9正式版点击成功
2019-10-14 16:42:14,716 - basepage - INFO - QQ音乐点击成功
2019-10-14 16:42:17,050 - basepage - INFO - 隐身侠点击成功
2019-10-14 16:42:19,393 - basepage - INFO - Desktopcal桌面日历点击成功
2019-10-14 16:42:21,735 - basepage - INFO - steam游戏助手点击成功
2019-10-14 16:42:24,077 - basepage - INFO - 简单课堂3.41.10.1902点击成功
2019-10-14 16:42:26,410 - basepage - INFO - 友益文书点击成功
2019-10-14 16:42:28,754 - basepage - INFO - 浩辰CAD看图王点击成功
2019-10-14 16:42:31,097 - basepage - INFO - 线刷宝点击成功
2019-10-14 16:42:33,835 - basepage - INFO - 酷我音乐高音质版点击成功
2019-10-14 16:42:36,548 - basepage - INFO - 荒野行动点击成功
2019-10-14 16:42:39,279 - basepage - INFO - 极点五笔点击成功
2019-10-14 16:42:42,004 - 桔梗软件站详情页 - INFO - id="reci"点击成功
2019-10-14 16:42:42,014 - basepage - INFO - 益盟操盘手点击成功
2019-10-14 16:42:44,787 - basepage - INFO - DTS音效大师点击成功
2019-10-14 16:42:47,565 - basepage - INFO - 钉钉点击成功
2019-10-14 16:42:50,303 - basepage - INFO - 艺赛旗RPA点击成功
2019-10-14 16:42:53,027 - basepage - INFO - 希沃白板点击成功
2019-10-14 16:42:55,746 - basepage - INFO - 艾奇KTV电子相册点击成功
2019-10-14 16:42:58,479 - basepage - INFO - WPS Office点击成功
2019-10-14 16:43:01,215 - basepage - INFO - 酷家乐3D室内装修设计软件点击成功
2019-10-14 16:43:04,028 - basepage - INFO - 迅雷9正式版点击成功
2019-10-14 16:43:06,785 - basepage - INFO - QQ音乐点击成功
2019-10-14 16:43:09,514 - 桔梗软件站详情页 - INFO - id="recomc"点击成功
2019-10-14 16:43:11,336 - basepage - INFO - DTS音效大师免费下载_DTS音效大师免费版_DTS音效大师-桔梗下载站点击成功
2019-10-14 16:43:12,007 - basepage - INFO - 软件下载中心、最安全的软件资源下载点击成功
2019-10-14 16:43:12,900 - basepage - INFO - Click back on current page.
2019-10-14 16:43:12,919 - basepage - INFO - 腾讯视频搜索成功
2019-10-14 16:43:13,633 - basepage - INFO - DTS音效大师免费下载_DTS音效大师免费版_DTS音效大师-桔梗下载站点击成功
2019-10-14 16:43:14,241 - basepage - INFO - 搜索_腾讯视频_软件下载中心打开成功
2019-10-14 16:43:14,291 - basepage - INFO - 软件下载中心、最安全的软件资源下载打开成功
2019-10-14 16:43:14,839 - basepage - INFO - 【视频软件】排行榜_【视频软件】哪个好_软件下载中心打开成功
2019-10-14 16:43:15,412 - basepage - INFO - 【音乐软件】排行榜_【音乐软件】哪个好_软件下载中心打开成功
2019-10-14 16:43:15,960 - basepage - INFO - 【游戏娱乐】排行榜_【游戏娱乐】哪个好_软件下载中心打开成功
2019-10-14 16:43:16,517 - basepage - INFO - 【办公软件】排行榜_【办公软件】哪个好_软件下载中心打开成功
2019-10-14 16:43:17,086 - basepage - INFO - 【手机数码】排行榜_【手机数码】哪个好_软件下载中心打开成功
2019-10-14 16:43:17,653 - basepage - INFO - 【系统工具】排行榜_【系统工具】哪个好_软件下载中心打开成功
2019-10-14 16:43:18,232 - basepage - INFO - 【股票网银】排行榜_【股票网银】哪个好_软件下载中心打开成功
2019-10-14 16:43:18,802 - basepage - INFO - 【网络应用】排行榜_【网络应用】哪个好_软件下载中心打开成功
2019-10-14 16:43:19,637 - basepage - INFO - 【下载工具】排行榜_【下载工具】哪个好_软件下载中心打开成功
2019-10-14 16:43:20,453 - basepage - INFO - 【输入法】排行榜_【输入法】哪个好_软件下载中心打开成功
2019-10-14 16:43:21,251 - basepage - INFO - 【图形图像】排行榜_【图形图像】哪个好_软件下载中心打开成功
2019-10-14 16:43:22,058 - basepage - INFO - 【阅读翻译】排行榜_【阅读翻译】哪个好_软件下载中心打开成功
2019-10-14 16:43:22,879 - basepage - INFO - 【主题壁纸】排行榜_【主题壁纸】哪个好_软件下载中心打开成功
2019-10-14 16:43:23,793 - basepage - INFO - 【压缩刻录】排行榜_【压缩刻录】哪个好_软件下载中心打开成功
2019-10-14 16:43:24,636 - basepage - INFO - 【编程开发】排行榜_【编程开发】哪个好_软件下载中心打开成功
2019-10-14 16:43:25,454 - basepage - INFO - 【行业软件】排行榜_【行业软件】哪个好_软件下载中心打开成功
2019-10-14 16:43:26,259 - basepage - INFO - 【其他软件】排行榜_【其他软件】哪个好_软件下载中心打开成功
2019-10-14 16:43:27,085 - basepage - INFO - 【浏览器】排行榜_【浏览器】哪个好_软件下载中心打开成功
2019-10-14 16:43:27,933 - basepage - INFO - 【聊天工具】排行榜_【聊天工具】哪个好_软件下载中心打开成功
2019-10-14 16:43:28,837 - basepage - INFO - 【保驾护航】排行榜_【保驾护航】哪个好_软件下载中心打开成功
2019-10-14 16:43:29,595 - basepage - INFO - DTS音效大师免费下载_DTS音效大师免费版_DTS音效大师-桔梗下载站点击成功
2019-10-14 16:43:30,309 - basepage - INFO - DTS音效大师免费下载_DTS音效大师免费版_DTS音效大师-桔梗下载站点击成功
2019-10-14 16:43:31,028 - basepage - INFO - DTS音效大师免费下载_DTS音效大师免费版_DTS音效大师-桔梗下载站点击成功
2019-10-14 16:43:31,038 - basepage - INFO - 酷我音乐点击成功
2019-10-14 16:43:33,758 - basepage - INFO - 好图看看点击成功
2019-10-14 16:43:36,477 - basepage - INFO - 迅雷点击成功
2019-10-14 16:43:39,209 - basepage - INFO - 风行影音点击成功
2019-10-14 16:43:42,029 - basepage - INFO - 虎牙直播点击成功
2019-10-14 16:43:44,758 - basepage - INFO - 传奇霸业点击成功
2019-10-14 16:43:47,490 - basepage - INFO - 软件介绍
人气软件
下载地址点击成功
2019-10-14 16:43:50,208 - 桔梗软件站详情页 - INFO - id="mtab"点击成功
2019-10-14 16:43:50,217 - basepage - INFO - DTS音效大师点击成功
2019-10-14 16:43:52,944 - basepage - INFO - 钉钉点击成功
2019-10-14 16:43:55,784 - basepage - INFO - 艺赛旗RPA点击成功
2019-10-14 16:43:58,518 - basepage - INFO - 希沃白板点击成功
2019-10-14 16:44:01,242 - basepage - INFO - 艾奇KTV电子相册点击成功
2019-10-14 16:44:03,973 - basepage - INFO - WPS Office点击成功
2019-10-14 16:44:06,696 - basepage - INFO - 酷家乐3D室内装修设计软件点击成功
2019-10-14 16:44:09,425 - 桔梗软件站详情页 - INFO - id="jrgx"点击成功
2019-10-14 16:44:09,435 - basepage - INFO - 电信高速下载点击成功
2019-10-14 16:44:12,159 - basepage - INFO - 联通高速下载点击成功
2019-10-14 16:44:14,926 - basepage - INFO - 移动高速下载点击成功
2019-10-14 16:44:17,648 - 桔梗软件站详情页 - INFO - id="download"点击成功
2019-10-14 16:44:17,658 - basepage - INFO - 乐播投屏点击成功
2019-10-14 16:44:20,377 - basepage - INFO - 租号玩点击成功
2019-10-14 16:44:23,097 - basepage - INFO - 闪电侠鼠标连点器点击成功
2019-10-14 16:44:25,820 - basepage - INFO - 网易MUMU点击成功
2019-10-14 16:44:28,548 - basepage - INFO - 保卫萝卜3（电脑版）点击成功
2019-10-14 16:44:31,273 - basepage - INFO - 影音先锋点击成功
2019-10-14 16:44:34,058 - basepage - INFO - 看图纸 DwgSee Plus点击成功
2019-10-14 16:44:36,901 - basepage - INFO - 金山词霸点击成功
2019-10-14 16:44:39,625 - basepage - INFO - 优酷客户端点击成功
2019-10-14 16:44:42,342 - basepage - INFO - Firefox Portable 火狐便携版点击成功
2019-10-14 16:44:45,075 - 桔梗软件站详情页 - INFO - id="xgd"点击成功
2019-10-14 16:44:45,085 - basepage - INFO - DTS音效大师点击成功
2019-10-14 16:44:47,823 - basepage - INFO - 钉钉点击成功
2019-10-14 16:44:50,551 - basepage - INFO - 艺赛旗RPA点击成功
2019-10-14 16:44:53,343 - basepage - INFO - 希沃白板点击成功
2019-10-14 16:44:56,128 - basepage - INFO - 艾奇KTV电子相册点击成功
2019-10-14 16:44:58,857 - basepage - INFO - WPS Office点击成功
2019-10-14 16:45:01,589 - basepage - INFO - 酷家乐3D室内装修设计软件点击成功
2019-10-14 16:45:04,324 - basepage - INFO - 迅雷9正式版点击成功
2019-10-14 16:45:07,051 - basepage - INFO - QQ音乐点击成功
2019-10-14 16:45:09,779 - basepage - INFO - 隐身侠点击成功
2019-10-14 16:45:12,599 - basepage - INFO - Desktopcal桌面日历点击成功
2019-10-14 16:45:15,420 - basepage - INFO - steam游戏助手点击成功
2019-10-14 16:45:18,137 - basepage - INFO - 简单课堂3.41.10.1902点击成功
2019-10-14 16:45:20,856 - basepage - INFO - 友益文书点击成功
2019-10-14 16:45:23,580 - basepage - INFO - 浩辰CAD看图王点击成功
2019-10-14 16:45:26,314 - basepage - INFO - 线刷宝点击成功
2019-10-14 16:45:29,058 - basepage - INFO - 酷我音乐高音质版点击成功
2019-10-14 16:45:31,825 - basepage - INFO - 荒野行动点击成功
2019-10-14 16:45:34,627 - basepage - INFO - 极点五笔点击成功
2019-10-14 16:45:37,345 - basepage - INFO - 虾米音乐点击成功
2019-10-14 16:45:40,069 - 桔梗软件站详情页 - INFO - id="reci"点击成功
2019-10-14 16:45:40,079 - basepage - INFO - DTS音效大师点击成功
2019-10-14 16:45:42,800 - basepage - INFO - 钉钉点击成功
2019-10-14 16:45:45,522 - basepage - INFO - 艺赛旗RPA点击成功
2019-10-14 16:45:48,250 - basepage - INFO - 希沃白板点击成功
2019-10-14 16:45:50,979 - basepage - INFO - 艾奇KTV电子相册点击成功
2019-10-14 16:45:53,714 - basepage - INFO - WPS Office点击成功
2019-10-14 16:45:56,433 - basepage - INFO - 酷家乐3D室内装修设计软件点击成功
2019-10-14 16:45:59,164 - basepage - INFO - 迅雷9正式版点击成功
2019-10-14 16:46:01,899 - basepage - INFO - QQ音乐点击成功
2019-10-14 16:46:04,615 - basepage - INFO - 隐身侠点击成功
2019-10-14 16:46:07,345 - 桔梗软件站详情页 - INFO - id="recomc"点击成功
2019-10-14 16:46:09,156 - basepage - INFO - 钉钉免费下载_钉钉免费版_钉钉-桔梗下载站点击成功
2019-10-14 16:46:09,870 - basepage - INFO - 软件下载中心、最安全的软件资源下载点击成功
2019-10-14 16:46:10,913 - basepage - INFO - Click back on current page.
2019-10-14 16:46:10,940 - basepage - INFO - 腾讯视频搜索成功
2019-10-14 16:46:11,653 - basepage - INFO - 钉钉免费下载_钉钉免费版_钉钉-桔梗下载站点击成功
2019-10-14 16:46:12,207 - basepage - INFO - 软件下载中心、最安全的软件资源下载打开成功
2019-10-14 16:46:12,748 - basepage - INFO - 【视频软件】排行榜_【视频软件】哪个好_软件下载中心打开成功
2019-10-14 16:46:13,287 - basepage - INFO - 【音乐软件】排行榜_【音乐软件】哪个好_软件下载中心打开成功
2019-10-14 16:46:13,827 - basepage - INFO - 【游戏娱乐】排行榜_【游戏娱乐】哪个好_软件下载中心打开成功
2019-10-14 16:46:14,379 - basepage - INFO - 【办公软件】排行榜_【办公软件】哪个好_软件下载中心打开成功
2019-10-14 16:46:14,942 - basepage - INFO - 【手机数码】排行榜_【手机数码】哪个好_软件下载中心打开成功
2019-10-14 16:46:15,520 - basepage - INFO - 【系统工具】排行榜_【系统工具】哪个好_软件下载中心打开成功
2019-10-14 16:46:16,059 - basepage - INFO - 【股票网银】排行榜_【股票网银】哪个好_软件下载中心打开成功
2019-10-14 16:46:16,600 - basepage - INFO - 【网络应用】排行榜_【网络应用】哪个好_软件下载中心打开成功
2019-10-14 16:46:17,445 - basepage - INFO - 【下载工具】排行榜_【下载工具】哪个好_软件下载中心打开成功
2019-10-14 16:46:18,246 - basepage - INFO - 【输入法】排行榜_【输入法】哪个好_软件下载中心打开成功
2019-10-14 16:46:19,078 - basepage - INFO - 【图形图像】排行榜_【图形图像】哪个好_软件下载中心打开成功
2019-10-14 16:46:19,914 - basepage - INFO - 【阅读翻译】排行榜_【阅读翻译】哪个好_软件下载中心打开成功
2019-10-14 16:46:20,758 - basepage - INFO - 【主题壁纸】排行榜_【主题壁纸】哪个好_软件下载中心打开成功
2019-10-14 16:46:21,559 - basepage - INFO - 【压缩刻录】排行榜_【压缩刻录】哪个好_软件下载中心打开成功
2019-10-14 16:46:22,375 - basepage - INFO - 【编程开发】排行榜_【编程开发】哪个好_软件下载中心打开成功
2019-10-14 16:46:23,186 - basepage - INFO - 【行业软件】排行榜_【行业软件】哪个好_软件下载中心打开成功
2019-10-14 16:46:23,992 - basepage - INFO - 【其他软件】排行榜_【其他软件】哪个好_软件下载中心打开成功
2019-10-14 16:46:24,804 - basepage - INFO - 【浏览器】排行榜_【浏览器】哪个好_软件下载中心打开成功
2019-10-14 16:46:25,747 - basepage - INFO - 【聊天工具】排行榜_【聊天工具】哪个好_软件下载中心打开成功
2019-10-14 16:46:26,555 - basepage - INFO - 【保驾护航】排行榜_【保驾护航】哪个好_软件下载中心打开成功
2019-10-14 16:46:27,316 - basepage - INFO - 钉钉免费下载_钉钉免费版_钉钉-桔梗下载站点击成功
2019-10-14 16:46:28,040 - basepage - INFO - 钉钉免费下载_钉钉免费版_钉钉-桔梗下载站点击成功
2019-10-14 16:46:28,764 - basepage - INFO - 钉钉免费下载_钉钉免费版_钉钉-桔梗下载站点击成功
2019-10-14 16:46:28,774 - basepage - INFO - 酷我音乐点击成功
2019-10-14 16:46:31,502 - basepage - INFO - 好图看看点击成功
2019-10-14 16:46:34,229 - basepage - INFO - 迅雷点击成功
2019-10-14 16:46:36,959 - basepage - INFO - 风行影音点击成功
2019-10-14 16:46:39,779 - basepage - INFO - 虎牙直播点击成功
2019-10-14 16:46:42,567 - basepage - INFO - 传奇霸业点击成功
2019-10-14 16:46:45,304 - basepage - INFO - 软件介绍
人气软件
下载地址点击成功
2019-10-14 16:46:48,027 - 桔梗软件站详情页 - INFO - id="mtab"点击成功
2019-10-14 16:46:48,040 - basepage - INFO - DTS音效大师点击成功
2019-10-14 16:46:50,764 - basepage - INFO - 钉钉点击成功
2019-10-14 16:46:53,485 - basepage - INFO - 艺赛旗RPA点击成功
2019-10-14 16:46:56,218 - basepage - INFO - 希沃白板点击成功
2019-10-14 16:46:58,944 - basepage - INFO - 艾奇KTV电子相册点击成功
2019-10-14 16:47:01,665 - basepage - INFO - WPS Office点击成功
2019-10-14 16:47:04,395 - basepage - INFO - 酷家乐3D室内装修设计软件点击成功
2019-10-14 16:47:07,122 - 桔梗软件站详情页 - INFO - id="jrgx"点击成功
2019-10-14 16:47:07,132 - basepage - INFO - 电信高速下载点击成功
2019-10-14 16:47:09,855 - basepage - INFO - 联通高速下载点击成功
2019-10-14 16:47:12,589 - basepage - INFO - 移动高速下载点击成功
2019-10-14 16:47:15,318 - 桔梗软件站详情页 - INFO - id="download"点击成功
2019-10-14 16:47:15,324 - basepage - INFO - 乐播投屏点击成功
2019-10-14 16:47:18,047 - basepage - INFO - 租号玩点击成功
2019-10-14 16:47:20,780 - basepage - INFO - 闪电侠鼠标连点器点击成功
2019-10-14 16:47:23,511 - basepage - INFO - 网易MUMU点击成功
2019-10-14 16:47:26,243 - basepage - INFO - 保卫萝卜3（电脑版）点击成功
2019-10-14 16:47:28,962 - basepage - INFO - 影音先锋点击成功
2019-10-14 16:47:31,697 - basepage - INFO - 看图纸 DwgSee Plus点击成功
2019-10-14 16:47:34,426 - basepage - INFO - 金山词霸点击成功
2019-10-14 16:47:37,152 - basepage - INFO - 优酷客户端点击成功
2019-10-14 16:47:39,881 - basepage - INFO - Firefox Portable 火狐便携版点击成功
2019-10-14 16:47:42,604 - 桔梗软件站详情页 - INFO - id="xgd"点击成功
2019-10-14 16:47:42,614 - basepage - INFO - DTS音效大师点击成功
2019-10-14 16:47:45,332 - basepage - INFO - 钉钉点击成功
2019-10-14 16:47:48,055 - basepage - INFO - 艺赛旗RPA点击成功
2019-10-14 16:47:50,789 - basepage - INFO - 希沃白板点击成功
2019-10-14 16:47:53,511 - basepage - INFO - 艾奇KTV电子相册点击成功
2019-10-14 16:47:56,241 - basepage - INFO - WPS Office点击成功
2019-10-14 16:47:58,964 - basepage - INFO - 酷家乐3D室内装修设计软件点击成功
2019-10-14 16:48:01,679 - basepage - INFO - 迅雷9正式版点击成功
2019-10-14 16:48:04,500 - basepage - INFO - QQ音乐点击成功
2019-10-14 16:48:07,331 - basepage - INFO - 隐身侠点击成功
2019-10-14 16:48:10,054 - basepage - INFO - Desktopcal桌面日历点击成功
2019-10-14 16:48:12,786 - basepage - INFO - steam游戏助手点击成功
2019-10-14 16:48:15,518 - basepage - INFO - 简单课堂3.41.10.1902点击成功
2019-10-14 16:48:18,234 - basepage - INFO - 友益文书点击成功
2019-10-14 16:48:20,959 - basepage - INFO - 浩辰CAD看图王点击成功
2019-10-14 16:48:23,692 - basepage - INFO - 线刷宝点击成功
2019-10-14 16:48:26,432 - basepage - INFO - 酷我音乐高音质版点击成功
2019-10-14 16:48:29,246 - basepage - INFO - 荒野行动点击成功
2019-10-14 16:48:32,133 - basepage - INFO - 极点五笔点击成功
2019-10-14 16:48:34,860 - basepage - INFO - 虾米音乐点击成功
2019-10-14 16:48:37,584 - 桔梗软件站详情页 - INFO - id="reci"点击成功
2019-10-14 16:48:37,594 - basepage - INFO - DTS音效大师点击成功
2019-10-14 16:48:40,314 - basepage - INFO - 钉钉点击成功
2019-10-14 16:48:43,042 - basepage - INFO - 艺赛旗RPA点击成功
2019-10-14 16:48:45,763 - basepage - INFO - 希沃白板点击成功
2019-10-14 16:48:48,483 - basepage - INFO - 艾奇KTV电子相册点击成功
2019-10-14 16:48:51,208 - basepage - INFO - WPS Office点击成功
2019-10-14 16:48:53,932 - basepage - INFO - 酷家乐3D室内装修设计软件点击成功
2019-10-14 16:48:56,657 - basepage - INFO - 迅雷9正式版点击成功
2019-10-14 16:48:59,386 - basepage - INFO - QQ音乐点击成功
2019-10-14 16:49:02,115 - basepage - INFO - 隐身侠点击成功
2019-10-14 16:49:04,840 - 桔梗软件站详情页 - INFO - id="recomc"点击成功
2019-10-14 16:49:07,192 - basepage - INFO - 艺赛旗RPA免费下载_艺赛旗RPA免费版_艺赛旗RPA-桔梗下载站点击成功
2019-10-14 16:49:07,863 - basepage - INFO - 软件下载中心、最安全的软件资源下载点击成功
2019-10-14 16:49:08,659 - basepage - INFO - Click back on current page.
2019-10-14 16:49:08,675 - basepage - INFO - 腾讯视频搜索成功
2019-10-14 16:49:09,398 - basepage - INFO - 艺赛旗RPA免费下载_艺赛旗RPA免费版_艺赛旗RPA-桔梗下载站点击成功
2019-10-14 16:49:10,001 - basepage - INFO - 软件下载中心、最安全的软件资源下载打开成功
2019-10-14 16:49:10,585 - basepage - INFO - 【视频软件】排行榜_【视频软件】哪个好_软件下载中心打开成功
2019-10-14 16:49:11,180 - basepage - INFO - 【音乐软件】排行榜_【音乐软件】哪个好_软件下载中心打开成功
2019-10-14 16:49:11,725 - basepage - INFO - 【游戏娱乐】排行榜_【游戏娱乐】哪个好_软件下载中心打开成功
2019-10-14 16:49:12,284 - basepage - INFO - 【办公软件】排行榜_【办公软件】哪个好_软件下载中心打开成功
2019-10-14 16:49:12,830 - basepage - INFO - 【手机数码】排行榜_【手机数码】哪个好_软件下载中心打开成功
2019-10-14 16:49:13,372 - basepage - INFO - 【系统工具】排行榜_【系统工具】哪个好_软件下载中心打开成功
2019-10-14 16:49:13,907 - basepage - INFO - 【股票网银】排行榜_【股票网银】哪个好_软件下载中心打开成功
2019-10-14 16:49:14,454 - basepage - INFO - 【网络应用】排行榜_【网络应用】哪个好_软件下载中心打开成功
2019-10-14 16:49:15,282 - basepage - INFO - 【下载工具】排行榜_【下载工具】哪个好_软件下载中心打开成功
2019-10-14 16:49:16,208 - basepage - INFO - 【输入法】排行榜_【输入法】哪个好_软件下载中心打开成功
2019-10-14 16:49:17,062 - basepage - INFO - 【图形图像】排行榜_【图形图像】哪个好_软件下载中心打开成功
2019-10-14 16:49:17,884 - basepage - INFO - 【阅读翻译】排行榜_【阅读翻译】哪个好_软件下载中心打开成功
2019-10-14 16:49:18,724 - basepage - INFO - 【主题壁纸】排行榜_【主题壁纸】哪个好_软件下载中心打开成功
2019-10-14 16:49:19,551 - basepage - INFO - 【压缩刻录】排行榜_【压缩刻录】哪个好_软件下载中心打开成功
2019-10-14 16:49:20,417 - basepage - INFO - 【编程开发】排行榜_【编程开发】哪个好_软件下载中心打开成功
2019-10-14 16:49:21,320 - basepage - INFO - 【行业软件】排行榜_【行业软件】哪个好_软件下载中心打开成功
2019-10-14 16:49:22,170 - basepage - INFO - 【其他软件】排行榜_【其他软件】哪个好_软件下载中心打开成功
2019-10-14 16:49:22,996 - basepage - INFO - 【浏览器】排行榜_【浏览器】哪个好_软件下载中心打开成功
2019-10-14 16:49:23,820 - basepage - INFO - 【聊天工具】排行榜_【聊天工具】哪个好_软件下载中心打开成功
2019-10-14 16:49:24,648 - basepage - INFO - 【保驾护航】排行榜_【保驾护航】哪个好_软件下载中心打开成功
2019-10-14 16:49:25,397 - basepage - INFO - 艺赛旗RPA免费下载_艺赛旗RPA免费版_艺赛旗RPA-桔梗下载站点击成功
2019-10-14 16:49:26,120 - basepage - INFO - 艺赛旗RPA免费下载_艺赛旗RPA免费版_艺赛旗RPA-桔梗下载站点击成功
2019-10-14 16:49:26,876 - basepage - INFO - 艺赛旗RPA免费下载_艺赛旗RPA免费版_艺赛旗RPA-桔梗下载站点击成功
2019-10-14 16:49:26,888 - basepage - INFO - 酷我音乐点击成功
2019-10-14 16:49:29,624 - basepage - INFO - 好图看看点击成功
2019-10-14 16:49:32,400 - basepage - INFO - 迅雷点击成功
2019-10-14 16:49:35,262 - basepage - INFO - 风行影音点击成功
2019-10-14 16:49:37,997 - basepage - INFO - 虎牙直播点击成功
2019-10-14 16:49:40,726 - basepage - INFO - 传奇霸业点击成功
2019-10-14 16:49:43,477 - basepage - INFO - 软件介绍
人气软件
下载地址点击成功
2019-10-14 16:49:46,211 - 桔梗软件站详情页 - INFO - id="mtab"点击成功
2019-10-14 16:49:46,221 - basepage - INFO - DTS音效大师点击成功
2019-10-14 16:49:48,952 - basepage - INFO - 钉钉点击成功
2019-10-14 16:49:51,686 - basepage - INFO - 艺赛旗RPA点击成功
2019-10-14 16:49:54,414 - basepage - INFO - 希沃白板点击成功
2019-10-14 16:49:57,204 - basepage - INFO - 艾奇KTV电子相册点击成功
2019-10-14 16:50:00,105 - basepage - INFO - WPS Office点击成功
2019-10-14 16:50:02,839 - basepage - INFO - 酷家乐3D室内装修设计软件点击成功
2019-10-14 16:50:05,565 - 桔梗软件站详情页 - INFO - id="jrgx"点击成功
2019-10-14 16:50:05,565 - basepage - INFO - 电信高速下载点击成功
2019-10-14 16:50:08,292 - basepage - INFO - 联通高速下载点击成功
2019-10-14 16:50:11,022 - basepage - INFO - 移动高速下载点击成功
2019-10-14 16:50:13,752 - 桔梗软件站详情页 - INFO - id="download"点击成功
2019-10-14 16:50:13,762 - basepage - INFO - 乐播投屏点击成功
2019-10-14 16:50:16,479 - basepage - INFO - 租号玩点击成功
2019-10-14 16:50:19,226 - basepage - INFO - 闪电侠鼠标连点器点击成功
2019-10-14 16:50:21,958 - basepage - INFO - 网易MUMU点击成功
2019-10-14 16:50:24,681 - basepage - INFO - 保卫萝卜3（电脑版）点击成功
2019-10-14 16:50:27,409 - basepage - INFO - 影音先锋点击成功
2019-10-14 16:50:30,147 - basepage - INFO - 看图纸 DwgSee Plus点击成功
2019-10-14 16:50:32,874 - basepage - INFO - 金山词霸点击成功
2019-10-14 16:50:35,601 - basepage - INFO - 优酷客户端点击成功
2019-10-14 16:50:38,334 - basepage - INFO - Firefox Portable 火狐便携版点击成功
2019-10-14 16:50:41,060 - 桔梗软件站详情页 - INFO - id="xgd"点击成功
2019-10-14 16:50:41,070 - basepage - INFO - DTS音效大师点击成功
2019-10-14 16:50:43,792 - basepage - INFO - 钉钉点击成功
2019-10-14 16:50:46,516 - basepage - INFO - 艺赛旗RPA点击成功
2019-10-14 16:50:49,243 - basepage - INFO - 希沃白板点击成功
2019-10-14 16:50:51,971 - basepage - INFO - 艾奇KTV电子相册点击成功
2019-10-14 16:50:54,698 - basepage - INFO - WPS Office点击成功
2019-10-14 16:50:57,418 - basepage - INFO - 酷家乐3D室内装修设计软件点击成功
2019-10-14 16:51:00,141 - basepage - INFO - 迅雷9正式版点击成功
2019-10-14 16:51:02,866 - basepage - INFO - QQ音乐点击成功
2019-10-14 16:51:05,580 - basepage - INFO - 隐身侠点击成功
2019-10-14 16:51:08,309 - basepage - INFO - Desktopcal桌面日历点击成功
2019-10-14 16:51:11,032 - basepage - INFO - steam游戏助手点击成功
2019-10-14 16:51:13,760 - basepage - INFO - 简单课堂3.41.10.1902点击成功
2019-10-14 16:51:16,507 - basepage - INFO - 友益文书点击成功
2019-10-14 16:51:19,235 - basepage - INFO - 浩辰CAD看图王点击成功
2019-10-14 16:51:21,966 - basepage - INFO - 线刷宝点击成功
