2019-10-14 20:48:36,371 - 系统 - INFO - 创建softjiegeng_download文件夹成功
2019-10-14 20:48:45,828 - basepage - INFO - 桔梗软件站自动化测试开始
2019-10-14 20:48:45,830 - basepage - INFO - 隐性等待10秒
2019-10-14 20:48:49,021 - basepage - INFO - 跳转至http://soft.jiegeng.com/
2019-10-14 20:48:49,306 - basepage - INFO - 窗口已经最大化
2019-10-14 20:48:51,062 - basepage - INFO - 软件下载中心、最安全的软件资源下载点击成功
2019-10-14 20:48:53,359 - basepage - INFO - 加速器搜索成功
2019-10-14 20:48:56,030 - basepage - INFO - 搜索_加速器_软件下载中心点击成功
2019-10-14 20:48:58,620 - basepage - INFO - Click back on current page.
2019-10-14 20:48:59,432 - basepage - INFO - 软件下载中心、最安全的软件资源下载点击成功
2019-10-14 20:49:01,964 - basepage - INFO - 【视频软件】排行榜_【视频软件】哪个好_软件下载中心点击成功
2019-10-14 20:49:04,433 - basepage - INFO - 【视频软件】排行榜_【视频软件】哪个好_软件下载中心点击成功
2019-10-14 20:49:06,992 - basepage - INFO - 【音乐软件】排行榜_【音乐软件】哪个好_软件下载中心点击成功
2019-10-14 20:49:09,462 - basepage - INFO - 【系统工具】排行榜_【系统工具】哪个好_软件下载中心点击成功
2019-10-14 20:49:12,089 - basepage - INFO - 【下载工具】排行榜_【下载工具】哪个好_软件下载中心点击成功
2019-10-14 20:49:15,072 - basepage - INFO - 【办公软件】排行榜_【办公软件】哪个好_软件下载中心点击成功
2019-10-14 20:49:17,644 - basepage - INFO - 【手机数码】排行榜_【手机数码】哪个好_软件下载中心点击成功
2019-10-14 20:49:20,317 - basepage - INFO - 【输入法】排行榜_【输入法】哪个好_软件下载中心点击成功
2019-10-14 20:49:22,944 - basepage - INFO - 【图形图像】排行榜_【图形图像】哪个好_软件下载中心点击成功
2019-10-14 20:49:25,528 - basepage - INFO - 【股票网银】排行榜_【股票网银】哪个好_软件下载中心点击成功
2019-10-14 20:49:28,025 - basepage - INFO - 【阅读翻译】排行榜_【阅读翻译】哪个好_软件下载中心点击成功
2019-10-14 20:49:30,656 - basepage - INFO - 【网络应用】排行榜_【网络应用】哪个好_软件下载中心点击成功
2019-10-14 20:49:34,081 - basepage - INFO - 【主题壁纸】排行榜_【主题壁纸】哪个好_软件下载中心点击成功
2019-10-14 20:49:36,839 - basepage - INFO - 【教育学习】排行榜_【教育学习】哪个好_软件下载中心点击成功
2019-10-14 20:49:39,383 - basepage - INFO - 【压缩刻录】排行榜_【压缩刻录】哪个好_软件下载中心点击成功
2019-10-14 20:49:41,924 - basepage - INFO - 【编程开发】排行榜_【编程开发】哪个好_软件下载中心点击成功
2019-10-14 20:49:44,529 - basepage - INFO - 【行业软件】排行榜_【行业软件】哪个好_软件下载中心点击成功
2019-10-14 20:49:47,182 - basepage - INFO - 【其他软件】排行榜_【其他软件】哪个好_软件下载中心点击成功
2019-10-14 20:49:49,711 - basepage - INFO - 【游戏娱乐】排行榜_【游戏娱乐】哪个好_软件下载中心点击成功
2019-10-14 20:49:52,274 - basepage - INFO - 【浏览器】排行榜_【浏览器】哪个好_软件下载中心点击成功
2019-10-14 20:49:54,871 - basepage - INFO - 【聊天工具】排行榜_【聊天工具】哪个好_软件下载中心点击成功
2019-10-14 20:49:57,974 - basepage - INFO - 【保驾护航】排行榜_【保驾护航】哪个好_软件下载中心点击成功
2019-10-14 20:50:00,419 - basepage - INFO - 软件下载中心、最安全的软件资源下载点击成功
2019-10-14 20:50:04,460 - basepage - INFO - 益盟操盘手免费下载_益盟操盘手免费版_益盟操盘手-桔梗下载站点击成功
2019-10-14 20:50:04,907 - basepage - INFO - 软件下载中心、最安全的软件资源下载点击成功
2019-10-14 20:50:05,460 - basepage - INFO - Click back on current page.
2019-10-14 20:50:05,491 - basepage - INFO - 腾讯视频搜索成功
2019-10-14 20:50:06,222 - basepage - INFO - 益盟操盘手免费下载_益盟操盘手免费版_益盟操盘手-桔梗下载站点击成功
2019-10-14 20:50:06,844 - basepage - INFO - 搜索_腾讯视频_软件下载中心打开成功
2019-10-14 20:50:06,891 - basepage - INFO - 软件下载中心、最安全的软件资源下载打开成功
2019-10-14 20:50:07,447 - basepage - INFO - 【视频软件】排行榜_【视频软件】哪个好_软件下载中心打开成功
2019-10-14 20:50:07,985 - basepage - INFO - 【音乐软件】排行榜_【音乐软件】哪个好_软件下载中心打开成功
2019-10-14 20:50:08,521 - basepage - INFO - 【游戏娱乐】排行榜_【游戏娱乐】哪个好_软件下载中心打开成功
2019-10-14 20:50:09,058 - basepage - INFO - 【办公软件】排行榜_【办公软件】哪个好_软件下载中心打开成功
2019-10-14 20:50:09,601 - basepage - INFO - 【手机数码】排行榜_【手机数码】哪个好_软件下载中心打开成功
2019-10-14 20:50:10,150 - basepage - INFO - 【系统工具】排行榜_【系统工具】哪个好_软件下载中心打开成功
2019-10-14 20:50:10,702 - basepage - INFO - 【股票网银】排行榜_【股票网银】哪个好_软件下载中心打开成功
2019-10-14 20:50:11,246 - basepage - INFO - 【网络应用】排行榜_【网络应用】哪个好_软件下载中心打开成功
2019-10-14 20:50:12,073 - basepage - INFO - 【下载工具】排行榜_【下载工具】哪个好_软件下载中心打开成功
2019-10-14 20:50:12,870 - basepage - INFO - 【输入法】排行榜_【输入法】哪个好_软件下载中心打开成功
2019-10-14 20:50:13,680 - basepage - INFO - 【图形图像】排行榜_【图形图像】哪个好_软件下载中心打开成功
2019-10-14 20:50:14,486 - basepage - INFO - 打开成功
2019-10-14 20:50:15,300 - basepage - INFO - 【主题壁纸】排行榜_【主题壁纸】哪个好_软件下载中心打开成功
2019-10-14 20:50:16,147 - basepage - INFO - 【压缩刻录】排行榜_【压缩刻录】哪个好_软件下载中心打开成功
2019-10-14 20:50:16,951 - basepage - INFO - 【编程开发】排行榜_【编程开发】哪个好_软件下载中心打开成功
2019-10-14 20:50:17,753 - basepage - INFO - 【行业软件】排行榜_【行业软件】哪个好_软件下载中心打开成功
2019-10-14 20:50:18,576 - basepage - INFO - 【其他软件】排行榜_【其他软件】哪个好_软件下载中心打开成功
2019-10-14 20:50:19,380 - basepage - INFO - 【浏览器】排行榜_【浏览器】哪个好_软件下载中心打开成功
2019-10-14 20:50:20,251 - basepage - INFO - 【聊天工具】排行榜_【聊天工具】哪个好_软件下载中心打开成功
2019-10-14 20:50:21,088 - basepage - INFO - 【保驾护航】排行榜_【保驾护航】哪个好_软件下载中心打开成功
2019-10-14 20:50:21,864 - basepage - INFO - 益盟操盘手免费下载_益盟操盘手免费版_益盟操盘手-桔梗下载站点击成功
2019-10-14 20:50:22,597 - basepage - INFO - 益盟操盘手免费下载_益盟操盘手免费版_益盟操盘手-桔梗下载站点击成功
