2019-10-14 13:03:21,597 - basepage - INFO - 桔梗软件站自动化测试开始
2019-10-14 13:03:21,610 - basepage - INFO - 隐性等待10秒
2019-10-14 13:03:22,727 - basepage - INFO - 跳转至http://soft.jiegeng.com/
2019-10-14 13:03:22,985 - basepage - INFO - 窗口已经最大化
2019-10-14 13:03:24,809 - basepage - INFO - 软件下载中心、最安全的软件资源下载点击成功
2019-10-14 13:03:27,170 - basepage - INFO - 加速器搜索成功
2019-10-14 13:03:29,732 - basepage - INFO - 搜索_加速器_软件下载中心点击成功
2019-10-14 13:03:31,910 - basepage - INFO - Click back on current page.
2019-10-14 13:03:32,181 - basepage - INFO - 软件下载中心、最安全的软件资源下载点击成功
2019-10-14 13:03:34,445 - basepage - INFO - 【视频软件】排行榜_【视频软件】哪个好_软件下载中心点击成功
2019-10-14 13:03:36,676 - basepage - INFO - 【视频软件】排行榜_【视频软件】哪个好_软件下载中心点击成功
2019-10-14 13:03:39,083 - basepage - INFO - 【音乐软件】排行榜_【音乐软件】哪个好_软件下载中心点击成功
2019-10-14 13:03:41,382 - basepage - INFO - 【系统工具】排行榜_【系统工具】哪个好_软件下载中心点击成功
2019-10-14 13:03:43,682 - basepage - INFO - 【下载工具】排行榜_【下载工具】哪个好_软件下载中心点击成功
2019-10-14 13:03:45,963 - basepage - INFO - 【办公软件】排行榜_【办公软件】哪个好_软件下载中心点击成功
2019-10-14 13:03:48,231 - basepage - INFO - 【手机数码】排行榜_【手机数码】哪个好_软件下载中心点击成功
2019-10-14 13:03:50,652 - basepage - INFO - 【输入法】排行榜_【输入法】哪个好_软件下载中心点击成功
2019-10-14 13:03:52,956 - basepage - INFO - 【图形图像】排行榜_【图形图像】哪个好_软件下载中心点击成功
2019-10-14 13:03:55,302 - basepage - INFO - 【股票网银】排行榜_【股票网银】哪个好_软件下载中心点击成功
2019-10-14 13:03:57,602 - basepage - INFO - 【阅读翻译】排行榜_【阅读翻译】哪个好_软件下载中心点击成功
2019-10-14 13:03:59,924 - basepage - INFO - 【网络应用】排行榜_【网络应用】哪个好_软件下载中心点击成功
2019-10-14 13:04:02,190 - basepage - INFO - 【主题壁纸】排行榜_【主题壁纸】哪个好_软件下载中心点击成功
2019-10-14 13:04:04,494 - basepage - INFO - 【教育学习】排行榜_【教育学习】哪个好_软件下载中心点击成功
2019-10-14 13:04:06,765 - basepage - INFO - 【压缩刻录】排行榜_【压缩刻录】哪个好_软件下载中心点击成功
2019-10-14 13:04:09,112 - basepage - INFO - 【编程开发】排行榜_【编程开发】哪个好_软件下载中心点击成功
2019-10-14 13:04:11,452 - basepage - INFO - 【行业软件】排行榜_【行业软件】哪个好_软件下载中心点击成功
2019-10-14 13:04:13,734 - basepage - INFO - 【其他软件】排行榜_【其他软件】哪个好_软件下载中心点击成功
2019-10-14 13:04:16,119 - basepage - INFO - 【游戏娱乐】排行榜_【游戏娱乐】哪个好_软件下载中心点击成功
2019-10-14 13:04:18,354 - basepage - INFO - 【浏览器】排行榜_【浏览器】哪个好_软件下载中心点击成功
2019-10-14 13:04:20,679 - basepage - INFO - 【聊天工具】排行榜_【聊天工具】哪个好_软件下载中心点击成功
2019-10-14 13:04:23,230 - basepage - INFO - 【保驾护航】排行榜_【保驾护航】哪个好_软件下载中心点击成功
2019-10-14 13:04:25,614 - basepage - INFO - 软件下载中心、最安全的软件资源下载点击成功
2019-10-14 13:04:27,657 - basepage - INFO - 打开成功
2019-10-14 13:04:29,125 - basepage - INFO - 益盟操盘手免费下载_益盟操盘手免费版_益盟操盘手-桔梗下载站点击成功
2019-10-14 13:04:34,348 - basepage - INFO - 益盟操盘手免费下载_益盟操盘手免费版_益盟操盘手-桔梗下载站点击成功
2019-10-14 13:04:34,731 - basepage - INFO - Click back on current page.
2019-10-14 13:04:45,680 - basepage - INFO - DTS音效大师免费下载_DTS音效大师免费版_DTS音效大师-桔梗下载站点击成功
2019-10-14 13:04:46,257 - basepage - INFO - 软件下载中心、最安全的软件资源下载点击成功
2019-10-14 13:04:46,892 - basepage - INFO - Click back on current page.
2019-10-14 13:04:46,908 - basepage - INFO - 腾讯视频搜索成功
2019-10-14 13:04:47,172 - basepage - INFO - DTS音效大师免费下载_DTS音效大师免费版_DTS音效大师-桔梗下载站点击成功
2019-10-14 13:04:47,276 - basepage - INFO - 打开成功
2019-10-14 13:04:47,373 - basepage - INFO - 打开成功
2019-10-14 13:04:47,466 - basepage - INFO - 打开成功
2019-10-14 13:04:47,546 - basepage - INFO - 打开成功
2019-10-14 13:04:47,631 - basepage - INFO - 打开成功
2019-10-14 13:04:47,715 - basepage - INFO - 打开成功
2019-10-14 13:04:47,803 - basepage - INFO - 打开成功
2019-10-14 13:04:47,881 - basepage - INFO - 打开成功
2019-10-14 13:04:47,964 - basepage - INFO - 打开成功
2019-10-14 13:04:48,325 - basepage - INFO - 打开成功
2019-10-14 13:04:48,663 - basepage - INFO - 打开成功
2019-10-14 13:04:49,010 - basepage - INFO - 打开成功
2019-10-14 13:04:49,359 - basepage - INFO - 打开成功
2019-10-14 13:04:49,704 - basepage - INFO - 打开成功
2019-10-14 13:04:50,832 - basepage - INFO - 【编程开发】排行榜_【编程开发】哪个好_软件下载中心打开成功
2019-10-14 13:04:50,878 - basepage - INFO - 【压缩刻录】排行榜_【压缩刻录】哪个好_软件下载中心打开成功
2019-10-14 13:04:51,245 - basepage - INFO - 打开成功
2019-10-14 13:04:51,596 - basepage - INFO - 打开成功
2019-10-14 13:04:52,729 - basepage - INFO - 【聊天工具】排行榜_【聊天工具】哪个好_软件下载中心打开成功
2019-10-14 13:04:52,829 - basepage - INFO - 【浏览器】排行榜_【浏览器】哪个好_软件下载中心打开成功
2019-10-14 13:04:53,224 - basepage - INFO - 打开成功
2019-10-14 13:04:53,534 - basepage - INFO - DTS音效大师免费下载_DTS音效大师免费版_DTS音效大师-桔梗下载站点击成功
2019-10-14 13:04:53,784 - basepage - INFO - DTS音效大师免费下载_DTS音效大师免费版_DTS音效大师-桔梗下载站点击成功
2019-10-14 13:04:54,049 - basepage - INFO - DTS音效大师免费下载_DTS音效大师免费版_DTS音效大师-桔梗下载站点击成功
2019-10-14 13:04:54,056 - basepage - INFO - 酷我音乐点击成功
2019-10-14 13:04:56,347 - basepage - INFO - 好图看看点击成功
2019-10-14 13:04:58,610 - basepage - INFO - 迅雷点击成功
2019-10-14 13:05:00,872 - basepage - INFO - 风行影音点击成功
2019-10-14 13:05:03,116 - basepage - INFO - 虎牙直播点击成功
2019-10-14 13:05:05,354 - basepage - INFO - 传奇霸业点击成功
2019-10-14 13:05:07,615 - basepage - INFO - 软件介绍
人气软件
下载地址点击成功
2019-10-14 13:05:09,854 - 桔梗软件站详情页 - INFO - id="mtab"点击成功
2019-10-14 13:05:09,866 - basepage - INFO - DTS音效大师点击成功
2019-10-14 13:05:12,152 - basepage - INFO - 钉钉点击成功
2019-10-14 13:05:14,419 - basepage - INFO - 艺赛旗RPA点击成功
2019-10-14 13:05:16,684 - basepage - INFO - 希沃白板点击成功
2019-10-14 13:05:18,956 - basepage - INFO - 艾奇KTV电子相册点击成功
2019-10-14 13:05:21,239 - basepage - INFO - WPS Office点击成功
2019-10-14 13:05:23,603 - basepage - INFO - 酷家乐3D室内装修设计软件点击成功
2019-10-14 13:05:25,857 - 桔梗软件站详情页 - INFO - id="jrgx"点击成功
2019-10-14 13:05:25,865 - basepage - INFO - 电信高速下载点击成功
2019-10-14 13:05:28,152 - basepage - INFO - 联通高速下载点击成功
2019-10-14 13:05:30,405 - basepage - INFO - 移动高速下载点击成功
2019-10-14 13:05:32,660 - 桔梗软件站详情页 - INFO - id="download"点击成功
2019-10-14 13:05:32,672 - basepage - INFO - 乐播投屏点击成功
