2019-10-14 13:09:37,839 - basepage - INFO - 桔梗软件站自动化测试开始
2019-10-14 13:09:37,847 - basepage - INFO - 隐性等待10秒
2019-10-14 13:09:39,231 - basepage - INFO - 跳转至http://soft.jiegeng.com/
2019-10-14 13:09:39,494 - basepage - INFO - 窗口已经最大化
2019-10-14 13:09:42,037 - basepage - INFO - 益盟操盘手免费下载_益盟操盘手免费版_益盟操盘手-桔梗下载站点击成功
2019-10-14 13:09:42,516 - basepage - INFO - 软件下载中心、最安全的软件资源下载点击成功
2019-10-14 13:09:43,170 - basepage - INFO - Click back on current page.
2019-10-14 13:09:43,247 - basepage - INFO - 腾讯视频搜索成功
2019-10-14 13:09:43,533 - basepage - INFO - 益盟操盘手免费下载_益盟操盘手免费版_益盟操盘手-桔梗下载站点击成功
2019-10-14 13:09:43,642 - basepage - INFO - 打开成功
2019-10-14 13:09:43,759 - basepage - INFO - 打开成功
2019-10-14 13:09:43,864 - basepage - INFO - 打开成功
2019-10-14 13:09:44,010 - basepage - INFO - 打开成功
2019-10-14 13:09:44,138 - basepage - INFO - 打开成功
2019-10-14 13:09:44,261 - basepage - INFO - 打开成功
2019-10-14 13:09:44,390 - basepage - INFO - 打开成功
2019-10-14 13:09:44,522 - basepage - INFO - 打开成功
2019-10-14 13:09:44,665 - basepage - INFO - 打开成功
2019-10-14 13:09:45,060 - basepage - INFO - 打开成功
2019-10-14 13:09:45,437 - basepage - INFO - 打开成功
2019-10-14 13:09:45,789 - basepage - INFO - 打开成功
2019-10-14 13:09:46,146 - basepage - INFO - 打开成功
2019-10-14 13:09:46,508 - basepage - INFO - 打开成功
2019-10-14 13:09:46,856 - basepage - INFO - 打开成功
2019-10-14 13:09:47,206 - basepage - INFO - 打开成功
2019-10-14 13:09:47,594 - basepage - INFO - 打开成功
2019-10-14 13:09:47,941 - basepage - INFO - 打开成功
2019-10-14 13:09:48,290 - basepage - INFO - 打开成功
2019-10-14 13:09:48,641 - basepage - INFO - 打开成功
2019-10-14 13:09:49,278 - basepage - INFO - 益盟操盘手免费下载_益盟操盘手免费版_益盟操盘手-桔梗下载站点击成功
2019-10-14 13:09:49,560 - basepage - INFO - 益盟操盘手免费下载_益盟操盘手免费版_益盟操盘手-桔梗下载站点击成功
2019-10-14 13:09:49,821 - basepage - INFO - 益盟操盘手免费下载_益盟操盘手免费版_益盟操盘手-桔梗下载站点击成功
2019-10-14 13:09:49,842 - basepage - INFO - 酷我音乐点击成功
2019-10-14 13:09:52,099 - basepage - INFO - 好图看看点击成功
2019-10-14 13:09:54,367 - basepage - INFO - 迅雷点击成功
2019-10-14 13:09:56,652 - basepage - INFO - 风行影音点击成功
2019-10-14 13:09:58,924 - basepage - INFO - 虎牙直播点击成功
2019-10-14 13:10:01,189 - basepage - INFO - 传奇霸业点击成功
2019-10-14 13:10:03,445 - basepage - INFO - 软件介绍
人气软件
下载地址点击成功
2019-10-14 13:10:05,737 - 桔梗软件站详情页 - INFO - id="mtab"点击成功
2019-10-14 13:10:05,748 - basepage - INFO - 益盟操盘手点击成功
2019-10-14 13:10:08,004 - basepage - INFO - DTS音效大师点击成功
2019-10-14 13:10:10,254 - basepage - INFO - 钉钉点击成功
2019-10-14 13:10:12,506 - basepage - INFO - 艺赛旗RPA点击成功
2019-10-14 13:10:14,767 - basepage - INFO - 希沃白板点击成功
2019-10-14 13:10:17,032 - basepage - INFO - 艾奇KTV电子相册点击成功
2019-10-14 13:10:19,287 - basepage - INFO - WPS Office点击成功
2019-10-14 13:10:21,549 - 桔梗软件站详情页 - INFO - id="jrgx"点击成功
2019-10-14 13:10:21,549 - basepage - INFO - 电信高速下载点击成功
2019-10-14 13:10:23,804 - basepage - INFO - 联通高速下载点击成功
2019-10-14 13:10:26,068 - basepage - INFO - 移动高速下载点击成功
2019-10-14 13:10:28,322 - 桔梗软件站详情页 - INFO - id="download"点击成功
2019-10-14 13:10:28,332 - basepage - INFO - 乐播投屏点击成功
2019-10-14 13:10:30,591 - basepage - INFO - 租号玩点击成功
2019-10-14 13:10:32,851 - basepage - INFO - 闪电侠鼠标连点器点击成功
2019-10-14 13:10:35,101 - basepage - INFO - 网易MUMU点击成功
2019-10-14 13:10:37,357 - basepage - INFO - 保卫萝卜3（电脑版）点击成功
2019-10-14 13:10:39,609 - basepage - INFO - 影音先锋点击成功
2019-10-14 13:10:41,863 - basepage - INFO - 看图纸 DwgSee Plus点击成功
2019-10-14 13:10:44,105 - basepage - INFO - 金山词霸点击成功
2019-10-14 13:10:46,369 - basepage - INFO - 优酷客户端点击成功
2019-10-14 13:10:48,629 - basepage - INFO - Firefox Portable 火狐便携版点击成功
