2019-10-14 19:58:03,696 - 桔梗软件站 - INFO - 创建iDownload成功
2019-10-14 19:58:08,590 - basepage - INFO - 桔梗软件站自动化测试开始
2019-10-14 19:58:08,601 - basepage - INFO - 隐性等待10秒
2019-10-14 19:58:14,854 - 桔梗软件站 - INFO - 桌面已有iDownload文件夹
2019-10-14 19:58:14,855 - 桔梗软件站 - INFO - 删除非空iDownload成功
2019-10-14 19:58:20,238 - basepage - INFO - 桔梗软件站自动化测试开始
2019-10-14 19:58:20,253 - basepage - INFO - 隐性等待10秒
2019-10-14 19:58:21,955 - basepage - INFO - 跳转至http://soft.jiegeng.com/
2019-10-14 19:58:22,236 - basepage - INFO - 窗口已经最大化
2019-10-14 19:58:24,156 - basepage - INFO - 软件下载中心、最安全的软件资源下载点击成功
2019-10-14 19:58:26,453 - basepage - INFO - 加速器搜索成功
2019-10-14 19:58:29,008 - basepage - INFO - 搜索_加速器_软件下载中心点击成功
2019-10-14 19:58:31,235 - basepage - INFO - Click back on current page.
2019-10-14 19:58:31,496 - basepage - INFO - 软件下载中心、最安全的软件资源下载点击成功
2019-10-14 19:58:33,998 - basepage - INFO - 【视频软件】排行榜_【视频软件】哪个好_软件下载中心点击成功
2019-10-14 19:58:36,265 - basepage - INFO - 【视频软件】排行榜_【视频软件】哪个好_软件下载中心点击成功
2019-10-14 19:58:38,588 - basepage - INFO - 【音乐软件】排行榜_【音乐软件】哪个好_软件下载中心点击成功
2019-10-14 19:58:40,947 - basepage - INFO - 【系统工具】排行榜_【系统工具】哪个好_软件下载中心点击成功
2019-10-14 19:58:43,331 - basepage - INFO - 【下载工具】排行榜_【下载工具】哪个好_软件下载中心点击成功
2019-10-14 19:58:45,685 - basepage - INFO - 【办公软件】排行榜_【办公软件】哪个好_软件下载中心点击成功
2019-10-14 19:58:47,988 - basepage - INFO - 【手机数码】排行榜_【手机数码】哪个好_软件下载中心点击成功
2019-10-14 19:58:50,400 - basepage - INFO - 【输入法】排行榜_【输入法】哪个好_软件下载中心点击成功
2019-10-14 19:58:52,787 - basepage - INFO - 【图形图像】排行榜_【图形图像】哪个好_软件下载中心点击成功
2019-10-14 19:58:55,122 - basepage - INFO - 【股票网银】排行榜_【股票网银】哪个好_软件下载中心点击成功
2019-10-14 19:58:57,458 - basepage - INFO - 【阅读翻译】排行榜_【阅读翻译】哪个好_软件下载中心点击成功
2019-10-14 19:58:59,758 - basepage - INFO - 【网络应用】排行榜_【网络应用】哪个好_软件下载中心点击成功
2019-10-14 19:59:02,206 - basepage - INFO - 【主题壁纸】排行榜_【主题壁纸】哪个好_软件下载中心点击成功
2019-10-14 19:59:04,545 - basepage - INFO - 【教育学习】排行榜_【教育学习】哪个好_软件下载中心点击成功
2019-10-14 19:59:06,913 - basepage - INFO - 【压缩刻录】排行榜_【压缩刻录】哪个好_软件下载中心点击成功
2019-10-14 19:59:09,242 - basepage - INFO - 【编程开发】排行榜_【编程开发】哪个好_软件下载中心点击成功
2019-10-14 19:59:11,675 - basepage - INFO - 【行业软件】排行榜_【行业软件】哪个好_软件下载中心点击成功
2019-10-14 19:59:13,960 - basepage - INFO - 【其他软件】排行榜_【其他软件】哪个好_软件下载中心点击成功
2019-10-14 19:59:16,243 - basepage - INFO - 【游戏娱乐】排行榜_【游戏娱乐】哪个好_软件下载中心点击成功
2019-10-14 19:59:18,575 - basepage - INFO - 【浏览器】排行榜_【浏览器】哪个好_软件下载中心点击成功
2019-10-14 19:59:20,899 - basepage - INFO - 【聊天工具】排行榜_【聊天工具】哪个好_软件下载中心点击成功
2019-10-14 19:59:23,452 - basepage - INFO - 【保驾护航】排行榜_【保驾护航】哪个好_软件下载中心点击成功
2019-10-14 19:59:25,818 - basepage - INFO - 软件下载中心、最安全的软件资源下载点击成功
2019-10-14 19:59:30,558 - basepage - INFO - 益盟操盘手免费下载_益盟操盘手免费版_益盟操盘手-桔梗下载站点击成功
2019-10-14 19:59:30,916 - basepage - INFO - 软件下载中心、最安全的软件资源下载点击成功
2019-10-14 19:59:31,537 - basepage - INFO - Click back on current page.
2019-10-14 19:59:31,560 - basepage - INFO - 腾讯视频搜索成功
2019-10-14 19:59:32,036 - basepage - INFO - 益盟操盘手免费下载_益盟操盘手免费版_益盟操盘手-桔梗下载站点击成功
2019-10-14 19:59:32,610 - basepage - INFO - 搜索_腾讯视频_软件下载中心打开成功
2019-10-14 19:59:33,152 - basepage - INFO - 软件下载中心、最安全的软件资源下载打开成功
2019-10-14 19:59:33,707 - basepage - INFO - 【视频软件】排行榜_【视频软件】哪个好_软件下载中心打开成功
2019-10-14 19:59:34,178 - basepage - INFO - 【音乐软件】排行榜_【音乐软件】哪个好_软件下载中心打开成功
2019-10-14 19:59:34,390 - basepage - INFO - 【游戏娱乐】排行榜_【游戏娱乐】哪个好_软件下载中心打开成功
2019-10-14 19:59:35,231 - basepage - INFO - 【办公软件】排行榜_【办公软件】哪个好_软件下载中心打开成功
2019-10-14 19:59:35,440 - basepage - INFO - 【手机数码】排行榜_【手机数码】哪个好_软件下载中心打开成功
2019-10-14 19:59:36,191 - basepage - INFO - 打开成功
2019-10-14 19:59:36,375 - basepage - INFO - 【股票网银】排行榜_【股票网银】哪个好_软件下载中心打开成功
2019-10-14 19:59:37,392 - basepage - INFO - 【网络应用】排行榜_【网络应用】哪个好_软件下载中心打开成功
2019-10-14 19:59:38,076 - basepage - INFO - 【下载工具】排行榜_【下载工具】哪个好_软件下载中心打开成功
2019-10-14 19:59:38,735 - basepage - INFO - 【输入法】排行榜_【输入法】哪个好_软件下载中心打开成功
2019-10-14 19:59:39,406 - basepage - INFO - 【图形图像】排行榜_【图形图像】哪个好_软件下载中心打开成功
2019-10-14 19:59:40,139 - basepage - INFO - 【阅读翻译】排行榜_【阅读翻译】哪个好_软件下载中心打开成功
2019-10-14 19:59:40,860 - basepage - INFO - 【主题壁纸】排行榜_【主题壁纸】哪个好_软件下载中心打开成功
2019-10-14 19:59:41,574 - basepage - INFO - 【压缩刻录】排行榜_【压缩刻录】哪个好_软件下载中心打开成功
2019-10-14 19:59:42,295 - basepage - INFO - 【编程开发】排行榜_【编程开发】哪个好_软件下载中心打开成功
2019-10-14 19:59:42,994 - basepage - INFO - 【行业软件】排行榜_【行业软件】哪个好_软件下载中心打开成功
2019-10-14 19:59:43,629 - basepage - INFO - 【其他软件】排行榜_【其他软件】哪个好_软件下载中心打开成功
2019-10-14 19:59:44,290 - basepage - INFO - 【浏览器】排行榜_【浏览器】哪个好_软件下载中心打开成功
2019-10-14 19:59:44,926 - basepage - INFO - 【聊天工具】排行榜_【聊天工具】哪个好_软件下载中心打开成功
2019-10-14 19:59:45,104 - basepage - INFO - 打开成功
2019-10-14 19:59:45,624 - basepage - INFO - 益盟操盘手免费下载_益盟操盘手免费版_益盟操盘手-桔梗下载站点击成功
2019-10-14 19:59:46,097 - basepage - INFO - 益盟操盘手免费下载_益盟操盘手免费版_益盟操盘手-桔梗下载站点击成功
2019-10-14 19:59:46,806 - basepage - INFO - 益盟操盘手免费下载_益盟操盘手免费版_益盟操盘手-桔梗下载站点击成功
2019-10-14 19:59:46,860 - basepage - INFO - 酷我音乐点击成功
2019-10-14 19:59:49,436 - basepage - INFO - 好图看看点击成功
2019-10-14 19:59:51,803 - basepage - INFO - 迅雷点击成功
2019-10-14 19:59:54,163 - basepage - INFO - 风行影音点击成功
2019-10-14 19:59:56,528 - basepage - INFO - 虎牙直播点击成功
2019-10-14 19:59:58,906 - basepage - INFO - 传奇霸业点击成功
2019-10-14 20:00:01,277 - basepage - INFO - 软件介绍
人气软件
下载地址点击成功
2019-10-14 20:00:03,633 - 桔梗软件站详情页 - INFO - id="mtab"点击成功
2019-10-14 20:00:03,651 - basepage - INFO - 益盟操盘手点击成功
2019-10-14 20:00:06,095 - basepage - INFO - DTS音效大师点击成功
2019-10-14 20:00:08,511 - basepage - INFO - 钉钉点击成功
2019-10-14 20:00:10,895 - basepage - INFO - 艺赛旗RPA点击成功
2019-10-14 20:00:13,268 - basepage - INFO - 希沃白板点击成功
2019-10-14 20:00:15,676 - basepage - INFO - 艾奇KTV电子相册点击成功
2019-10-14 20:00:18,064 - basepage - INFO - WPS Office点击成功
2019-10-14 20:00:20,824 - 桔梗软件站详情页 - INFO - id="jrgx"点击成功
2019-10-14 20:00:20,836 - basepage - INFO - 电信高速下载点击成功
2019-10-14 20:00:23,565 - basepage - INFO - 联通高速下载点击成功
2019-10-14 20:00:26,281 - basepage - INFO - 移动高速下载点击成功
2019-10-14 20:00:28,991 - 桔梗软件站详情页 - INFO - id="download"点击成功
2019-10-14 20:00:29,004 - basepage - INFO - 乐播投屏点击成功
2019-10-14 20:00:31,720 - basepage - INFO - 租号玩点击成功
2019-10-14 20:00:34,433 - basepage - INFO - 闪电侠鼠标连点器点击成功
2019-10-14 20:00:37,151 - basepage - INFO - 网易MUMU点击成功
2019-10-14 20:00:39,867 - basepage - INFO - 保卫萝卜3（电脑版）点击成功
2019-10-14 20:00:42,586 - basepage - INFO - 影音先锋点击成功
2019-10-14 20:00:45,304 - basepage - INFO - 看图纸 DwgSee Plus点击成功
2019-10-14 20:00:47,649 - basepage - INFO - 金山词霸点击成功
2019-10-14 20:00:49,987 - basepage - INFO - 优酷客户端点击成功
