2019-10-14 16:31:59,211 - basepage - INFO - 桔梗软件站自动化测试开始
2019-10-14 16:31:59,215 - basepage - INFO - 隐性等待10秒
2019-10-14 16:32:05,389 - basepage - INFO - 跳转至http://soft.jiegeng.com/
2019-10-14 16:32:05,656 - basepage - INFO - 窗口已经最大化
2019-10-14 16:32:08,691 - basepage - INFO - 益盟操盘手免费下载_益盟操盘手免费版_益盟操盘手-桔梗下载站点击成功
2019-10-14 16:32:09,132 - basepage - INFO - 软件下载中心、最安全的软件资源下载点击成功
2019-10-14 16:32:10,998 - basepage - INFO - Click back on current page.
2019-10-14 16:32:11,019 - basepage - INFO - 腾讯视频搜索成功
2019-10-14 16:32:11,358 - basepage - INFO - 益盟操盘手免费下载_益盟操盘手免费版_益盟操盘手-桔梗下载站点击成功
2019-10-14 16:32:11,834 - basepage - INFO - 软件下载中心、最安全的软件资源下载打开成功
2019-10-14 16:32:12,038 - basepage - INFO - 打开成功
2019-10-14 16:32:12,694 - basepage - INFO - 打开成功
2019-10-14 16:32:13,605 - basepage - INFO - 【游戏娱乐】排行榜_【游戏娱乐】哪个好_软件下载中心打开成功
2019-10-14 16:32:13,828 - basepage - INFO - 【办公软件】排行榜_【办公软件】哪个好_软件下载中心打开成功
2019-10-14 16:32:14,287 - basepage - INFO - 打开成功
2019-10-14 16:32:14,772 - basepage - INFO - 打开成功
2019-10-14 16:32:14,841 - basepage - INFO - 打开成功
2019-10-14 16:32:15,590 - basepage - INFO - 【网络应用】排行榜_【网络应用】哪个好_软件下载中心打开成功
2019-10-14 16:32:15,692 - basepage - INFO - 打开成功
2019-10-14 16:32:16,623 - basepage - INFO - 【输入法】排行榜_【输入法】哪个好_软件下载中心打开成功
2019-10-14 16:32:17,172 - basepage - INFO - 【图形图像】排行榜_【图形图像】哪个好_软件下载中心打开成功
2019-10-14 16:32:17,701 - basepage - INFO - 【阅读翻译】排行榜_【阅读翻译】哪个好_软件下载中心打开成功
2019-10-14 16:32:18,208 - basepage - INFO - 【主题壁纸】排行榜_【主题壁纸】哪个好_软件下载中心打开成功
2019-10-14 16:32:18,756 - basepage - INFO - 【压缩刻录】排行榜_【压缩刻录】哪个好_软件下载中心打开成功
2019-10-14 16:32:19,420 - basepage - INFO - 【编程开发】排行榜_【编程开发】哪个好_软件下载中心打开成功
2019-10-14 16:32:20,004 - basepage - INFO - 【行业软件】排行榜_【行业软件】哪个好_软件下载中心打开成功
2019-10-14 16:32:20,554 - basepage - INFO - 【其他软件】排行榜_【其他软件】哪个好_软件下载中心打开成功
2019-10-14 16:32:21,091 - basepage - INFO - 【浏览器】排行榜_【浏览器】哪个好_软件下载中心打开成功
2019-10-14 16:32:21,630 - basepage - INFO - 【聊天工具】排行榜_【聊天工具】哪个好_软件下载中心打开成功
2019-10-14 16:32:22,139 - basepage - INFO - 益盟操盘手免费下载_益盟操盘手免费版_益盟操盘手-桔梗下载站点击成功
2019-10-14 16:32:22,548 - basepage - INFO - 益盟操盘手免费下载_益盟操盘手免费版_益盟操盘手-桔梗下载站点击成功
2019-10-14 16:32:22,925 - basepage - INFO - 益盟操盘手免费下载_益盟操盘手免费版_益盟操盘手-桔梗下载站点击成功
2019-10-14 16:32:22,952 - basepage - INFO - 酷我音乐点击成功
2019-10-14 16:32:25,329 - basepage - INFO - 好图看看点击成功
2019-10-14 16:32:27,692 - basepage - INFO - 迅雷点击成功
2019-10-14 16:32:30,029 - basepage - INFO - 风行影音点击成功
2019-10-14 16:32:32,393 - basepage - INFO - 虎牙直播点击成功
2019-10-14 16:32:34,737 - basepage - INFO - 传奇霸业点击成功
2019-10-14 16:32:37,079 - basepage - INFO - 软件介绍
人气软件
下载地址点击成功
2019-10-14 16:32:39,422 - 桔梗软件站详情页 - INFO - id="mtab"点击成功
2019-10-14 16:32:39,422 - basepage - INFO - 益盟操盘手点击成功
2019-10-14 16:32:41,782 - basepage - INFO - DTS音效大师点击成功
2019-10-14 16:32:44,187 - basepage - INFO - 钉钉点击成功
2019-10-14 16:32:46,565 - basepage - INFO - 艺赛旗RPA点击成功
2019-10-14 16:32:48,924 - basepage - INFO - 希沃白板点击成功
2019-10-14 16:32:51,270 - basepage - INFO - 艾奇KTV电子相册点击成功
2019-10-14 16:32:53,616 - basepage - INFO - WPS Office点击成功
2019-10-14 16:32:55,966 - 桔梗软件站详情页 - INFO - id="jrgx"点击成功
2019-10-14 16:32:55,966 - basepage - INFO - 电信高速下载点击成功
2019-10-14 16:32:58,310 - basepage - INFO - 联通高速下载点击成功
2019-10-14 16:33:00,660 - basepage - INFO - 移动高速下载点击成功
2019-10-14 16:33:03,000 - 桔梗软件站详情页 - INFO - id="download"点击成功
2019-10-14 16:33:03,011 - basepage - INFO - 乐播投屏点击成功
2019-10-14 16:33:05,361 - basepage - INFO - 租号玩点击成功
2019-10-14 16:33:07,711 - basepage - INFO - 闪电侠鼠标连点器点击成功
2019-10-14 16:33:10,066 - basepage - INFO - 网易MUMU点击成功
2019-10-14 16:33:12,415 - basepage - INFO - 保卫萝卜3（电脑版）点击成功
2019-10-14 16:33:14,774 - basepage - INFO - 影音先锋点击成功
