2019-10-14 13:13:06,759 - basepage - INFO - 桔梗软件站自动化测试开始
2019-10-14 13:13:06,769 - basepage - INFO - 隐性等待10秒
2019-10-14 13:13:11,055 - basepage - INFO - 跳转至http://soft.jiegeng.com/
2019-10-14 13:13:11,325 - basepage - INFO - 窗口已经最大化
2019-10-14 13:13:13,797 - basepage - INFO - 益盟操盘手免费下载_益盟操盘手免费版_益盟操盘手-桔梗下载站点击成功
2019-10-14 13:13:14,187 - basepage - INFO - 软件下载中心、最安全的软件资源下载点击成功
2019-10-14 13:13:15,218 - basepage - INFO - Click back on current page.
2019-10-14 13:13:15,296 - basepage - INFO - 腾讯视频搜索成功
2019-10-14 13:13:15,734 - basepage - INFO - 益盟操盘手免费下载_益盟操盘手免费版_益盟操盘手-桔梗下载站点击成功
2019-10-14 13:13:16,042 - basepage - INFO - 打开成功
2019-10-14 13:13:16,611 - basepage - INFO - 打开成功
2019-10-14 13:13:16,943 - basepage - INFO - 【音乐软件】排行榜_【音乐软件】哪个好_软件下载中心打开成功
2019-10-14 13:13:17,327 - basepage - INFO - 【游戏娱乐】排行榜_【游戏娱乐】哪个好_软件下载中心打开成功
2019-10-14 13:13:17,439 - basepage - INFO - 打开成功
2019-10-14 13:13:17,893 - basepage - INFO - 打开成功
2019-10-14 13:13:18,008 - basepage - INFO - 打开成功
2019-10-14 13:13:18,286 - basepage - INFO - 打开成功
2019-10-14 13:13:18,576 - basepage - INFO - 打开成功
2019-10-14 13:13:19,616 - basepage - INFO - 【下载工具】排行榜_【下载工具】哪个好_软件下载中心打开成功
2019-10-14 13:13:20,205 - basepage - INFO - 【输入法】排行榜_【输入法】哪个好_软件下载中心打开成功
2019-10-14 13:13:20,760 - basepage - INFO - 【图形图像】排行榜_【图形图像】哪个好_软件下载中心打开成功
2019-10-14 13:13:21,306 - basepage - INFO - 【阅读翻译】排行榜_【阅读翻译】哪个好_软件下载中心打开成功
2019-10-14 13:13:21,824 - basepage - INFO - 【主题壁纸】排行榜_【主题壁纸】哪个好_软件下载中心打开成功
2019-10-14 13:13:22,364 - basepage - INFO - 【压缩刻录】排行榜_【压缩刻录】哪个好_软件下载中心打开成功
2019-10-14 13:13:22,492 - basepage - INFO - 打开成功
2019-10-14 13:13:23,510 - basepage - INFO - 【行业软件】排行榜_【行业软件】哪个好_软件下载中心打开成功
2019-10-14 13:13:24,075 - basepage - INFO - 【其他软件】排行榜_【其他软件】哪个好_软件下载中心打开成功
2019-10-14 13:13:24,633 - basepage - INFO - 【浏览器】排行榜_【浏览器】哪个好_软件下载中心打开成功
2019-10-14 13:13:25,192 - basepage - INFO - 【聊天工具】排行榜_【聊天工具】哪个好_软件下载中心打开成功
2019-10-14 13:13:25,665 - basepage - INFO - 益盟操盘手免费下载_益盟操盘手免费版_益盟操盘手-桔梗下载站点击成功
2019-10-14 13:13:26,084 - basepage - INFO - 益盟操盘手免费下载_益盟操盘手免费版_益盟操盘手-桔梗下载站点击成功
2019-10-14 13:13:26,554 - basepage - INFO - 益盟操盘手免费下载_益盟操盘手免费版_益盟操盘手-桔梗下载站点击成功
2019-10-14 13:13:26,571 - basepage - INFO - 酷我音乐点击成功
2019-10-14 13:13:28,988 - basepage - INFO - 好图看看点击成功
2019-10-14 13:13:31,388 - basepage - INFO - 迅雷点击成功
2019-10-14 13:13:33,811 - basepage - INFO - 风行影音点击成功
2019-10-14 13:13:36,173 - basepage - INFO - 虎牙直播点击成功
2019-10-14 13:13:38,520 - basepage - INFO - 传奇霸业点击成功
2019-10-14 13:13:40,874 - basepage - INFO - 软件介绍
人气软件
下载地址点击成功
2019-10-14 13:13:43,261 - 桔梗软件站详情页 - INFO - id="mtab"点击成功
2019-10-14 13:13:43,271 - basepage - INFO - 益盟操盘手点击成功
2019-10-14 13:13:45,626 - basepage - INFO - DTS音效大师点击成功
2019-10-14 13:13:47,992 - basepage - INFO - 钉钉点击成功
2019-10-14 13:13:50,346 - basepage - INFO - 艺赛旗RPA点击成功
2019-10-14 13:13:52,683 - basepage - INFO - 希沃白板点击成功
2019-10-14 13:13:55,116 - basepage - INFO - 艾奇KTV电子相册点击成功
2019-10-14 13:13:57,509 - basepage - INFO - WPS Office点击成功
2019-10-14 13:13:59,863 - 桔梗软件站详情页 - INFO - id="jrgx"点击成功
2019-10-14 13:13:59,872 - basepage - INFO - 电信高速下载点击成功
2019-10-14 13:14:02,208 - basepage - INFO - 联通高速下载点击成功
2019-10-14 13:14:04,559 - basepage - INFO - 移动高速下载点击成功
2019-10-14 13:14:06,905 - 桔梗软件站详情页 - INFO - id="download"点击成功
2019-10-14 13:14:06,915 - basepage - INFO - 乐播投屏点击成功
2019-10-14 13:14:09,271 - basepage - INFO - 租号玩点击成功
2019-10-14 13:14:11,658 - basepage - INFO - 闪电侠鼠标连点器点击成功
2019-10-14 13:14:14,049 - basepage - INFO - 网易MUMU点击成功
2019-10-14 13:14:16,407 - basepage - INFO - 保卫萝卜3（电脑版）点击成功
2019-10-14 13:14:19,146 - basepage - INFO - 影音先锋点击成功
2019-10-14 13:14:21,874 - basepage - INFO - 看图纸 DwgSee Plus点击成功
2019-10-14 13:14:24,612 - basepage - INFO - 金山词霸点击成功
2019-10-14 13:14:27,340 - basepage - INFO - 优酷客户端点击成功
2019-10-14 13:14:30,066 - basepage - INFO - Firefox Portable 火狐便携版点击成功
2019-10-14 13:14:32,784 - 桔梗软件站详情页 - INFO - id="xgd"点击成功
2019-10-14 13:14:32,795 - basepage - INFO - 益盟操盘手点击成功
2019-10-14 13:14:35,516 - basepage - INFO - DTS音效大师点击成功
2019-10-14 13:14:38,239 - basepage - INFO - 钉钉点击成功
2019-10-14 13:14:40,970 - basepage - INFO - 艺赛旗RPA点击成功
2019-10-14 13:14:43,798 - basepage - INFO - 希沃白板点击成功
2019-10-14 13:14:46,574 - basepage - INFO - 艾奇KTV电子相册点击成功
2019-10-14 13:14:49,326 - basepage - INFO - WPS Office点击成功
2019-10-14 13:14:52,069 - basepage - INFO - 酷家乐3D室内装修设计软件点击成功
2019-10-14 13:14:54,792 - basepage - INFO - 迅雷9正式版点击成功
2019-10-14 13:14:57,531 - basepage - INFO - QQ音乐点击成功
2019-10-14 13:15:00,256 - basepage - INFO - 隐身侠点击成功
