2019-10-14 20:07:07,046 - 系统 - INFO - 桌面已有iDownload文件夹
2019-10-14 20:07:07,047 - 系统 - INFO - 删除非空iDownload成功
2019-10-14 20:07:11,311 - basepage - INFO - 桔梗软件站自动化测试开始
2019-10-14 20:07:11,324 - basepage - INFO - 隐性等待10秒
2019-10-14 20:07:12,696 - basepage - INFO - 跳转至http://soft.jiegeng.com/
2019-10-14 20:07:12,968 - basepage - INFO - 窗口已经最大化
2019-10-14 20:07:15,770 - basepage - INFO - 益盟操盘手免费下载_益盟操盘手免费版_益盟操盘手-桔梗下载站点击成功
2019-10-14 20:07:16,359 - basepage - INFO - 软件下载中心、最安全的软件资源下载点击成功
2019-10-14 20:07:17,946 - basepage - INFO - Click back on current page.
2019-10-14 20:07:17,969 - basepage - INFO - 腾讯视频搜索成功
2019-10-14 20:07:18,691 - basepage - INFO - 益盟操盘手免费下载_益盟操盘手免费版_益盟操盘手-桔梗下载站点击成功
2019-10-14 20:07:19,253 - basepage - INFO - 软件下载中心、最安全的软件资源下载打开成功
2019-10-14 20:07:19,828 - basepage - INFO - 【视频软件】排行榜_【视频软件】哪个好_软件下载中心打开成功
2019-10-14 20:07:20,411 - basepage - INFO - 【音乐软件】排行榜_【音乐软件】哪个好_软件下载中心打开成功
2019-10-14 20:07:20,975 - basepage - INFO - 【游戏娱乐】排行榜_【游戏娱乐】哪个好_软件下载中心打开成功
2019-10-14 20:07:21,528 - basepage - INFO - 【办公软件】排行榜_【办公软件】哪个好_软件下载中心打开成功
2019-10-14 20:07:22,072 - basepage - INFO - 【手机数码】排行榜_【手机数码】哪个好_软件下载中心打开成功
2019-10-14 20:07:22,612 - basepage - INFO - 【系统工具】排行榜_【系统工具】哪个好_软件下载中心打开成功
2019-10-14 20:07:23,160 - basepage - INFO - 【股票网银】排行榜_【股票网银】哪个好_软件下载中心打开成功
2019-10-14 20:07:23,714 - basepage - INFO - 【网络应用】排行榜_【网络应用】哪个好_软件下载中心打开成功
2019-10-14 20:07:24,529 - basepage - INFO - 【下载工具】排行榜_【下载工具】哪个好_软件下载中心打开成功
2019-10-14 20:07:25,337 - basepage - INFO - 【输入法】排行榜_【输入法】哪个好_软件下载中心打开成功
2019-10-14 20:07:26,147 - basepage - INFO - 【图形图像】排行榜_【图形图像】哪个好_软件下载中心打开成功
2019-10-14 20:07:26,956 - basepage - INFO - 【阅读翻译】排行榜_【阅读翻译】哪个好_软件下载中心打开成功
2019-10-14 20:07:27,766 - basepage - INFO - 【主题壁纸】排行榜_【主题壁纸】哪个好_软件下载中心打开成功
2019-10-14 20:07:28,574 - basepage - INFO - 【压缩刻录】排行榜_【压缩刻录】哪个好_软件下载中心打开成功
2019-10-14 20:07:29,379 - basepage - INFO - 【编程开发】排行榜_【编程开发】哪个好_软件下载中心打开成功
2019-10-14 20:07:30,184 - basepage - INFO - 【行业软件】排行榜_【行业软件】哪个好_软件下载中心打开成功
2019-10-14 20:07:30,986 - basepage - INFO - 【其他软件】排行榜_【其他软件】哪个好_软件下载中心打开成功
2019-10-14 20:07:31,827 - basepage - INFO - 【浏览器】排行榜_【浏览器】哪个好_软件下载中心打开成功
2019-10-14 20:07:32,638 - basepage - INFO - 【聊天工具】排行榜_【聊天工具】哪个好_软件下载中心打开成功
2019-10-14 20:07:33,454 - basepage - INFO - 【保驾护航】排行榜_【保驾护航】哪个好_软件下载中心打开成功
2019-10-14 20:07:34,205 - basepage - INFO - 益盟操盘手免费下载_益盟操盘手免费版_益盟操盘手-桔梗下载站点击成功
2019-10-14 20:07:34,918 - basepage - INFO - 益盟操盘手免费下载_益盟操盘手免费版_益盟操盘手-桔梗下载站点击成功
2019-10-14 20:07:35,629 - basepage - INFO - 益盟操盘手免费下载_益盟操盘手免费版_益盟操盘手-桔梗下载站点击成功
2019-10-14 20:07:35,644 - basepage - INFO - 酷我音乐点击成功
2019-10-14 20:07:38,359 - basepage - INFO - 好图看看点击成功
2019-10-14 20:07:41,076 - basepage - INFO - 迅雷点击成功
2019-10-14 20:07:43,788 - basepage - INFO - 风行影音点击成功
2019-10-14 20:07:46,504 - basepage - INFO - 虎牙直播点击成功
2019-10-14 20:07:49,271 - basepage - INFO - 传奇霸业点击成功
2019-10-14 20:07:52,062 - basepage - INFO - 软件介绍
人气软件
下载地址点击成功
2019-10-14 20:07:54,770 - 桔梗软件站详情页 - INFO - id="mtab"点击成功
2019-10-14 20:07:54,782 - basepage - INFO - 益盟操盘手点击成功
2019-10-14 20:07:57,497 - basepage - INFO - DTS音效大师点击成功
2019-10-14 20:08:00,216 - basepage - INFO - 钉钉点击成功
2019-10-14 20:08:03,006 - basepage - INFO - 艺赛旗RPA点击成功
2019-10-14 20:08:05,759 - basepage - INFO - 希沃白板点击成功
2019-10-14 20:08:08,473 - basepage - INFO - 艾奇KTV电子相册点击成功
2019-10-14 20:08:11,187 - basepage - INFO - WPS Office点击成功
2019-10-14 20:08:13,895 - 桔梗软件站详情页 - INFO - id="jrgx"点击成功
2019-10-14 20:08:13,906 - basepage - INFO - 电信高速下载点击成功
2019-10-14 20:08:16,626 - basepage - INFO - 联通高速下载点击成功
2019-10-14 20:08:19,343 - basepage - INFO - 移动高速下载点击成功
2019-10-14 20:08:22,049 - 桔梗软件站详情页 - INFO - id="download"点击成功
2019-10-14 20:08:22,061 - basepage - INFO - 乐播投屏点击成功
2019-10-14 20:08:24,782 - basepage - INFO - 租号玩点击成功
2019-10-14 20:08:27,543 - basepage - INFO - 闪电侠鼠标连点器点击成功
2019-10-14 20:08:30,262 - basepage - INFO - 网易MUMU点击成功
2019-10-14 20:08:32,978 - basepage - INFO - 保卫萝卜3（电脑版）点击成功
2019-10-14 20:08:35,693 - basepage - INFO - 影音先锋点击成功
2019-10-14 20:08:38,407 - basepage - INFO - 看图纸 DwgSee Plus点击成功
2019-10-14 20:08:41,123 - basepage - INFO - 金山词霸点击成功
2019-10-14 20:08:43,837 - basepage - INFO - 优酷客户端点击成功
2019-10-14 20:08:46,552 - basepage - INFO - Firefox Portable 火狐便携版点击成功
2019-10-14 20:08:49,261 - 桔梗软件站详情页 - INFO - id="xgd"点击成功
2019-10-14 20:08:49,276 - basepage - INFO - 益盟操盘手点击成功
2019-10-14 20:08:51,990 - basepage - INFO - DTS音效大师点击成功
2019-10-14 20:08:54,712 - basepage - INFO - 钉钉点击成功
2019-10-14 20:08:57,425 - basepage - INFO - 艺赛旗RPA点击成功
2019-10-14 20:09:00,138 - basepage - INFO - 希沃白板点击成功
2019-10-14 20:09:02,862 - basepage - INFO - 艾奇KTV电子相册点击成功
2019-10-14 20:09:05,623 - basepage - INFO - WPS Office点击成功
2019-10-14 20:09:08,338 - basepage - INFO - 酷家乐3D室内装修设计软件点击成功
2019-10-14 20:09:11,093 - basepage - INFO - 迅雷9正式版点击成功
2019-10-14 20:09:13,810 - basepage - INFO - QQ音乐点击成功
2019-10-14 20:09:16,524 - basepage - INFO - 隐身侠点击成功
2019-10-14 20:09:19,241 - basepage - INFO - Desktopcal桌面日历点击成功
2019-10-14 20:09:21,958 - basepage - INFO - steam游戏助手点击成功
2019-10-14 20:09:24,672 - basepage - INFO - 简单课堂3.41.10.1902点击成功
2019-10-14 20:09:27,389 - basepage - INFO - 友益文书点击成功
2019-10-14 20:09:30,106 - basepage - INFO - 浩辰CAD看图王点击成功
2019-10-14 20:09:32,820 - basepage - INFO - 线刷宝点击成功
2019-10-14 20:09:35,534 - basepage - INFO - 酷我音乐高音质版点击成功
2019-10-14 20:09:38,249 - basepage - INFO - 荒野行动点击成功
2019-10-14 20:09:40,964 - basepage - INFO - 极点五笔点击成功
2019-10-14 20:09:43,672 - 桔梗软件站详情页 - INFO - id="reci"点击成功
2019-10-14 20:09:43,684 - basepage - INFO - 益盟操盘手点击成功
2019-10-14 20:09:46,478 - basepage - INFO - DTS音效大师点击成功
2019-10-14 20:09:49,278 - basepage - INFO - 钉钉点击成功
2019-10-14 20:09:51,993 - basepage - INFO - 艺赛旗RPA点击成功
