2019-09-25 19:05:51,673 - basepage - INFO - 桔梗软件站自动化测试开始
2019-09-25 19:05:51,676 - basepage - INFO - 隐性等待10秒
2019-09-25 19:05:52,526 - basepage - INFO - 跳转至http://soft.jiegeng.com/
2019-09-25 19:05:53,663 - basepage - INFO - 窗口已经最大化
2019-09-25 19:05:55,993 - basepage - INFO - 软件下载中心、最安全的软件资源下载点击成功
2019-09-25 19:05:58,129 - basepage - INFO - 加速器搜索成功
2019-09-25 19:06:00,611 - basepage - INFO - 搜索_加速器_软件下载中心点击成功
2019-09-25 19:06:02,809 - basepage - INFO - Click back on current page.
2019-09-25 19:06:03,069 - basepage - INFO - 软件下载中心、最安全的软件资源下载点击成功
2019-09-25 19:06:05,433 - basepage - INFO - 【视频软件】排行榜_【视频软件】哪个好_软件下载中心点击成功
2019-09-25 19:06:07,696 - basepage - INFO - 【视频软件】排行榜_【视频软件】哪个好_软件下载中心点击成功
2019-09-25 19:06:09,993 - basepage - INFO - 【音乐软件】排行榜_【音乐软件】哪个好_软件下载中心点击成功
2019-09-25 19:06:12,299 - basepage - INFO - 【系统工具】排行榜_【系统工具】哪个好_软件下载中心点击成功
2019-09-25 19:06:14,704 - basepage - INFO - 【下载工具】排行榜_【下载工具】哪个好_软件下载中心点击成功
2019-09-25 19:06:17,139 - basepage - INFO - 【办公软件】排行榜_【办公软件】哪个好_软件下载中心点击成功
2019-09-25 19:06:19,457 - basepage - INFO - 【手机数码】排行榜_【手机数码】哪个好_软件下载中心点击成功
2019-09-25 19:06:21,784 - basepage - INFO - 【输入法】排行榜_【输入法】哪个好_软件下载中心点击成功
2019-09-25 19:06:24,044 - basepage - INFO - 【图形图像】排行榜_【图形图像】哪个好_软件下载中心点击成功
2019-09-25 19:06:26,281 - basepage - INFO - 【股票网银】排行榜_【股票网银】哪个好_软件下载中心点击成功
2019-09-25 19:06:28,629 - basepage - INFO - 【阅读翻译】排行榜_【阅读翻译】哪个好_软件下载中心点击成功
2019-09-25 19:06:30,934 - basepage - INFO - 【网络应用】排行榜_【网络应用】哪个好_软件下载中心点击成功
2019-09-25 19:06:33,349 - basepage - INFO - 【主题壁纸】排行榜_【主题壁纸】哪个好_软件下载中心点击成功
2019-09-25 19:06:35,723 - basepage - INFO - 【教育学习】排行榜_【教育学习】哪个好_软件下载中心点击成功
2019-09-25 19:06:38,018 - basepage - INFO - 【压缩刻录】排行榜_【压缩刻录】哪个好_软件下载中心点击成功
2019-09-25 19:06:40,385 - basepage - INFO - 【编程开发】排行榜_【编程开发】哪个好_软件下载中心点击成功
2019-09-25 19:06:43,970 - basepage - INFO - 【行业软件】排行榜_【行业软件】哪个好_软件下载中心点击成功
2019-09-25 19:06:46,402 - basepage - INFO - 【其他软件】排行榜_【其他软件】哪个好_软件下载中心点击成功
2019-09-25 19:06:48,713 - basepage - INFO - 【游戏娱乐】排行榜_【游戏娱乐】哪个好_软件下载中心点击成功
2019-09-25 19:06:51,062 - basepage - INFO - 【浏览器】排行榜_【浏览器】哪个好_软件下载中心点击成功
2019-09-25 19:06:53,569 - basepage - INFO - 【聊天工具】排行榜_【聊天工具】哪个好_软件下载中心点击成功
2019-09-25 19:06:55,807 - basepage - INFO - 【保驾护航】排行榜_【保驾护航】哪个好_软件下载中心点击成功
2019-09-25 19:06:58,062 - basepage - INFO - 软件下载中心、最安全的软件资源下载点击成功
2019-09-25 19:07:01,173 - basepage - INFO - 完美世界免费下载_完美世界免费版_完美世界-桔梗下载站打开成功
2019-09-25 19:07:02,320 - basepage - INFO - 益盟操盘手智盈免费下载_益盟操盘手智盈免费版_益盟操盘手智盈-桔梗下载站点击成功
2019-09-25 19:07:02,688 - basepage - INFO - 软件下载中心、最安全的软件资源下载点击成功
2019-09-25 19:07:03,347 - basepage - INFO - Click back on current page.
2019-09-25 19:07:03,416 - basepage - INFO - 腾讯视频搜索成功
2019-09-25 19:07:03,504 - basepage - INFO - 益盟操盘手智盈免费下载_益盟操盘手智盈免费版_益盟操盘手智盈-桔梗下载站点击成功
2019-09-25 19:07:05,705 - basepage - INFO - 软件下载中心、最安全的软件资源下载打开成功
2019-09-25 19:07:06,889 - basepage - INFO - 【视频软件】排行榜_【视频软件】哪个好_软件下载中心打开成功
2019-09-25 19:07:08,073 - basepage - INFO - 【音乐软件】排行榜_【音乐软件】哪个好_软件下载中心打开成功
2019-09-25 19:07:09,237 - basepage - INFO - 【游戏娱乐】排行榜_【游戏娱乐】哪个好_软件下载中心打开成功
2019-09-25 19:07:10,456 - basepage - INFO - 【办公软件】排行榜_【办公软件】哪个好_软件下载中心打开成功
2019-09-25 19:07:11,623 - basepage - INFO - 【手机数码】排行榜_【手机数码】哪个好_软件下载中心打开成功
2019-09-25 19:07:12,805 - basepage - INFO - 【系统工具】排行榜_【系统工具】哪个好_软件下载中心打开成功
2019-09-25 19:07:13,987 - basepage - INFO - 【股票网银】排行榜_【股票网银】哪个好_软件下载中心打开成功
2019-09-25 19:07:15,189 - basepage - INFO - 【网络应用】排行榜_【网络应用】哪个好_软件下载中心打开成功
2019-09-25 19:07:16,525 - basepage - INFO - 【下载工具】排行榜_【下载工具】哪个好_软件下载中心打开成功
2019-09-25 19:07:17,727 - basepage - INFO - 【输入法】排行榜_【输入法】哪个好_软件下载中心打开成功
2019-09-25 19:07:18,921 - basepage - INFO - 【图形图像】排行榜_【图形图像】哪个好_软件下载中心打开成功
2019-09-25 19:07:20,178 - basepage - INFO - 【阅读翻译】排行榜_【阅读翻译】哪个好_软件下载中心打开成功
2019-09-25 19:07:21,375 - basepage - INFO - 【主题壁纸】排行榜_【主题壁纸】哪个好_软件下载中心打开成功
2019-09-25 19:07:22,594 - basepage - INFO - 【压缩刻录】排行榜_【压缩刻录】哪个好_软件下载中心打开成功
2019-09-25 19:07:23,787 - basepage - INFO - 【编程开发】排行榜_【编程开发】哪个好_软件下载中心打开成功
2019-09-25 19:07:39,593 - basepage - INFO - DTS音效大师免费下载_DTS音效大师免费版_DTS音效大师-桔梗下载站点击成功
2019-09-25 19:07:39,908 - basepage - INFO - 软件下载中心、最安全的软件资源下载点击成功
2019-09-25 19:07:40,310 - basepage - INFO - Click back on current page.
2019-09-25 19:07:40,398 - basepage - INFO - 腾讯视频搜索成功
2019-09-25 19:07:40,479 - basepage - INFO - DTS音效大师免费下载_DTS音效大师免费版_DTS音效大师-桔梗下载站点击成功
2019-09-25 19:07:42,675 - basepage - INFO - 软件下载中心、最安全的软件资源下载打开成功
2019-09-25 19:07:43,883 - basepage - INFO - 【视频软件】排行榜_【视频软件】哪个好_软件下载中心打开成功
2019-09-25 19:07:45,029 - basepage - INFO - 【音乐软件】排行榜_【音乐软件】哪个好_软件下载中心打开成功
2019-09-25 19:07:46,223 - basepage - INFO - 【游戏娱乐】排行榜_【游戏娱乐】哪个好_软件下载中心打开成功
2019-09-25 19:07:47,431 - basepage - INFO - 【办公软件】排行榜_【办公软件】哪个好_软件下载中心打开成功
2019-09-25 19:07:48,614 - basepage - INFO - 【手机数码】排行榜_【手机数码】哪个好_软件下载中心打开成功
2019-09-25 19:07:49,823 - basepage - INFO - 【系统工具】排行榜_【系统工具】哪个好_软件下载中心打开成功
2019-09-25 19:07:51,000 - basepage - INFO - 【股票网银】排行榜_【股票网银】哪个好_软件下载中心打开成功
2019-09-25 19:07:52,234 - basepage - INFO - 【网络应用】排行榜_【网络应用】哪个好_软件下载中心打开成功
2019-09-25 19:07:53,490 - basepage - INFO - 【下载工具】排行榜_【下载工具】哪个好_软件下载中心打开成功
2019-09-25 19:07:54,705 - basepage - INFO - 【输入法】排行榜_【输入法】哪个好_软件下载中心打开成功
2019-09-25 19:07:55,942 - basepage - INFO - 【图形图像】排行榜_【图形图像】哪个好_软件下载中心打开成功
2019-09-25 19:07:57,157 - basepage - INFO - 【阅读翻译】排行榜_【阅读翻译】哪个好_软件下载中心打开成功
2019-09-25 19:07:58,421 - basepage - INFO - 【主题壁纸】排行榜_【主题壁纸】哪个好_软件下载中心打开成功
2019-09-25 19:07:59,643 - basepage - INFO - 【压缩刻录】排行榜_【压缩刻录】哪个好_软件下载中心打开成功
2019-09-25 19:08:00,867 - basepage - INFO - 【编程开发】排行榜_【编程开发】哪个好_软件下载中心打开成功
2019-09-25 19:08:02,139 - basepage - INFO - 【行业软件】排行榜_【行业软件】哪个好_软件下载中心打开成功
2019-09-25 19:08:03,354 - basepage - INFO - 【其他软件】排行榜_【其他软件】哪个好_软件下载中心打开成功
2019-09-25 19:08:04,555 - basepage - INFO - 【浏览器】排行榜_【浏览器】哪个好_软件下载中心打开成功
2019-09-25 19:08:05,790 - basepage - INFO - 【聊天工具】排行榜_【聊天工具】哪个好_软件下载中心打开成功
2019-09-25 19:08:06,990 - basepage - INFO - 【保驾护航】排行榜_【保驾护航】哪个好_软件下载中心打开成功
2019-09-25 19:08:07,198 - basepage - INFO - DTS音效大师免费下载_DTS音效大师免费版_DTS音效大师-桔梗下载站点击成功
2019-09-25 19:08:07,706 - basepage - INFO - DTS音效大师免费下载_DTS音效大师免费版_DTS音效大师-桔梗下载站点击成功
2019-09-25 19:08:07,955 - basepage - INFO - DTS音效大师免费下载_DTS音效大师免费版_DTS音效大师-桔梗下载站点击成功
2019-09-25 19:08:08,031 - basepage - INFO - 酷我音乐点击成功
2019-09-25 19:08:10,418 - basepage - INFO - 好图看看点击成功
2019-09-25 19:08:12,537 - basepage - INFO - 迅雷点击成功
2019-09-25 19:08:14,633 - basepage - INFO - 风行影音点击成功
2019-09-25 19:08:16,720 - basepage - INFO - 虎牙直播点击成功
2019-09-25 19:08:18,801 - basepage - INFO - 传奇霸业点击成功
2019-09-25 19:08:20,885 - basepage - INFO - 软件介绍
人气软件
下载地址点击成功
2019-09-25 19:08:22,952 - 桔梗软件站详情页 - INFO - id="mtab"点击成功
2019-09-25 19:08:22,974 - basepage - INFO - DTS音效大师点击成功
2019-09-25 19:08:25,085 - basepage - INFO - 钉钉点击成功
2019-09-25 19:08:27,198 - basepage - INFO - 艺赛旗RPA点击成功
2019-09-25 19:08:29,275 - basepage - INFO - 希沃白板点击成功
2019-09-25 19:08:31,350 - basepage - INFO - 艾奇KTV电子相册点击成功
2019-09-25 19:08:33,435 - basepage - INFO - WPS Office点击成功
2019-09-25 19:08:35,531 - basepage - INFO - 酷家乐3D室内装修设计软件点击成功
2019-09-25 19:08:37,597 - 桔梗软件站详情页 - INFO - id="jrgx"点击成功
2019-09-25 19:08:37,631 - basepage - INFO - 电信高速下载点击成功
2019-09-25 19:08:39,726 - basepage - INFO - 联通高速下载点击成功
2019-09-25 19:08:41,822 - basepage - INFO - 移动高速下载点击成功
2019-09-25 19:08:43,904 - 桔梗软件站详情页 - INFO - id="download"点击成功
2019-09-25 19:08:43,956 - basepage - INFO - 乐播投屏点击成功
2019-09-25 19:08:46,030 - basepage - INFO - 租号玩点击成功
2019-09-25 19:08:48,112 - basepage - INFO - 闪电侠鼠标连点器点击成功
2019-09-25 19:08:50,212 - basepage - INFO - 网易MUMU点击成功
2019-09-25 19:08:52,312 - basepage - INFO - 保卫萝卜3（电脑版）点击成功
2019-09-25 19:08:54,413 - basepage - INFO - 影音先锋点击成功
2019-09-25 19:08:56,514 - basepage - INFO - 看图纸 DwgSee Plus点击成功
2019-09-25 19:08:58,610 - basepage - INFO - 金山词霸点击成功
2019-09-25 19:09:00,700 - basepage - INFO - 优酷客户端点击成功
2019-09-25 19:09:02,778 - basepage - INFO - Firefox Portable 火狐便携版点击成功
2019-09-25 19:09:04,836 - 桔梗软件站详情页 - INFO - id="xgd"点击成功
2019-09-25 19:09:04,885 - basepage - INFO - DTS音效大师点击成功
2019-09-25 19:09:06,988 - basepage - INFO - 钉钉点击成功
2019-09-25 19:09:09,090 - basepage - INFO - 艺赛旗RPA点击成功
2019-09-25 19:09:11,175 - basepage - INFO - 希沃白板点击成功
2019-09-25 19:09:13,250 - basepage - INFO - 艾奇KTV电子相册点击成功
2019-09-25 19:09:15,330 - basepage - INFO - WPS Office点击成功
2019-09-25 19:09:17,412 - basepage - INFO - 酷家乐3D室内装修设计软件点击成功
2019-09-25 19:09:19,509 - basepage - INFO - 迅雷9正式版点击成功
2019-09-25 19:09:21,598 - basepage - INFO - QQ音乐点击成功
2019-09-25 19:09:23,667 - basepage - INFO - 隐身侠点击成功
2019-09-25 19:09:25,763 - basepage - INFO - Desktopcal桌面日历点击成功
2019-09-25 19:09:27,875 - basepage - INFO - steam游戏助手点击成功
2019-09-25 19:09:29,964 - basepage - INFO - 简单课堂3.41.10.1902点击成功
2019-09-25 19:09:32,051 - basepage - INFO - 友益文书点击成功
2019-09-25 19:09:34,131 - basepage - INFO - 浩辰CAD看图王点击成功
2019-09-25 19:09:36,228 - basepage - INFO - 线刷宝点击成功
2019-09-25 19:09:38,329 - basepage - INFO - 酷我音乐高音质版点击成功
2019-09-25 19:09:40,427 - basepage - INFO - 荒野行动点击成功
2019-09-25 19:09:42,527 - basepage - INFO - 极点五笔点击成功
2019-09-25 19:09:44,599 - basepage - INFO - 虾米音乐点击成功
2019-09-25 19:09:46,664 - 桔梗软件站详情页 - INFO - id="reci"点击成功
2019-09-25 19:09:46,717 - basepage - INFO - DTS音效大师点击成功
2019-09-25 19:09:48,812 - basepage - INFO - 钉钉点击成功
2019-09-25 19:09:50,897 - basepage - INFO - 艺赛旗RPA点击成功
2019-09-25 19:09:53,003 - basepage - INFO - 希沃白板点击成功
2019-09-25 19:09:55,105 - basepage - INFO - 艾奇KTV电子相册点击成功
2019-09-25 19:09:57,216 - basepage - INFO - WPS Office点击成功
2019-09-25 19:09:59,334 - basepage - INFO - 酷家乐3D室内装修设计软件点击成功
2019-09-25 19:10:01,439 - basepage - INFO - 迅雷9正式版点击成功
2019-09-25 19:10:03,543 - basepage - INFO - QQ音乐点击成功
2019-09-25 19:10:05,672 - basepage - INFO - 隐身侠点击成功
2019-09-25 19:10:07,758 - 桔梗软件站详情页 - INFO - id="recomc"点击成功
2019-09-25 19:10:08,950 - basepage - INFO - 钉钉免费下载_钉钉免费版_钉钉-桔梗下载站点击成功
2019-09-25 19:10:09,242 - basepage - INFO - 软件下载中心、最安全的软件资源下载点击成功
2019-09-25 19:10:11,443 - basepage - INFO - Click back on current page.
2019-09-25 19:10:11,528 - basepage - INFO - 腾讯视频搜索成功
2019-09-25 19:10:11,634 - basepage - INFO - 钉钉免费下载_钉钉免费版_钉钉-桔梗下载站点击成功
2019-09-25 19:10:13,837 - basepage - INFO - 软件下载中心、最安全的软件资源下载打开成功
2019-09-25 19:10:15,018 - basepage - INFO - 【视频软件】排行榜_【视频软件】哪个好_软件下载中心打开成功
2019-09-25 19:10:16,249 - basepage - INFO - 【音乐软件】排行榜_【音乐软件】哪个好_软件下载中心打开成功
2019-09-25 19:10:17,436 - basepage - INFO - 【游戏娱乐】排行榜_【游戏娱乐】哪个好_软件下载中心打开成功
2019-09-25 19:10:18,633 - basepage - INFO - 【办公软件】排行榜_【办公软件】哪个好_软件下载中心打开成功
2019-09-25 19:10:19,818 - basepage - INFO - 【手机数码】排行榜_【手机数码】哪个好_软件下载中心打开成功
2019-09-25 19:10:21,012 - basepage - INFO - 【系统工具】排行榜_【系统工具】哪个好_软件下载中心打开成功
2019-09-25 19:10:22,229 - basepage - INFO - 【股票网银】排行榜_【股票网银】哪个好_软件下载中心打开成功
2019-09-25 19:10:23,402 - basepage - INFO - 【网络应用】排行榜_【网络应用】哪个好_软件下载中心打开成功
2019-09-25 19:10:24,667 - basepage - INFO - 【下载工具】排行榜_【下载工具】哪个好_软件下载中心打开成功
2019-09-25 19:10:25,878 - basepage - INFO - 【输入法】排行榜_【输入法】哪个好_软件下载中心打开成功
2019-09-25 19:10:27,098 - basepage - INFO - 【图形图像】排行榜_【图形图像】哪个好_软件下载中心打开成功
2019-09-25 19:10:28,323 - basepage - INFO - 【阅读翻译】排行榜_【阅读翻译】哪个好_软件下载中心打开成功
2019-09-25 19:10:29,546 - basepage - INFO - 【主题壁纸】排行榜_【主题壁纸】哪个好_软件下载中心打开成功
2019-09-25 19:10:30,779 - basepage - INFO - 【压缩刻录】排行榜_【压缩刻录】哪个好_软件下载中心打开成功
2019-09-25 19:10:32,012 - basepage - INFO - 【编程开发】排行榜_【编程开发】哪个好_软件下载中心打开成功
2019-09-25 19:10:33,240 - basepage - INFO - 【行业软件】排行榜_【行业软件】哪个好_软件下载中心打开成功
2019-09-25 19:10:34,497 - basepage - INFO - 【其他软件】排行榜_【其他软件】哪个好_软件下载中心打开成功
2019-09-25 19:10:35,693 - basepage - INFO - 【浏览器】排行榜_【浏览器】哪个好_软件下载中心打开成功
2019-09-25 19:10:36,916 - basepage - INFO - 【聊天工具】排行榜_【聊天工具】哪个好_软件下载中心打开成功
2019-09-25 19:10:38,184 - basepage - INFO - 【保驾护航】排行榜_【保驾护航】哪个好_软件下载中心打开成功
2019-09-25 19:10:38,319 - basepage - INFO - 钉钉免费下载_钉钉免费版_钉钉-桔梗下载站点击成功
2019-09-25 19:10:38,583 - basepage - INFO - 钉钉免费下载_钉钉免费版_钉钉-桔梗下载站点击成功
2019-09-25 19:10:38,825 - basepage - INFO - 钉钉免费下载_钉钉免费版_钉钉-桔梗下载站点击成功
2019-09-25 19:10:38,920 - basepage - INFO - 酷我音乐点击成功
2019-09-25 19:10:41,222 - basepage - INFO - 好图看看点击成功
2019-09-25 19:10:43,328 - basepage - INFO - 迅雷点击成功
2019-09-25 19:10:45,402 - basepage - INFO - 风行影音点击成功
2019-09-25 19:10:47,474 - basepage - INFO - 虎牙直播点击成功
2019-09-25 19:10:49,586 - basepage - INFO - 传奇霸业点击成功
2019-09-25 19:10:51,707 - basepage - INFO - 软件介绍
人气软件
下载地址点击成功
2019-09-25 19:10:53,791 - 桔梗软件站详情页 - INFO - id="mtab"点击成功
2019-09-25 19:10:53,821 - basepage - INFO - DTS音效大师点击成功
2019-09-25 19:10:55,924 - basepage - INFO - 钉钉点击成功
2019-09-25 19:10:58,018 - basepage - INFO - 艺赛旗RPA点击成功
2019-09-25 19:11:00,096 - basepage - INFO - 希沃白板点击成功
2019-09-25 19:11:02,187 - basepage - INFO - 艾奇KTV电子相册点击成功
2019-09-25 19:11:04,284 - basepage - INFO - WPS Office点击成功
2019-09-25 19:11:06,380 - basepage - INFO - 酷家乐3D室内装修设计软件点击成功
2019-09-25 19:11:08,445 - 桔梗软件站详情页 - INFO - id="jrgx"点击成功
2019-09-25 19:11:08,494 - basepage - INFO - 电信高速下载点击成功
2019-09-25 19:11:10,582 - basepage - INFO - 联通高速下载点击成功
2019-09-25 19:11:12,655 - basepage - INFO - 移动高速下载点击成功
2019-09-25 19:11:14,749 - 桔梗软件站详情页 - INFO - id="download"点击成功
2019-09-25 19:11:14,772 - basepage - INFO - 乐播投屏点击成功
2019-09-25 19:11:16,862 - basepage - INFO - 租号玩点击成功
2019-09-25 19:11:18,960 - basepage - INFO - 闪电侠鼠标连点器点击成功
2019-09-25 19:11:21,039 - basepage - INFO - 网易MUMU点击成功
2019-09-25 19:11:23,122 - basepage - INFO - 保卫萝卜3（电脑版）点击成功
2019-09-25 19:11:25,198 - basepage - INFO - 影音先锋点击成功
2019-09-25 19:11:27,304 - basepage - INFO - 看图纸 DwgSee Plus点击成功
2019-09-25 19:11:29,385 - basepage - INFO - 金山词霸点击成功
2019-09-25 19:11:31,486 - basepage - INFO - 优酷客户端点击成功
2019-09-25 19:11:33,590 - basepage - INFO - Firefox Portable 火狐便携版点击成功
2019-09-25 19:11:35,677 - 桔梗软件站详情页 - INFO - id="xgd"点击成功
