2019-10-14 20:01:00,803 - 桔梗软件站 - INFO - 桌面已有iDownload文件夹
2019-10-14 20:01:00,842 - 桔梗软件站 - INFO - 删除非空iDownload成功
2019-10-14 20:01:05,120 - basepage - INFO - 桔梗软件站自动化测试开始
2019-10-14 20:01:05,137 - basepage - INFO - 隐性等待10秒
2019-10-14 20:01:06,952 - basepage - INFO - 跳转至http://soft.jiegeng.com/
2019-10-14 20:01:07,260 - basepage - INFO - 窗口已经最大化
2019-10-14 20:01:09,182 - basepage - INFO - 软件下载中心、最安全的软件资源下载点击成功
2019-10-14 20:01:11,471 - basepage - INFO - 加速器搜索成功
2019-10-14 20:01:14,132 - basepage - INFO - 搜索_加速器_软件下载中心点击成功
2019-10-14 20:01:16,565 - basepage - INFO - Click back on current page.
2019-10-14 20:01:17,012 - basepage - INFO - 软件下载中心、最安全的软件资源下载点击成功
2019-10-14 20:01:19,524 - basepage - INFO - 【视频软件】排行榜_【视频软件】哪个好_软件下载中心点击成功
2019-10-14 20:01:22,025 - basepage - INFO - 【视频软件】排行榜_【视频软件】哪个好_软件下载中心点击成功
2019-10-14 20:01:24,824 - basepage - INFO - 【音乐软件】排行榜_【音乐软件】哪个好_软件下载中心点击成功
2019-10-14 20:01:27,308 - basepage - INFO - 【系统工具】排行榜_【系统工具】哪个好_软件下载中心点击成功
2019-10-14 20:01:30,539 - basepage - INFO - 【下载工具】排行榜_【下载工具】哪个好_软件下载中心点击成功
2019-10-14 20:01:33,088 - basepage - INFO - 【办公软件】排行榜_【办公软件】哪个好_软件下载中心点击成功
2019-10-14 20:01:35,598 - basepage - INFO - 【手机数码】排行榜_【手机数码】哪个好_软件下载中心点击成功
2019-10-14 20:01:38,078 - basepage - INFO - 【输入法】排行榜_【输入法】哪个好_软件下载中心点击成功
2019-10-14 20:01:40,572 - basepage - INFO - 【图形图像】排行榜_【图形图像】哪个好_软件下载中心点击成功
2019-10-14 20:01:43,045 - basepage - INFO - 【股票网银】排行榜_【股票网银】哪个好_软件下载中心点击成功
2019-10-14 20:01:45,681 - basepage - INFO - 【阅读翻译】排行榜_【阅读翻译】哪个好_软件下载中心点击成功
2019-10-14 20:01:48,183 - basepage - INFO - 【网络应用】排行榜_【网络应用】哪个好_软件下载中心点击成功
2019-10-14 20:01:50,726 - basepage - INFO - 【主题壁纸】排行榜_【主题壁纸】哪个好_软件下载中心点击成功
2019-10-14 20:01:53,384 - basepage - INFO - 【教育学习】排行榜_【教育学习】哪个好_软件下载中心点击成功
2019-10-14 20:01:55,844 - basepage - INFO - 【压缩刻录】排行榜_【压缩刻录】哪个好_软件下载中心点击成功
2019-10-14 20:01:58,308 - basepage - INFO - 【编程开发】排行榜_【编程开发】哪个好_软件下载中心点击成功
2019-10-14 20:02:00,789 - basepage - INFO - 【行业软件】排行榜_【行业软件】哪个好_软件下载中心点击成功
2019-10-14 20:02:03,264 - basepage - INFO - 【其他软件】排行榜_【其他软件】哪个好_软件下载中心点击成功
2019-10-14 20:02:05,781 - basepage - INFO - 【游戏娱乐】排行榜_【游戏娱乐】哪个好_软件下载中心点击成功
2019-10-14 20:02:08,721 - basepage - INFO - 【浏览器】排行榜_【浏览器】哪个好_软件下载中心点击成功
2019-10-14 20:02:11,198 - basepage - INFO - 【聊天工具】排行榜_【聊天工具】哪个好_软件下载中心点击成功
2019-10-14 20:02:13,678 - basepage - INFO - 【保驾护航】排行榜_【保驾护航】哪个好_软件下载中心点击成功
2019-10-14 20:02:16,445 - basepage - INFO - 软件下载中心、最安全的软件资源下载点击成功
2019-10-14 20:02:21,256 - basepage - INFO - 益盟操盘手免费下载_益盟操盘手免费版_益盟操盘手-桔梗下载站点击成功
2019-10-14 20:02:21,867 - basepage - INFO - 软件下载中心、最安全的软件资源下载点击成功
2019-10-14 20:02:22,623 - basepage - INFO - Click back on current page.
2019-10-14 20:02:22,634 - basepage - INFO - 腾讯视频搜索成功
2019-10-14 20:02:23,350 - basepage - INFO - 益盟操盘手免费下载_益盟操盘手免费版_益盟操盘手-桔梗下载站点击成功
2019-10-14 20:02:23,969 - basepage - INFO - 搜索_腾讯视频_软件下载中心打开成功
2019-10-14 20:02:24,014 - basepage - INFO - 软件下载中心、最安全的软件资源下载打开成功
2019-10-14 20:02:24,562 - basepage - INFO - 【视频软件】排行榜_【视频软件】哪个好_软件下载中心打开成功
2019-10-14 20:02:25,107 - basepage - INFO - 【音乐软件】排行榜_【音乐软件】哪个好_软件下载中心打开成功
2019-10-14 20:02:25,646 - basepage - INFO - 【游戏娱乐】排行榜_【游戏娱乐】哪个好_软件下载中心打开成功
2019-10-14 20:02:26,184 - basepage - INFO - 【办公软件】排行榜_【办公软件】哪个好_软件下载中心打开成功
2019-10-14 20:02:26,725 - basepage - INFO - 【手机数码】排行榜_【手机数码】哪个好_软件下载中心打开成功
2019-10-14 20:02:27,265 - basepage - INFO - 【系统工具】排行榜_【系统工具】哪个好_软件下载中心打开成功
2019-10-14 20:02:27,816 - basepage - INFO - 【股票网银】排行榜_【股票网银】哪个好_软件下载中心打开成功
2019-10-14 20:02:28,370 - basepage - INFO - 【网络应用】排行榜_【网络应用】哪个好_软件下载中心打开成功
2019-10-14 20:02:29,185 - basepage - INFO - 【下载工具】排行榜_【下载工具】哪个好_软件下载中心打开成功
2019-10-14 20:02:30,001 - basepage - INFO - 【输入法】排行榜_【输入法】哪个好_软件下载中心打开成功
2019-10-14 20:02:30,807 - basepage - INFO - 【图形图像】排行榜_【图形图像】哪个好_软件下载中心打开成功
2019-10-14 20:02:31,610 - basepage - INFO - 【阅读翻译】排行榜_【阅读翻译】哪个好_软件下载中心打开成功
2019-10-14 20:02:32,411 - basepage - INFO - 【主题壁纸】排行榜_【主题壁纸】哪个好_软件下载中心打开成功
2019-10-14 20:02:33,216 - basepage - INFO - 【压缩刻录】排行榜_【压缩刻录】哪个好_软件下载中心打开成功
2019-10-14 20:02:34,021 - basepage - INFO - 【编程开发】排行榜_【编程开发】哪个好_软件下载中心打开成功
2019-10-14 20:02:34,827 - basepage - INFO - 【行业软件】排行榜_【行业软件】哪个好_软件下载中心打开成功
2019-10-14 20:02:35,636 - basepage - INFO - 【其他软件】排行榜_【其他软件】哪个好_软件下载中心打开成功
2019-10-14 20:02:36,441 - basepage - INFO - 【浏览器】排行榜_【浏览器】哪个好_软件下载中心打开成功
2019-10-14 20:02:37,252 - basepage - INFO - 【聊天工具】排行榜_【聊天工具】哪个好_软件下载中心打开成功
2019-10-14 20:02:38,091 - basepage - INFO - 【保驾护航】排行榜_【保驾护航】哪个好_软件下载中心打开成功
2019-10-14 20:02:38,828 - basepage - INFO - 益盟操盘手免费下载_益盟操盘手免费版_益盟操盘手-桔梗下载站点击成功
2019-10-14 20:02:39,539 - basepage - INFO - 益盟操盘手免费下载_益盟操盘手免费版_益盟操盘手-桔梗下载站点击成功
2019-10-14 20:02:40,252 - basepage - INFO - 益盟操盘手免费下载_益盟操盘手免费版_益盟操盘手-桔梗下载站点击成功
2019-10-14 20:02:40,274 - basepage - INFO - 酷我音乐点击成功
2019-10-14 20:02:42,989 - basepage - INFO - 好图看看点击成功
2019-10-14 20:02:45,702 - basepage - INFO - 迅雷点击成功
2019-10-14 20:02:48,420 - basepage - INFO - 风行影音点击成功
2019-10-14 20:02:51,134 - basepage - INFO - 虎牙直播点击成功
2019-10-14 20:02:53,848 - basepage - INFO - 传奇霸业点击成功
2019-10-14 20:02:56,578 - basepage - INFO - 软件介绍
人气软件
下载地址点击成功
2019-10-14 20:02:59,289 - 桔梗软件站详情页 - INFO - id="mtab"点击成功
2019-10-14 20:02:59,300 - basepage - INFO - 益盟操盘手点击成功
2019-10-14 20:03:02,022 - basepage - INFO - DTS音效大师点击成功
2019-10-14 20:03:04,735 - basepage - INFO - 钉钉点击成功
2019-10-14 20:03:07,452 - basepage - INFO - 艺赛旗RPA点击成功
2019-10-14 20:03:09,811 - basepage - INFO - 希沃白板点击成功
2019-10-14 20:03:12,168 - basepage - INFO - 艾奇KTV电子相册点击成功
2019-10-14 20:03:14,520 - basepage - INFO - WPS Office点击成功
2019-10-14 20:03:16,866 - 桔梗软件站详情页 - INFO - id="jrgx"点击成功
2019-10-14 20:03:16,875 - basepage - INFO - 电信高速下载点击成功
2019-10-14 20:03:19,196 - basepage - INFO - 联通高速下载点击成功
2019-10-14 20:03:21,525 - basepage - INFO - 移动高速下载点击成功
2019-10-14 20:03:23,841 - 桔梗软件站详情页 - INFO - id="download"点击成功
2019-10-14 20:03:23,854 - basepage - INFO - 乐播投屏点击成功
2019-10-14 20:03:26,186 - basepage - INFO - 租号玩点击成功
2019-10-14 20:03:28,515 - basepage - INFO - 闪电侠鼠标连点器点击成功
2019-10-14 20:03:30,845 - basepage - INFO - 网易MUMU点击成功
2019-10-14 20:03:33,559 - basepage - INFO - 保卫萝卜3（电脑版）点击成功
2019-10-14 20:03:36,368 - basepage - INFO - 影音先锋点击成功
2019-10-14 20:03:39,177 - basepage - INFO - 看图纸 DwgSee Plus点击成功
2019-10-14 20:03:41,891 - basepage - INFO - 金山词霸点击成功
2019-10-14 20:03:44,604 - basepage - INFO - 优酷客户端点击成功
2019-10-14 20:03:47,318 - basepage - INFO - Firefox Portable 火狐便携版点击成功
2019-10-14 20:03:50,028 - 桔梗软件站详情页 - INFO - id="xgd"点击成功
2019-10-14 20:03:50,043 - basepage - INFO - 益盟操盘手点击成功
2019-10-14 20:03:52,756 - basepage - INFO - DTS音效大师点击成功
2019-10-14 20:03:55,522 - basepage - INFO - 钉钉点击成功
2019-10-14 20:03:58,275 - basepage - INFO - 艺赛旗RPA点击成功
2019-10-14 20:04:00,988 - basepage - INFO - 希沃白板点击成功
2019-10-14 20:04:03,702 - basepage - INFO - 艾奇KTV电子相册点击成功
2019-10-14 20:04:06,416 - basepage - INFO - WPS Office点击成功
2019-10-14 20:04:09,179 - basepage - INFO - 酷家乐3D室内装修设计软件点击成功
2019-10-14 20:04:11,964 - basepage - INFO - 迅雷9正式版点击成功
2019-10-14 20:04:14,677 - basepage - INFO - QQ音乐点击成功
2019-10-14 20:04:17,391 - basepage - INFO - 隐身侠点击成功
2019-10-14 20:04:20,106 - basepage - INFO - Desktopcal桌面日历点击成功
2019-10-14 20:04:22,818 - basepage - INFO - steam游戏助手点击成功
2019-10-14 20:04:25,541 - basepage - INFO - 简单课堂3.41.10.1902点击成功
2019-10-14 20:04:28,324 - basepage - INFO - 友益文书点击成功
2019-10-14 20:04:31,072 - basepage - INFO - 浩辰CAD看图王点击成功
2019-10-14 20:04:33,788 - basepage - INFO - 线刷宝点击成功
2019-10-14 20:04:36,504 - basepage - INFO - 酷我音乐高音质版点击成功
2019-10-14 20:04:39,217 - basepage - INFO - 荒野行动点击成功
2019-10-14 20:04:41,933 - basepage - INFO - 极点五笔点击成功
2019-10-14 20:04:44,642 - 桔梗软件站详情页 - INFO - id="reci"点击成功
2019-10-14 20:04:44,656 - basepage - INFO - 益盟操盘手点击成功
2019-10-14 20:04:47,426 - basepage - INFO - DTS音效大师点击成功
2019-10-14 20:04:50,196 - basepage - INFO - 钉钉点击成功
2019-10-14 20:04:52,910 - basepage - INFO - 艺赛旗RPA点击成功
2019-10-14 20:04:55,623 - basepage - INFO - 希沃白板点击成功
2019-10-14 20:04:58,338 - basepage - INFO - 艾奇KTV电子相册点击成功
2019-10-14 20:05:01,101 - basepage - INFO - WPS Office点击成功
2019-10-14 20:05:03,939 - basepage - INFO - 酷家乐3D室内装修设计软件点击成功
2019-10-14 20:05:06,652 - basepage - INFO - 迅雷9正式版点击成功
2019-10-14 20:05:09,425 - basepage - INFO - QQ音乐点击成功
2019-10-14 20:05:12,135 - 桔梗软件站详情页 - INFO - id="recomc"点击成功
2019-10-14 20:05:16,495 - basepage - INFO - DTS音效大师免费下载_DTS音效大师免费版_DTS音效大师-桔梗下载站点击成功
2019-10-14 20:05:17,114 - basepage - INFO - 软件下载中心、最安全的软件资源下载点击成功
2019-10-14 20:05:38,846 - basepage - INFO - Click back on current page.
2019-10-14 20:05:38,867 - basepage - INFO - 腾讯视频搜索成功
2019-10-14 20:05:39,585 - basepage - INFO - DTS音效大师免费下载_DTS音效大师免费版_DTS音效大师-桔梗下载站点击成功
2019-10-14 20:05:40,146 - basepage - INFO - 软件下载中心、最安全的软件资源下载打开成功
2019-10-14 20:05:40,687 - basepage - INFO - 【视频软件】排行榜_【视频软件】哪个好_软件下载中心打开成功
2019-10-14 20:05:41,234 - basepage - INFO - 【音乐软件】排行榜_【音乐软件】哪个好_软件下载中心打开成功
2019-10-14 20:05:41,775 - basepage - INFO - 【游戏娱乐】排行榜_【游戏娱乐】哪个好_软件下载中心打开成功
2019-10-14 20:05:42,325 - basepage - INFO - 【办公软件】排行榜_【办公软件】哪个好_软件下载中心打开成功
2019-10-14 20:05:42,896 - basepage - INFO - 【手机数码】排行榜_【手机数码】哪个好_软件下载中心打开成功
2019-10-14 20:05:43,440 - basepage - INFO - 【系统工具】排行榜_【系统工具】哪个好_软件下载中心打开成功
2019-10-14 20:05:43,985 - basepage - INFO - 【股票网银】排行榜_【股票网银】哪个好_软件下载中心打开成功
2019-10-14 20:05:44,541 - basepage - INFO - 【网络应用】排行榜_【网络应用】哪个好_软件下载中心打开成功
2019-10-14 20:05:45,365 - basepage - INFO - 【下载工具】排行榜_【下载工具】哪个好_软件下载中心打开成功
2019-10-14 20:05:46,181 - basepage - INFO - 【输入法】排行榜_【输入法】哪个好_软件下载中心打开成功
2019-10-14 20:05:46,985 - basepage - INFO - 【图形图像】排行榜_【图形图像】哪个好_软件下载中心打开成功
2019-10-14 20:05:47,812 - basepage - INFO - 【阅读翻译】排行榜_【阅读翻译】哪个好_软件下载中心打开成功
2019-10-14 20:05:48,635 - basepage - INFO - 【主题壁纸】排行榜_【主题壁纸】哪个好_软件下载中心打开成功
2019-10-14 20:05:49,442 - basepage - INFO - 【压缩刻录】排行榜_【压缩刻录】哪个好_软件下载中心打开成功
2019-10-14 20:05:50,243 - basepage - INFO - 【编程开发】排行榜_【编程开发】哪个好_软件下载中心打开成功
2019-10-14 20:05:51,041 - basepage - INFO - 【行业软件】排行榜_【行业软件】哪个好_软件下载中心打开成功
2019-10-14 20:05:51,861 - basepage - INFO - 【其他软件】排行榜_【其他软件】哪个好_软件下载中心打开成功
2019-10-14 20:05:52,746 - basepage - INFO - 【浏览器】排行榜_【浏览器】哪个好_软件下载中心打开成功
2019-10-14 20:05:53,563 - basepage - INFO - 【聊天工具】排行榜_【聊天工具】哪个好_软件下载中心打开成功
2019-10-14 20:05:54,365 - basepage - INFO - 【保驾护航】排行榜_【保驾护航】哪个好_软件下载中心打开成功
2019-10-14 20:05:55,100 - basepage - INFO - DTS音效大师免费下载_DTS音效大师免费版_DTS音效大师-桔梗下载站点击成功
2019-10-14 20:05:55,815 - basepage - INFO - DTS音效大师免费下载_DTS音效大师免费版_DTS音效大师-桔梗下载站点击成功
