2019-10-10 15:24:08,823 - basepage - INFO - 营销5#模板自动化测试开始
2019-10-10 15:24:08,824 - basepage - INFO - 隐性等待10秒
2019-10-10 15:24:10,407 - basepage - INFO - 跳转至http://www.daque.cn/soft/3947.html?tab=1746666
2019-10-10 15:24:11,530 - basepage - INFO - 窗口已经最大化
2019-10-10 15:24:14,970 - basepage - INFO - 点击成功
2019-10-10 15:24:15,281 - basepage - INFO - 点击成功
2019-10-10 15:24:16,357 - basepage - INFO - 下载点击成功
2019-10-10 15:24:17,434 - basepage - INFO - 点击成功
2019-10-10 15:24:18,519 - basepage - INFO - 下载点击成功
2019-10-10 15:24:19,593 - basepage - INFO - 点击成功
2019-10-10 15:24:20,672 - basepage - INFO - 下载点击成功
2019-10-10 15:24:21,757 - basepage - INFO - 点击成功
2019-10-10 15:24:22,839 - basepage - INFO - 下载点击成功
2019-10-10 15:24:23,895 - basepage - INFO - 点击成功
2019-10-10 15:24:24,975 - basepage - INFO - 点击成功
2019-10-10 15:24:26,059 - basepage - INFO - 下载点击成功
2019-10-10 15:24:27,139 - basepage - INFO - 点击成功
2019-10-10 15:24:28,222 - basepage - INFO - 下载点击成功
2019-10-10 15:24:29,298 - basepage - INFO - 点击成功
2019-10-10 15:24:30,375 - basepage - INFO - 下载点击成功
2019-10-10 15:24:31,456 - basepage - INFO - 点击成功
2019-10-10 15:24:32,541 - basepage - INFO - 下载点击成功
2019-10-10 15:24:33,594 - basepage - INFO - 点击成功
2019-10-10 15:24:34,674 - basepage - INFO - 点击成功
2019-10-10 15:24:35,756 - basepage - INFO - 下载点击成功
2019-10-10 15:24:36,834 - basepage - INFO - 点击成功
2019-10-10 15:24:37,919 - basepage - INFO - 下载点击成功
2019-10-10 15:24:39,002 - basepage - INFO - 点击成功
2019-10-10 15:24:40,081 - basepage - INFO - 下载点击成功
2019-10-10 15:24:41,164 - basepage - INFO - 点击成功
2019-10-10 15:24:42,247 - basepage - INFO - 下载点击成功
2019-10-10 15:24:43,318 - basepage - INFO - 点击成功
2019-10-10 15:24:44,395 - basepage - INFO - 下载点击成功
2019-10-10 15:24:45,472 - basepage - INFO - 点击成功
2019-10-10 15:24:46,555 - basepage - INFO - 下载点击成功
2019-10-10 15:24:47,632 - basepage - INFO - 点击成功
2019-10-10 15:24:48,720 - basepage - INFO - 下载点击成功
2019-10-10 15:24:49,809 - basepage - INFO - 点击成功
2019-10-10 15:24:50,900 - basepage - INFO - 下载点击成功
2019-10-10 15:24:51,956 - basepage - INFO - 点击成功
2019-10-10 15:24:52,049 - basepage - INFO - 百度网盘点击成功
2019-10-10 15:24:52,215 - basepage - INFO - 点击成功
2019-10-10 15:24:52,386 - basepage - INFO - 百度网盘点击成功
2019-10-10 15:24:53,036 - basepage - INFO - 点击成功
2019-10-10 15:24:53,170 - basepage - INFO - 天翼云盘2019-05-18点击成功
2019-10-10 15:24:53,506 - basepage - INFO - 点击成功
2019-10-10 15:24:53,662 - basepage - INFO - 百度云2019-07-10点击成功
2019-10-10 15:24:53,967 - basepage - INFO - 点击成功
2019-10-10 15:24:54,161 - basepage - INFO - 百度云盘2019-07-10点击成功
2019-10-10 15:24:54,415 - basepage - INFO - 点击成功
2019-10-10 15:24:54,552 - basepage - INFO - 百度网盘2019-02-20点击成功
2019-10-10 15:24:54,839 - basepage - INFO - 点击成功
2019-10-10 15:24:54,994 - basepage - INFO - 百度网盘ForMac2019-05-15点击成功
2019-10-10 15:24:55,270 - basepage - INFO - 点击成功
2019-10-10 15:24:55,455 - basepage - INFO - 百度网盘便携版2019-05-10点击成功
2019-10-10 15:24:55,728 - basepage - INFO - 点击成功
2019-10-10 15:24:55,877 - basepage - INFO - 类型：点击成功
2019-10-10 15:24:56,085 - basepage - INFO - 点击成功
