2019-11-07 16:26:23,359 - basepage - INFO - 营销17#模板自动化测试开始
2019-11-07 16:26:29,408 - basepage - INFO - 隐性等待10秒
2019-11-07 16:26:30,129 - basepage - INFO - 跳转至http://www.daque.cn/soft/76681.html?tab=1748331
2019-11-07 16:26:31,247 - basepage - INFO - 窗口已经最大化
2019-11-07 16:26:34,708 - basepage - INFO - 点击成功
2019-11-07 16:26:35,037 - basepage - INFO - 点击成功
2019-11-07 16:26:36,123 - basepage - INFO - 下载点击成功
2019-11-07 16:26:37,202 - basepage - INFO - 点击成功
2019-11-07 16:26:38,279 - basepage - INFO - 下载点击成功
2019-11-07 16:26:39,357 - basepage - INFO - 点击成功
2019-11-07 16:26:40,439 - basepage - INFO - 下载点击成功
2019-11-07 16:26:41,516 - basepage - INFO - 点击成功
2019-11-07 16:26:42,596 - basepage - INFO - 下载点击成功
2019-11-07 16:26:43,651 - basepage - INFO - 点击成功
2019-11-07 16:26:44,734 - basepage - INFO - 点击成功
2019-11-07 16:26:45,812 - basepage - INFO - 下载点击成功
2019-11-07 16:26:46,891 - basepage - INFO - 点击成功
2019-11-07 16:26:47,970 - basepage - INFO - 下载点击成功
2019-11-07 16:26:49,048 - basepage - INFO - 点击成功
2019-11-07 16:26:50,130 - basepage - INFO - 下载点击成功
2019-11-07 16:26:51,214 - basepage - INFO - 点击成功
2019-11-07 16:26:52,296 - basepage - INFO - 下载点击成功
2019-11-07 16:26:53,350 - basepage - INFO - 点击成功
2019-11-07 16:26:54,430 - basepage - INFO - 点击成功
2019-11-07 16:26:55,506 - basepage - INFO - 下载点击成功
2019-11-07 16:26:56,584 - basepage - INFO - 点击成功
2019-11-07 16:26:57,665 - basepage - INFO - 下载点击成功
2019-11-07 16:26:58,744 - basepage - INFO - 点击成功
2019-11-07 16:26:59,829 - basepage - INFO - 下载点击成功
2019-11-07 16:27:00,909 - basepage - INFO - 点击成功
2019-11-07 16:27:01,992 - basepage - INFO - 下载点击成功
2019-11-07 16:27:03,070 - basepage - INFO - 点击成功
2019-11-07 16:27:04,147 - basepage - INFO - 下载点击成功
2019-11-07 16:27:05,220 - basepage - INFO - 点击成功
2019-11-07 16:27:06,303 - basepage - INFO - 下载点击成功
2019-11-07 16:27:07,383 - basepage - INFO - 点击成功
2019-11-07 16:27:08,464 - basepage - INFO - 下载点击成功
2019-11-07 16:27:09,538 - basepage - INFO - 点击成功
2019-11-07 16:27:10,618 - basepage - INFO - 下载点击成功
2019-11-07 16:27:11,670 - basepage - INFO - 点击成功
2019-11-07 16:27:12,745 - basepage - INFO - 酷狗音乐点击成功
2019-11-07 16:27:12,888 - basepage - INFO - 点击成功
2019-11-07 16:27:13,965 - basepage - INFO - 酷狗音乐就是歌多
乐享高品质音乐生活点击成功
2019-11-07 16:27:14,105 - basepage - INFO - 点击成功
2019-11-07 16:27:15,185 - basepage - INFO - 点击成功
2019-11-07 16:27:15,318 - basepage - INFO - 点击成功
2019-11-07 16:27:16,396 - basepage - INFO - 酷狗音乐一键下载点击成功
2019-11-07 16:27:16,534 - basepage - INFO - 点击成功
2019-11-07 16:27:17,614 - basepage - INFO - 酷狗音乐点击成功
2019-11-07 16:27:18,050 - basepage - INFO - 点击成功
2019-11-07 16:27:19,127 - basepage - INFO - 立即下载点击成功
2019-11-07 16:27:19,266 - basepage - INFO - 点击成功
2019-11-07 16:27:20,341 - basepage - INFO - 酷狗音乐 For Mac2.7.6点击成功
2019-11-07 16:27:20,482 - basepage - INFO - 点击成功
2019-11-07 16:27:21,563 - basepage - INFO - 立即下载点击成功
2019-11-07 16:27:21,701 - basepage - INFO - 点击成功
2019-11-07 16:27:22,777 - basepage - INFO - 酷狗音乐 For Mac2.7.2点击成功
2019-11-07 16:27:22,935 - basepage - INFO - 点击成功
2019-11-07 16:27:24,010 - basepage - INFO - 点击成功
2019-11-07 16:27:24,146 - basepage - INFO - 点击成功
2019-11-07 16:27:25,226 - basepage - INFO - 酷狗音乐 For Mac2.7.8点击成功
2019-11-07 16:27:25,352 - basepage - INFO - 点击成功
2019-11-07 16:27:26,434 - basepage - INFO - 立即下载点击成功
2019-11-07 16:27:26,567 - basepage - INFO - 点击成功
2019-11-07 16:27:27,646 - basepage - INFO - 超高音质，魔性声波点击成功
2019-11-07 16:27:27,778 - basepage - INFO - 点击成功
2019-11-07 16:27:28,861 - basepage - INFO - 智能多样化的音效，再挑剔的双耳也能满足。音波会随着不同的歌产生不同的动态变化和艳丽的的色调，实时体现音乐的波谱，帮助用户感受超高音质带来的效果点击成功
2019-11-07 16:27:29,008 - basepage - INFO - 点击成功
2019-11-07 16:27:30,095 - basepage - INFO - 点击成功
2019-11-07 16:27:30,232 - basepage - INFO - 点击成功
2019-11-07 16:27:31,311 - basepage - INFO - 点击成功
2019-11-07 16:27:31,457 - basepage - INFO - 点击成功
2019-11-07 16:27:32,534 - basepage - INFO - 全新界面，高潮挑歌点击成功
2019-11-07 16:27:32,666 - basepage - INFO - 点击成功
2019-11-07 16:27:33,740 - basepage - INFO - 焕然一新的界面设计，带给您视觉与听觉验。精心截取歌曲高潮，为您带来音乐最精彩的瞬间。点击成功
2019-11-07 16:27:33,884 - basepage - INFO - 点击成功
2019-11-07 16:27:34,964 - basepage - INFO - 无损曲库，在线播放点击成功
2019-11-07 16:27:35,107 - basepage - INFO - 点击成功
2019-11-07 16:27:36,200 - basepage - INFO - 为网友提供各种高品质音乐交流的娱乐互动平台和无损音乐下载网站，听歌完美体验点击成功
2019-11-07 16:27:36,342 - basepage - INFO - 点击成功
2019-11-07 16:27:37,431 - basepage - INFO - 点击成功
2019-11-07 16:27:37,576 - basepage - INFO - 点击成功
2019-11-07 16:27:38,663 - basepage - INFO - 酷狗音乐点击成功
2019-11-07 16:27:38,891 - basepage - INFO - 点击成功
2019-11-07 16:27:39,969 - basepage - INFO - 酷狗音乐就是歌多
乐享高品质音乐生活点击成功
2019-11-07 16:27:40,111 - basepage - INFO - 点击成功
2019-11-07 16:27:41,203 - basepage - INFO - 点击成功
2019-11-07 16:27:41,343 - basepage - INFO - 点击成功
2019-11-07 16:27:42,432 - basepage - INFO - 酷狗音乐一键下载点击成功
2019-11-07 16:27:42,575 - basepage - INFO - 点击成功
