2019-10-10 15:17:53,953 - basepage - INFO - 营销5#模板自动化测试开始
2019-10-10 15:17:53,955 - basepage - INFO - 隐性等待10秒
2019-10-10 15:17:54,950 - basepage - INFO - 跳转至http://www.daque.cn/soft/3947.html?tab=1746666
2019-10-10 15:17:56,073 - basepage - INFO - 窗口已经最大化
2019-10-10 15:17:59,504 - basepage - INFO - 点击成功
2019-10-10 15:17:59,870 - basepage - INFO - 点击成功
2019-10-10 15:18:00,952 - basepage - INFO - 下载点击成功
2019-10-10 15:18:02,052 - basepage - INFO - 点击成功
2019-10-10 15:18:03,131 - basepage - INFO - 下载点击成功
2019-10-10 15:18:04,207 - basepage - INFO - 点击成功
2019-10-10 15:18:05,285 - basepage - INFO - 下载点击成功
2019-10-10 15:18:06,363 - basepage - INFO - 点击成功
2019-10-10 15:18:07,452 - basepage - INFO - 下载点击成功
2019-10-10 15:18:08,506 - basepage - INFO - 点击成功
2019-10-10 15:18:09,585 - basepage - INFO - 点击成功
2019-10-10 15:18:10,667 - basepage - INFO - 下载点击成功
2019-10-10 15:18:11,744 - basepage - INFO - 点击成功
2019-10-10 15:18:12,826 - basepage - INFO - 下载点击成功
2019-10-10 15:18:13,903 - basepage - INFO - 点击成功
2019-10-10 15:18:14,979 - basepage - INFO - 下载点击成功
2019-10-10 15:18:16,058 - basepage - INFO - 点击成功
2019-10-10 15:18:17,142 - basepage - INFO - 下载点击成功
2019-10-10 15:18:18,196 - basepage - INFO - 点击成功
2019-10-10 15:18:19,276 - basepage - INFO - 点击成功
2019-10-10 15:18:20,358 - basepage - INFO - 下载点击成功
2019-10-10 15:18:21,436 - basepage - INFO - 点击成功
2019-10-10 15:18:22,519 - basepage - INFO - 下载点击成功
2019-10-10 15:18:23,594 - basepage - INFO - 点击成功
2019-10-10 15:18:24,674 - basepage - INFO - 下载点击成功
2019-10-10 15:18:25,753 - basepage - INFO - 点击成功
2019-10-10 15:18:26,833 - basepage - INFO - 下载点击成功
2019-10-10 15:18:27,914 - basepage - INFO - 点击成功
2019-10-10 15:18:28,988 - basepage - INFO - 下载点击成功
2019-10-10 15:18:30,066 - basepage - INFO - 点击成功
2019-10-10 15:18:31,140 - basepage - INFO - 下载点击成功
2019-10-10 15:18:32,234 - basepage - INFO - 点击成功
2019-10-10 15:18:33,311 - basepage - INFO - 下载点击成功
2019-10-10 15:18:34,388 - basepage - INFO - 点击成功
2019-10-10 15:18:35,469 - basepage - INFO - 下载点击成功
2019-10-10 15:18:36,521 - basepage - INFO - 点击成功
2019-10-10 15:18:38,522 - basepage - INFO - 营销5#模板自动化测试结束
2019-10-10 15:18:38,522 - basepage - INFO - 当前浏览器版本:75.0.3770.142
