2019-10-10 15:20:46,619 - basepage - INFO - 营销5#模板自动化测试开始
2019-10-10 15:20:46,620 - basepage - INFO - 隐性等待10秒
2019-10-10 15:20:47,659 - basepage - INFO - 跳转至http://www.daque.cn/soft/3947.html?tab=1746666
2019-10-10 15:20:48,788 - basepage - INFO - 窗口已经最大化
2019-10-10 15:20:52,218 - basepage - INFO - 点击成功
2019-10-10 15:20:52,701 - basepage - INFO - 点击成功
2019-10-10 15:20:53,789 - basepage - INFO - 下载点击成功
2019-10-10 15:20:54,883 - basepage - INFO - 点击成功
2019-10-10 15:20:55,962 - basepage - INFO - 下载点击成功
2019-10-10 15:20:57,040 - basepage - INFO - 点击成功
2019-10-10 15:20:58,115 - basepage - INFO - 下载点击成功
2019-10-10 15:20:59,198 - basepage - INFO - 点击成功
2019-10-10 15:21:00,282 - basepage - INFO - 下载点击成功
2019-10-10 15:21:01,336 - basepage - INFO - 点击成功
2019-10-10 15:21:02,415 - basepage - INFO - 点击成功
2019-10-10 15:21:03,504 - basepage - INFO - 下载点击成功
2019-10-10 15:21:04,584 - basepage - INFO - 点击成功
2019-10-10 15:21:05,663 - basepage - INFO - 下载点击成功
2019-10-10 15:21:06,743 - basepage - INFO - 点击成功
2019-10-10 15:21:07,820 - basepage - INFO - 下载点击成功
2019-10-10 15:21:08,899 - basepage - INFO - 点击成功
2019-10-10 15:21:09,980 - basepage - INFO - 下载点击成功
2019-10-10 15:21:11,036 - basepage - INFO - 点击成功
2019-10-10 15:21:12,116 - basepage - INFO - 点击成功
2019-10-10 15:21:13,194 - basepage - INFO - 下载点击成功
2019-10-10 15:21:14,269 - basepage - INFO - 点击成功
2019-10-10 15:21:15,354 - basepage - INFO - 下载点击成功
2019-10-10 15:21:16,434 - basepage - INFO - 点击成功
2019-10-10 15:21:17,518 - basepage - INFO - 下载点击成功
2019-10-10 15:21:18,598 - basepage - INFO - 点击成功
2019-10-10 15:21:19,677 - basepage - INFO - 下载点击成功
2019-10-10 15:21:20,752 - basepage - INFO - 点击成功
2019-10-10 15:21:21,828 - basepage - INFO - 下载点击成功
2019-10-10 15:21:22,907 - basepage - INFO - 点击成功
2019-10-10 15:21:23,985 - basepage - INFO - 下载点击成功
2019-10-10 15:21:25,061 - basepage - INFO - 点击成功
2019-10-10 15:21:26,144 - basepage - INFO - 下载点击成功
2019-10-10 15:21:27,222 - basepage - INFO - 点击成功
2019-10-10 15:21:28,324 - basepage - INFO - 下载点击成功
2019-10-10 15:21:29,377 - basepage - INFO - 点击成功
2019-10-10 15:21:29,450 - basepage - INFO - 百度网盘点击成功
2019-10-10 15:21:29,591 - basepage - INFO - 点击成功
2019-10-10 15:21:29,712 - basepage - INFO - 百度网盘点击成功
2019-10-10 15:21:30,141 - basepage - INFO - 点击成功
2019-10-10 15:21:30,238 - basepage - INFO - 下载地址点击成功
