2019-10-23 20:29:41,881 - basepage - INFO - 营销5#模板自动化测试开始
2019-10-23 20:29:43,873 - basepage - INFO - 隐性等待10秒
2019-10-23 20:29:44,903 - basepage - INFO - 跳转至http://www.daque.cn/soft/34106.html?tab=1657806
2019-10-23 20:29:46,022 - basepage - INFO - 窗口已经最大化
2019-10-23 20:29:47,991 - basepage - INFO - 点击成功
2019-10-23 20:29:48,770 - basepage - INFO - 点击成功
2019-10-23 20:29:49,896 - basepage - INFO - 下载点击成功
2019-10-23 20:29:51,044 - basepage - INFO - 点击成功
2019-10-23 20:29:52,132 - basepage - INFO - 下载点击成功
2019-10-23 20:29:53,216 - basepage - INFO - 点击成功
2019-10-23 20:29:54,306 - basepage - INFO - 下载点击成功
2019-10-23 20:29:55,437 - basepage - INFO - 点击成功
2019-10-23 20:29:56,541 - basepage - INFO - 下载点击成功
2019-10-23 20:29:57,630 - basepage - INFO - 点击成功
2019-10-23 20:29:58,713 - basepage - INFO - 点击成功
2019-10-23 20:29:59,810 - basepage - INFO - 下载点击成功
2019-10-23 20:30:00,903 - basepage - INFO - 点击成功
2019-10-23 20:30:01,995 - basepage - INFO - 下载点击成功
2019-10-23 20:30:03,102 - basepage - INFO - 点击成功
2019-10-23 20:30:04,205 - basepage - INFO - 下载点击成功
2019-10-23 20:30:05,314 - basepage - INFO - 点击成功
2019-10-23 20:30:06,407 - basepage - INFO - 下载点击成功
2019-10-23 20:30:07,469 - basepage - INFO - 点击成功
2019-10-23 20:30:08,557 - basepage - INFO - 点击成功
2019-10-23 20:30:09,652 - basepage - INFO - 下载点击成功
2019-10-23 20:30:10,738 - basepage - INFO - 点击成功
2019-10-23 20:30:11,860 - basepage - INFO - 下载点击成功
2019-10-23 20:30:12,985 - basepage - INFO - 点击成功
2019-10-23 20:30:14,707 - basepage - INFO - 下载点击成功
2019-10-23 20:30:15,815 - basepage - INFO - 点击成功
2019-10-23 20:30:16,926 - basepage - INFO - 下载点击成功
2019-10-23 20:30:18,019 - basepage - INFO - 点击成功
2019-10-23 20:30:19,102 - basepage - INFO - 下载点击成功
2019-10-23 20:30:20,238 - basepage - INFO - 点击成功
2019-10-23 20:30:21,332 - basepage - INFO - 下载点击成功
2019-10-23 20:30:22,658 - basepage - INFO - 点击成功
2019-10-23 20:30:23,811 - basepage - INFO - 下载点击成功
2019-10-23 20:30:24,932 - basepage - INFO - 点击成功
2019-10-23 20:30:26,018 - basepage - INFO - 下载点击成功
2019-10-23 20:30:27,084 - basepage - INFO - 点击成功
2019-10-23 20:30:28,197 - basepage - INFO - 逗游游戏盒点击成功
2019-10-23 20:30:28,462 - basepage - INFO - 点击成功
2019-10-23 20:30:29,554 - basepage - INFO - 逗游游戏盒点击成功
2019-10-23 20:30:29,739 - basepage - INFO - 点击成功
2019-10-23 20:30:30,829 - basepage - INFO - 逗游游戏盒2018-10-11点击成功
2019-10-23 20:30:30,999 - basepage - INFO - 点击成功
2019-10-23 20:30:32,087 - basepage - INFO - 逗游游戏盒20192019-05-28点击成功
2019-10-23 20:30:32,249 - basepage - INFO - 点击成功
