2019-10-23 20:42:08,522 - basepage - INFO - 营销5#模板自动化测试开始
2019-10-23 20:42:10,580 - basepage - INFO - 隐性等待10秒
2019-10-23 20:42:11,713 - basepage - INFO - 跳转至http://www.daque.cn/soft/34106.html?tab=1657806
2019-10-23 20:42:12,834 - basepage - INFO - 窗口已经最大化
2019-10-23 20:43:40,757 - basepage - INFO - 类型：点击成功
2019-10-23 20:43:42,289 - basepage - INFO - 点击成功
2019-10-23 20:43:43,379 - basepage - INFO - Windows XP点击成功
2019-10-23 20:43:43,930 - basepage - INFO - 点击成功
2019-10-23 20:43:45,024 - basepage - INFO - Windows10点击成功
2019-10-23 20:43:49,666 - basepage - INFO - 点击成功
2019-10-23 20:43:50,834 - basepage - INFO - Windows7点击成功
2019-10-23 20:43:51,568 - basepage - INFO - 点击成功
2019-10-23 20:43:52,661 - basepage - INFO - Windows8点击成功
2019-10-23 20:43:54,565 - basepage - INFO - 点击成功
2019-10-23 20:43:55,679 - basepage - INFO - 点击成功
2019-10-23 20:43:58,620 - basepage - INFO - 点击成功
2019-10-23 20:43:59,712 - basepage - INFO - 点击成功
2019-10-23 20:43:59,949 - basepage - INFO - 点击成功
2019-10-23 20:44:01,052 - basepage - INFO - 点击成功
2019-10-23 20:44:06,140 - basepage - INFO - 点击成功
2019-10-23 20:44:08,906 - basepage - INFO - 点击成功
2019-10-23 20:44:10,212 - basepage - INFO - 点击成功
2019-10-23 20:44:13,213 - basepage - INFO - 营销5#模板自动化测试结束
2019-10-23 20:44:13,213 - basepage - INFO - 当前浏览器版本:75.0.3770.142
