2019-10-10 15:28:55,237 - basepage - INFO - 营销5#模板自动化测试开始
2019-10-10 15:28:55,238 - basepage - INFO - 隐性等待10秒
2019-10-10 15:28:56,518 - basepage - INFO - 跳转至http://www.daque.cn/soft/3947.html?tab=1746666
2019-10-10 15:28:57,655 - basepage - INFO - 窗口已经最大化
2019-10-10 15:29:01,080 - basepage - INFO - 点击成功
2019-10-10 15:29:01,401 - basepage - INFO - 点击成功
2019-10-10 15:29:02,489 - basepage - INFO - 下载点击成功
2019-10-10 15:29:03,566 - basepage - INFO - 点击成功
2019-10-10 15:29:04,643 - basepage - INFO - 下载点击成功
2019-10-10 15:29:05,721 - basepage - INFO - 点击成功
2019-10-10 15:29:06,812 - basepage - INFO - 下载点击成功
2019-10-10 15:29:07,900 - basepage - INFO - 点击成功
2019-10-10 15:29:08,976 - basepage - INFO - 下载点击成功
2019-10-10 15:29:10,030 - basepage - INFO - 点击成功
2019-10-10 15:29:11,112 - basepage - INFO - 点击成功
2019-10-10 15:29:12,189 - basepage - INFO - 下载点击成功
2019-10-10 15:29:13,264 - basepage - INFO - 点击成功
2019-10-10 15:29:14,347 - basepage - INFO - 下载点击成功
2019-10-10 15:29:15,425 - basepage - INFO - 点击成功
2019-10-10 15:29:16,506 - basepage - INFO - 下载点击成功
2019-10-10 15:29:17,584 - basepage - INFO - 点击成功
2019-10-10 15:29:18,685 - basepage - INFO - 下载点击成功
2019-10-10 15:29:19,739 - basepage - INFO - 点击成功
2019-10-10 15:29:20,820 - basepage - INFO - 点击成功
2019-10-10 15:29:21,904 - basepage - INFO - 下载点击成功
2019-10-10 15:29:22,982 - basepage - INFO - 点击成功
2019-10-10 15:29:24,064 - basepage - INFO - 下载点击成功
2019-10-10 15:29:25,140 - basepage - INFO - 点击成功
2019-10-10 15:29:26,224 - basepage - INFO - 下载点击成功
2019-10-10 15:29:27,302 - basepage - INFO - 点击成功
2019-10-10 15:29:28,384 - basepage - INFO - 下载点击成功
2019-10-10 15:29:29,463 - basepage - INFO - 点击成功
2019-10-10 15:29:30,541 - basepage - INFO - 下载点击成功
2019-10-10 15:29:31,622 - basepage - INFO - 点击成功
2019-10-10 15:29:32,704 - basepage - INFO - 下载点击成功
2019-10-10 15:29:33,784 - basepage - INFO - 点击成功
2019-10-10 15:29:34,861 - basepage - INFO - 下载点击成功
2019-10-10 15:29:35,939 - basepage - INFO - 点击成功
2019-10-10 15:29:37,022 - basepage - INFO - 下载点击成功
2019-10-10 15:29:38,074 - basepage - INFO - 点击成功
2019-10-10 15:29:38,157 - basepage - INFO - 百度网盘点击成功
2019-10-10 15:29:38,328 - basepage - INFO - 点击成功
2019-10-10 15:29:38,461 - basepage - INFO - 百度网盘点击成功
2019-10-10 15:29:38,740 - basepage - INFO - 点击成功
2019-10-10 15:29:38,879 - basepage - INFO - 天翼云盘2019-05-18点击成功
2019-10-10 15:29:39,251 - basepage - INFO - 点击成功
2019-10-10 15:29:39,392 - basepage - INFO - 百度云2019-07-10点击成功
2019-10-10 15:29:39,702 - basepage - INFO - 点击成功
2019-10-10 15:29:39,865 - basepage - INFO - 百度云盘2019-07-10点击成功
2019-10-10 15:29:40,114 - basepage - INFO - 点击成功
2019-10-10 15:29:40,272 - basepage - INFO - 百度网盘2019-02-20点击成功
2019-10-10 15:29:40,547 - basepage - INFO - 点击成功
2019-10-10 15:29:40,689 - basepage - INFO - 百度网盘ForMac2019-05-15点击成功
2019-10-10 15:29:40,962 - basepage - INFO - 点击成功
2019-10-10 15:29:41,102 - basepage - INFO - 百度网盘便携版2019-05-10点击成功
2019-10-10 15:29:41,429 - basepage - INFO - 点击成功
2019-10-10 15:29:41,580 - basepage - INFO - 类型：点击成功
2019-10-10 15:29:41,868 - basepage - INFO - 点击成功
2019-10-10 15:29:42,026 - basepage - INFO - Windows XP点击成功
2019-10-10 15:29:42,315 - basepage - INFO - 点击成功
2019-10-10 15:29:42,490 - basepage - INFO - Windows10点击成功
2019-10-10 15:29:42,743 - basepage - INFO - 点击成功
2019-10-10 15:29:42,923 - basepage - INFO - Windows7点击成功
2019-10-10 15:29:43,194 - basepage - INFO - 点击成功
2019-10-10 15:29:43,368 - basepage - INFO - Windows8点击成功
2019-10-10 15:29:43,627 - basepage - INFO - 点击成功
2019-10-10 15:29:43,795 - basepage - INFO - 点击成功
2019-10-10 15:29:44,081 - basepage - INFO - 点击成功
2019-10-10 15:29:44,226 - basepage - INFO - 点击成功
2019-10-10 15:29:44,508 - basepage - INFO - 点击成功
2019-10-10 15:29:44,695 - basepage - INFO - 点击成功
2019-10-10 15:29:44,987 - basepage - INFO - 点击成功
2019-10-10 15:29:45,139 - basepage - INFO - 点击成功
2019-10-10 15:29:45,428 - basepage - INFO - 点击成功
2019-10-10 15:29:47,429 - basepage - INFO - 营销5#模板自动化测试结束
2019-10-10 15:29:47,429 - basepage - INFO - 当前浏览器版本:75.0.3770.142
