2019-10-24 20:47:06,315 - basepage - INFO - 营销8#模板自动化测试开始
2019-10-24 20:47:08,337 - basepage - INFO - 隐性等待10秒
2019-10-24 20:47:10,267 - basepage - INFO - 跳转至http://www.daque.cn/soft/7766.html?tab=1382189
2019-10-24 20:47:11,654 - basepage - INFO - 窗口已经最大化
2019-10-24 20:47:16,070 - basepage - INFO - 点击成功
2019-10-24 20:47:17,573 - basepage - INFO - 点击成功
2019-10-24 20:47:18,694 - basepage - INFO - 下载点击成功
2019-10-24 20:47:19,814 - basepage - INFO - 点击成功
2019-10-24 20:47:20,958 - basepage - INFO - 下载点击成功
2019-10-24 20:47:22,073 - basepage - INFO - 点击成功
2019-10-24 20:47:23,173 - basepage - INFO - 下载点击成功
2019-10-24 20:47:24,316 - basepage - INFO - 点击成功
2019-10-24 20:47:25,569 - basepage - INFO - 下载点击成功
2019-10-24 20:47:26,653 - basepage - INFO - 点击成功
2019-10-24 20:47:27,766 - basepage - INFO - 点击成功
2019-10-24 20:47:28,879 - basepage - INFO - 下载点击成功
2019-10-24 20:47:29,986 - basepage - INFO - 点击成功
2019-10-24 20:47:31,096 - basepage - INFO - 下载点击成功
2019-10-24 20:47:32,193 - basepage - INFO - 点击成功
2019-10-24 20:47:33,304 - basepage - INFO - 下载点击成功
2019-10-24 20:47:34,463 - basepage - INFO - 点击成功
2019-10-24 20:47:35,566 - basepage - INFO - 下载点击成功
2019-10-24 20:47:36,641 - basepage - INFO - 点击成功
2019-10-24 20:47:37,768 - basepage - INFO - 点击成功
2019-10-24 20:47:38,867 - basepage - INFO - 下载点击成功
2019-10-24 20:47:39,962 - basepage - INFO - 点击成功
2019-10-24 20:47:41,080 - basepage - INFO - 下载点击成功
2019-10-24 20:47:42,201 - basepage - INFO - 点击成功
2019-10-24 20:47:43,358 - basepage - INFO - 下载点击成功
2019-10-24 20:47:44,469 - basepage - INFO - 点击成功
2019-10-24 20:47:45,598 - basepage - INFO - 下载点击成功
2019-10-24 20:47:46,733 - basepage - INFO - 点击成功
2019-10-24 20:47:47,857 - basepage - INFO - 下载点击成功
2019-10-24 20:47:48,972 - basepage - INFO - 点击成功
2019-10-24 20:47:50,083 - basepage - INFO - 下载点击成功
2019-10-24 20:47:51,176 - basepage - INFO - 点击成功
2019-10-24 20:47:52,286 - basepage - INFO - 下载点击成功
2019-10-24 20:47:53,417 - basepage - INFO - 点击成功
2019-10-24 20:47:54,523 - basepage - INFO - 下载点击成功
2019-10-24 20:47:57,068 - basepage - INFO - 点击成功
2019-10-24 20:47:58,259 - basepage - INFO - 点击成功
2019-10-24 20:47:58,725 - basepage - INFO - 点击成功
2019-10-24 20:47:59,862 - basepage - INFO - 穿越火线点击成功
2019-10-24 20:48:00,035 - basepage - INFO - 点击成功
2019-10-24 20:48:01,164 - basepage - INFO - 穿越火线点击成功
2019-10-24 20:48:01,355 - basepage - INFO - 点击成功
2019-10-24 20:48:02,471 - basepage - INFO - 软件大小：7011M点击成功
2019-10-24 20:48:02,666 - basepage - INFO - 点击成功
2019-10-24 20:48:03,787 - basepage - INFO - 软件授权：官方版点击成功
2019-10-24 20:48:04,010 - basepage - INFO - 点击成功
2019-10-24 20:48:05,137 - basepage - INFO - 更新时间：2019/07/05点击成功
2019-10-24 20:48:05,337 - basepage - INFO - 点击成功
2019-10-24 20:48:06,440 - basepage - INFO - 软件语言：简体中文点击成功
2019-10-24 20:48:06,648 - basepage - INFO - 点击成功
2019-10-24 20:48:07,756 - basepage - INFO - 应用平台：全平台点击成功
2019-10-24 20:48:08,055 - basepage - INFO - 点击成功
2019-10-24 20:48:09,133 - basepage - INFO - 下载地址点击成功
2019-10-24 20:48:19,187 - basepage - INFO - Message: element not interactable
  (Session info: chrome=75.0.3770.142)
  (Driver info: chromedriver=74.0.3729.6 (255758eccf3d244491b8a1317aa76e1ce10d57e9-refs/branch-heads/3729@{#29}),platform=Windows NT 10.0.17763 x86_64)

2019-10-24 20:48:20,277 - basepage - INFO - 历史版本:点击成功
2019-10-24 20:48:30,370 - basepage - INFO - Message: element not interactable
  (Session info: chrome=75.0.3770.142)
  (Driver info: chromedriver=74.0.3729.6 (255758eccf3d244491b8a1317aa76e1ce10d57e9-refs/branch-heads/3729@{#29}),platform=Windows NT 10.0.17763 x86_64)

2019-10-24 20:48:31,498 - basepage - INFO - CF穿越火线点击成功
2019-10-24 20:48:31,766 - basepage - INFO - 点击成功
2019-10-24 20:48:32,897 - basepage - INFO - 2019-07-10点击成功
2019-10-24 20:48:33,096 - basepage - INFO - 点击成功
2019-10-24 20:48:34,207 - basepage - INFO - CF穿越火线4.9.8点击成功
2019-10-24 20:48:34,483 - basepage - INFO - 点击成功
2019-10-24 20:48:35,589 - basepage - INFO - 2018-12-07点击成功
2019-10-24 20:48:35,870 - basepage - INFO - 点击成功
2019-10-24 20:48:37,000 - basepage - INFO - 穿越火线点击成功
2019-10-24 20:48:37,334 - basepage - INFO - 点击成功
2019-10-24 20:48:38,573 - basepage - INFO - 2019-02-20点击成功
2019-10-24 20:48:38,815 - basepage - INFO - 点击成功
2019-10-24 20:48:39,958 - basepage - INFO - 穿越火线体验服点击成功
2019-10-24 20:48:40,459 - basepage - INFO - 点击成功
2019-10-24 20:48:41,592 - basepage - INFO - 2019-05-10点击成功
2019-10-24 20:48:42,121 - basepage - INFO - 点击成功
2019-10-24 20:48:43,257 - basepage - INFO - 穿越火线单机版点击成功
2019-10-24 20:48:43,458 - basepage - INFO - 点击成功
2019-10-24 20:48:44,592 - basepage - INFO - 2018-12-20点击成功
2019-10-24 20:48:44,840 - basepage - INFO - 点击成功
2019-10-24 20:48:45,936 - basepage - INFO - 穿越火线手游版点击成功
2019-10-24 20:48:46,141 - basepage - INFO - 点击成功
2019-10-24 20:48:47,264 - basepage - INFO - 2019-09-04点击成功
2019-10-24 20:48:47,525 - basepage - INFO - 点击成功
2019-10-24 20:48:48,622 - basepage - INFO - 点击成功
2019-10-24 20:48:48,817 - basepage - INFO - 点击成功
2019-10-24 20:48:49,958 - basepage - INFO - 产品介绍点击成功
2019-10-24 20:48:50,220 - basepage - INFO - 点击成功
2019-10-24 20:48:51,346 - basepage - INFO - 《穿越火线》下载官方网站，300万人同时在线，三亿鼠标的枪战梦想。《穿越火线》追求的不仅仅是开枪的爽快感，而是来自相互合作及默契带来的战略意义。它是一款以两大国际佣兵组织为背景，吸取了国内玩家所喜爱的各项枪战游戏内容后，所提供的一款第一人称射击游戏。点击成功
2019-10-24 20:48:51,947 - basepage - INFO - 点击成功
2019-10-24 20:48:53,090 - basepage - INFO - 点击成功
2019-10-24 20:48:53,330 - basepage - INFO - 点击成功
