2019-10-24 15:25:57,383 - basepage - INFO - 营销6#模板自动化测试开始
2019-10-24 15:25:59,243 - basepage - INFO - 隐性等待10秒
2019-10-24 15:25:59,879 - basepage - INFO - 跳转至http://www.daque.cn/soft/7766.html?tab=1381786
2019-10-24 15:26:00,998 - basepage - INFO - 窗口已经最大化
2019-10-24 15:26:04,536 - basepage - INFO - 点击成功
2019-10-24 15:26:04,965 - basepage - INFO - 点击成功
2019-10-24 15:26:06,063 - basepage - INFO - 下载点击成功
2019-10-24 15:26:07,160 - basepage - INFO - 点击成功
2019-10-24 15:26:08,244 - basepage - INFO - 下载点击成功
2019-10-24 15:26:09,321 - basepage - INFO - 点击成功
2019-10-24 15:26:10,405 - basepage - INFO - 下载点击成功
2019-10-24 15:26:11,494 - basepage - INFO - 点击成功
2019-10-24 15:26:12,595 - basepage - INFO - 下载点击成功
2019-10-24 15:26:13,651 - basepage - INFO - 点击成功
2019-10-24 15:26:14,734 - basepage - INFO - 点击成功
2019-10-24 15:26:15,814 - basepage - INFO - 下载点击成功
2019-10-24 15:26:16,904 - basepage - INFO - 点击成功
2019-10-24 15:26:17,988 - basepage - INFO - 下载点击成功
2019-10-24 15:26:19,071 - basepage - INFO - 点击成功
2019-10-24 15:26:20,153 - basepage - INFO - 下载点击成功
2019-10-24 15:26:21,235 - basepage - INFO - 点击成功
2019-10-24 15:26:22,315 - basepage - INFO - 下载点击成功
2019-10-24 15:26:23,370 - basepage - INFO - 点击成功
2019-10-24 15:26:24,453 - basepage - INFO - 点击成功
2019-10-24 15:26:25,535 - basepage - INFO - 下载点击成功
2019-10-24 15:26:26,622 - basepage - INFO - 点击成功
2019-10-24 15:26:27,699 - basepage - INFO - 下载点击成功
2019-10-24 15:26:28,780 - basepage - INFO - 点击成功
2019-10-24 15:26:29,863 - basepage - INFO - 下载点击成功
2019-10-24 15:26:30,947 - basepage - INFO - 点击成功
2019-10-24 15:26:32,029 - basepage - INFO - 下载点击成功
2019-10-24 15:26:33,114 - basepage - INFO - 点击成功
2019-10-24 15:26:34,193 - basepage - INFO - 下载点击成功
2019-10-24 15:26:35,274 - basepage - INFO - 点击成功
2019-10-24 15:26:36,365 - basepage - INFO - 下载点击成功
2019-10-24 15:26:37,447 - basepage - INFO - 点击成功
2019-10-24 15:26:38,529 - basepage - INFO - 下载点击成功
2019-10-24 15:26:39,611 - basepage - INFO - 点击成功
2019-10-24 15:26:40,716 - basepage - INFO - 下载点击成功
2019-10-24 15:26:41,772 - basepage - INFO - 点击成功
2019-10-24 15:26:42,851 - basepage - INFO - 绿色软件免费下载点击成功
2019-10-24 15:26:42,989 - basepage - INFO - 点击成功
2019-10-24 15:26:44,068 - basepage - INFO - 穿越火线点击成功
2019-10-24 15:26:44,234 - basepage - INFO - 点击成功
2019-10-24 15:26:45,318 - basepage - INFO - 软件大小：256.91M点击成功
2019-10-24 15:26:45,459 - basepage - INFO - 点击成功
2019-10-24 15:26:46,536 - basepage - INFO - 软件授权：免费软件点击成功
2019-10-24 15:26:46,679 - basepage - INFO - 点击成功
2019-10-24 15:26:47,756 - basepage - INFO - 支持系统：xp/win7/win8/win10点击成功
2019-10-24 15:26:47,906 - basepage - INFO - 点击成功
2019-10-24 15:26:48,982 - basepage - INFO - 软件版本：官方最新版点击成功
2019-10-24 15:26:49,135 - basepage - INFO - 点击成功
2019-10-24 15:26:50,216 - basepage - INFO - 系统位数：32/64位点击成功
2019-10-24 15:26:50,361 - basepage - INFO - 点击成功
2019-10-24 15:26:51,455 - basepage - INFO - 点击成功
2019-10-24 15:26:51,588 - basepage - INFO - 点击成功
2019-10-24 15:26:52,670 - basepage - INFO - 软件介绍点击成功
2019-10-24 15:26:52,827 - basepage - INFO - 点击成功
2019-10-24 15:26:53,915 - basepage - INFO - 《穿越火线》下载官方网站，300万人同时在线，三亿鼠标的枪战梦想。《穿越火线》追求的不仅仅是开枪的爽快感，而是来自相互合作及默契带来的战略意义。它是一款以两大国际佣兵组织为背景，吸取了国内玩家所喜爱的各项枪战游戏内容后，所提供的一款第一人称射击游戏。点击成功
2019-10-24 15:26:54,056 - basepage - INFO - 点击成功
2019-10-24 15:26:55,148 - basepage - INFO - 点击成功
2019-10-24 15:26:55,290 - basepage - INFO - 点击成功
2019-10-24 15:26:56,370 - basepage - INFO - 点击成功
2019-10-24 15:26:56,533 - basepage - INFO - 点击成功
