2019-10-24 16:07:02,272 - basepage - INFO - 营销6#模板自动化测试开始
2019-10-24 16:07:04,346 - basepage - INFO - 隐性等待10秒
2019-10-24 16:07:05,236 - basepage - INFO - 跳转至http://www.daque.cn/soft/7766.html?tab=1382189
2019-10-24 16:07:06,352 - basepage - INFO - 窗口已经最大化
2019-10-24 16:07:09,937 - basepage - INFO - 点击成功
2019-10-24 16:07:10,367 - basepage - INFO - 点击成功
2019-10-24 16:07:11,460 - basepage - INFO - 下载点击成功
2019-10-24 16:07:12,560 - basepage - INFO - 点击成功
2019-10-24 16:07:13,659 - basepage - INFO - 下载点击成功
2019-10-24 16:07:14,759 - basepage - INFO - 点击成功
2019-10-24 16:07:15,864 - basepage - INFO - 下载点击成功
2019-10-24 16:07:16,957 - basepage - INFO - 点击成功
2019-10-24 16:07:18,030 - basepage - INFO - 下载点击成功
2019-10-24 16:07:19,087 - basepage - INFO - 点击成功
2019-10-24 16:07:20,175 - basepage - INFO - 点击成功
2019-10-24 16:07:21,254 - basepage - INFO - 下载点击成功
2019-10-24 16:07:22,363 - basepage - INFO - 点击成功
2019-10-24 16:07:23,438 - basepage - INFO - 下载点击成功
2019-10-24 16:07:24,526 - basepage - INFO - 点击成功
2019-10-24 16:07:25,613 - basepage - INFO - 下载点击成功
2019-10-24 16:07:26,731 - basepage - INFO - 点击成功
2019-10-24 16:07:27,810 - basepage - INFO - 下载点击成功
2019-10-24 16:07:28,850 - basepage - INFO - 点击成功
2019-10-24 16:07:29,945 - basepage - INFO - 点击成功
2019-10-24 16:07:31,028 - basepage - INFO - 下载点击成功
2019-10-24 16:07:32,111 - basepage - INFO - 点击成功
2019-10-24 16:07:33,191 - basepage - INFO - 下载点击成功
2019-10-24 16:07:34,302 - basepage - INFO - 点击成功
2019-10-24 16:07:35,382 - basepage - INFO - 下载点击成功
2019-10-24 16:07:36,455 - basepage - INFO - 点击成功
2019-10-24 16:07:37,551 - basepage - INFO - 下载点击成功
2019-10-24 16:07:38,631 - basepage - INFO - 点击成功
2019-10-24 16:07:39,719 - basepage - INFO - 下载点击成功
2019-10-24 16:07:40,801 - basepage - INFO - 点击成功
2019-10-24 16:07:41,880 - basepage - INFO - 下载点击成功
2019-10-24 16:07:42,978 - basepage - INFO - 点击成功
2019-10-24 16:07:44,060 - basepage - INFO - 下载点击成功
2019-10-24 16:07:45,136 - basepage - INFO - 点击成功
2019-10-24 16:07:46,213 - basepage - INFO - 下载点击成功
2019-10-24 16:07:47,267 - basepage - INFO - 点击成功
2019-10-24 16:07:48,352 - basepage - INFO - 点击成功
2019-10-24 16:07:48,508 - basepage - INFO - 点击成功
2019-10-24 16:07:49,591 - basepage - INFO - 穿越火线点击成功
2019-10-24 16:07:49,752 - basepage - INFO - 点击成功
2019-10-24 16:07:50,839 - basepage - INFO - 穿越火线点击成功
2019-10-24 16:07:50,982 - basepage - INFO - 点击成功
2019-10-24 16:07:52,069 - basepage - INFO - 软件大小：7011M点击成功
2019-10-24 16:07:52,215 - basepage - INFO - 点击成功
2019-10-24 16:07:53,308 - basepage - INFO - 软件授权：官方版点击成功
2019-10-24 16:07:53,452 - basepage - INFO - 点击成功
2019-10-24 16:07:54,538 - basepage - INFO - 更新时间：2019/07/05点击成功
2019-10-24 16:07:54,699 - basepage - INFO - 点击成功
2019-10-24 16:07:55,774 - basepage - INFO - 软件语言：简体中文点击成功
2019-10-24 16:07:55,934 - basepage - INFO - 点击成功
2019-10-24 16:07:57,011 - basepage - INFO - 应用平台：全平台点击成功
2019-10-24 16:07:57,200 - basepage - INFO - 点击成功
2019-10-24 16:07:58,266 - basepage - INFO - 下载地址点击成功
2019-10-24 16:08:08,298 - basepage - INFO - Message: element not interactable
  (Session info: chrome=75.0.3770.142)
  (Driver info: chromedriver=74.0.3729.6 (255758eccf3d244491b8a1317aa76e1ce10d57e9-refs/branch-heads/3729@{#29}),platform=Windows NT 10.0.17763 x86_64)

2019-10-24 16:08:09,354 - basepage - INFO - 历史版本:点击成功
2019-10-24 16:08:19,386 - basepage - INFO - Message: element not interactable
  (Session info: chrome=75.0.3770.142)
  (Driver info: chromedriver=74.0.3729.6 (255758eccf3d244491b8a1317aa76e1ce10d57e9-refs/branch-heads/3729@{#29}),platform=Windows NT 10.0.17763 x86_64)

2019-10-24 16:08:20,468 - basepage - INFO - CF穿越火线点击成功
2019-10-24 16:08:20,757 - basepage - INFO - 点击成功
2019-10-24 16:08:21,848 - basepage - INFO - 2019-07-10点击成功
2019-10-24 16:08:21,996 - basepage - INFO - 点击成功
2019-10-24 16:08:23,074 - basepage - INFO - CF穿越火线4.9.8点击成功
2019-10-24 16:08:23,230 - basepage - INFO - 点击成功
2019-10-24 16:08:24,313 - basepage - INFO - 2018-12-07点击成功
2019-10-24 16:08:24,598 - basepage - INFO - 点击成功
2019-10-24 16:08:25,674 - basepage - INFO - 穿越火线点击成功
2019-10-24 16:08:25,825 - basepage - INFO - 点击成功
2019-10-24 16:08:26,913 - basepage - INFO - 2019-02-20点击成功
2019-10-24 16:08:27,075 - basepage - INFO - 点击成功
2019-10-24 16:08:28,169 - basepage - INFO - 穿越火线体验服点击成功
2019-10-24 16:08:28,333 - basepage - INFO - 点击成功
2019-10-24 16:08:29,416 - basepage - INFO - 2019-05-10点击成功
2019-10-24 16:08:29,581 - basepage - INFO - 点击成功
2019-10-24 16:08:30,669 - basepage - INFO - 穿越火线单机版点击成功
2019-10-24 16:08:30,818 - basepage - INFO - 点击成功
2019-10-24 16:08:31,905 - basepage - INFO - 2018-12-20点击成功
2019-10-24 16:08:32,064 - basepage - INFO - 点击成功
2019-10-24 16:08:33,146 - basepage - INFO - 穿越火线手游版点击成功
2019-10-24 16:08:33,300 - basepage - INFO - 点击成功
2019-10-24 16:08:34,387 - basepage - INFO - 2019-09-04点击成功
2019-10-24 16:08:34,545 - basepage - INFO - 点击成功
2019-10-24 16:08:35,623 - basepage - INFO - 点击成功
2019-10-24 16:08:35,840 - basepage - INFO - 点击成功
2019-10-24 16:08:36,924 - basepage - INFO - 产品介绍点击成功
2019-10-24 16:08:37,089 - basepage - INFO - 点击成功
2019-10-24 16:08:38,172 - basepage - INFO - 《穿越火线》下载官方网站，300万人同时在线，三亿鼠标的枪战梦想。《穿越火线》追求的不仅仅是开枪的爽快感，而是来自相互合作及默契带来的战略意义。它是一款以两大国际佣兵组织为背景，吸取了国内玩家所喜爱的各项枪战游戏内容后，所提供的一款第一人称射击游戏。点击成功
2019-10-24 16:08:38,365 - basepage - INFO - 点击成功
2019-10-24 16:08:39,454 - basepage - INFO - 点击成功
2019-10-24 16:08:39,720 - basepage - INFO - 点击成功
